[Licensing::Module] Trying to connect to existing licensing client channel...
Built from '6000.3/staging' branch; Version is '6000.3.7f1 (696ec25a53d1) revision 6909634'; Using compiler version '194234433'; Build Type 'Release'
OS: 'Windows 11  (10.0.26200) CoreSingleLanguage' Language: 'es' Physical Memory: 7817 MB
BatchMode: 1, IsHumanControllingUs: 0, StartBugReporterOnCrash: 0, Is64bit: 1
System  architecture: x64
Process architecture: x64
Date: 2026-03-08T20:52:52Z
[Licensing::IpcConnector] Successfully connected to: "LicenseClient-emman" at "2026-03-08T20:52:52.7902642Z"

COMMAND LINE ARGUMENTS:
C:\Program Files\Unity\Hub\Editor\6000.3.7f1\Editor\Unity.exe
-adb2
-batchMode
-noUpm
-name
AssetImportWorker3
-projectPath
C:/Users/emman/Desktop/Proyecto  spiderman/SpiderMan
-logFile
Logs/AssetImportWorker3.log
-srvPort
63048
-licensingIpc
LicenseClient-emman
-job-worker-count
5
-background-job-worker-count
8
-gc-helper-count
1
-name
AssetImport
Successfully changed project path to: C:/Users/emman/Desktop/Proyecto  spiderman/SpiderMan
C:/Users/emman/Desktop/Proyecto  spiderman/SpiderMan
[UnityMemory] Configuration Parameters - Can be set up in boot.config
    "memorysetup-temp-allocator-size-nav-mesh-worker=65536"
    "memorysetup-temp-allocator-size-audio-worker=65536"
    "memorysetup-temp-allocator-size-gfx=262144"
    "memorysetup-allocator-temp-initial-block-size-main=262144"
    "memorysetup-allocator-temp-initial-block-size-worker=262144"
    "memorysetup-temp-allocator-size-background-worker=32768"
    "memorysetup-temp-allocator-size-job-worker=262144"
    "memorysetup-temp-allocator-size-preload-manager=33554432"
    "memorysetup-temp-allocator-size-gi-baking-worker=262144"
    "memorysetup-temp-allocator-size-gi-baking-worker=262144"
    "memorysetup-temp-allocator-size-gi-baking-worker=262144"
    "memorysetup-temp-allocator-size-gi-baking-worker=262144"
    "memorysetup-temp-allocator-size-gi-baking-worker=262144"
    "memorysetup-bucket-allocator-granularity=16"
    "memorysetup-bucket-allocator-bucket-count=8"
    "memorysetup-bucket-allocator-block-size=33554432"
    "memorysetup-bucket-allocator-block-count=8"
    "memorysetup-main-allocator-block-size=16777216"
    "memorysetup-thread-allocator-block-size=16777216"
    "memorysetup-gfx-main-allocator-block-size=16777216"
    "memorysetup-gfx-thread-allocator-block-size=16777216"
    "memorysetup-cache-allocator-block-size=4194304"
    "memorysetup-typetree-allocator-block-size=2097152"
    "memorysetup-profiler-bucket-allocator-granularity=16"
    "memorysetup-profiler-bucket-allocator-bucket-count=8"
    "memorysetup-profiler-bucket-allocator-block-size=33554432"
    "memorysetup-profiler-bucket-allocator-block-count=8"
    "memorysetup-profiler-allocator-block-size=16777216"
    "memorysetup-profiler-editor-allocator-block-size=1048576"
    "memorysetup-temp-allocator-size-main=16777216"
    "memorysetup-job-temp-allocator-block-size=2097152"
    "memorysetup-job-temp-allocator-block-size-background=1048576"
    "memorysetup-job-temp-allocator-reduction-small-platforms=262144"
    "memorysetup-temp-allocator-size-cloud-worker=32768"
Player connection [16824]  Target information:

Player connection [16824]  * "[IP] 192.168.56.1 [Port] 0 [Flags] 2 [Guid] 3573172505 [EditorId] 3573172505 [Version] 1048832 [Id] WindowsEditor(7,Emmanuel) [Debug] 1 [PackageName] WindowsEditor [ProjectName] Editor" 

Player connection [16824]  * "[IP] 192.168.1.73 [Port] 0 [Flags] 2 [Guid] 3573172505 [EditorId] 3573172505 [Version] 1048832 [Id] WindowsEditor(7,Emmanuel) [Debug] 1 [PackageName] WindowsEditor [ProjectName] Editor" 

Player connection [16824] Host joined multi-casting on [225.0.0.222:54997]...
Player connection [16824] Host joined alternative multi-casting on [225.0.0.222:34997]...
JobSystem: Creating JobQueue using job-worker-count value 5
Input System module state changed to: Initialized.
[Physics::Module] Initialized fallback backend.
[Physics::Module] Id: 0xdecafbad
Library Redirect Path: Library/
[Physics::Module] Selected backend.
[Physics::Module] Name: PhysX
[Physics::Module] Id: 0xf2b8ea05
[Physics::Module] SDK Version: 4.1.2
[Physics::Module] Integration Version: 1.0.0
[Physics::Module] Threading Mode: Multi-Threaded
Refreshing native plugins compatible for Editor in 92.39 ms, found 3 plugins.
Preloading 0 native plugins for Editor in 0.00 ms.
Initialize engine version: 6000.3.7f1 (696ec25a53d1)
[Subsystems] Discovering subsystems at path C:/Program Files/Unity/Hub/Editor/6000.3.7f1/Editor/Data/Resources/UnitySubsystems
[Subsystems] Discovering subsystems at path C:/Users/emman/Desktop/Proyecto  spiderman/SpiderMan/Assets
GfxDevice: creating device client; kGfxThreadingModeNonThreaded
Direct3D:
    Version:  Direct3D 11.0 [level 11.1]
    Renderer: Intel(R) UHD Graphics (ID=0xa7a8)
    Vendor:   Intel
    VRAM:     3908 MB
    Driver:   32.0.101.6737
Initialize mono
Mono path[0] = 'C:/Program Files/Unity/Hub/Editor/6000.3.7f1/Editor/Data/Managed'
Mono path[1] = 'C:/Program Files/Unity/Hub/Editor/6000.3.7f1/Editor/Data/MonoBleedingEdge/lib/mono/unityjit-win32'
Mono config path = 'C:/Program Files/Unity/Hub/Editor/6000.3.7f1/Editor/Data/MonoBleedingEdge/etc'
Using monoOptions --debugger-agent=transport=dt_socket,embedding=1,server=y,suspend=n,address=127.0.0.1:56932
Begin MonoManager ReloadAssembly
Registering precompiled unity dll's ...
Register platform support module: C:/Program Files/Unity/Hub/Editor/6000.3.7f1/Editor/Data/PlaybackEngines/WebGLSupport/UnityEditor.WebGL.Extensions.dll
Register platform support module: C:/Program Files/Unity/Hub/Editor/6000.3.7f1/Editor/Data/PlaybackEngines/WindowsStandaloneSupport/UnityEditor.WindowsStandalone.Extensions.dll
Registered in 0.099883 seconds.
[Licensing::Client] Handshaking with LicensingClient:
  Version:                 1.17.4+4293ba1
  Session Id:              13b95fafbcb94b6782d7334c9fcc3415
  Correlation Id:          fdd3f9d09113ec21e191d963fac01905
  External correlation Id: 2815415540451473844
  Machine Id:              hfF322bHII5vPWw5Tn5pXe0Ys6w=
[Licensing::Module] Successfully connected to LicensingClient on channel: "LicenseClient-emman" (connect: 0.00s, validation: 0.03s, handshake: 6.52s)
[Licensing::IpcConnector] Successfully connected to: "LicenseClient-emman-notifications" at "2026-03-08T20:52:59.339578Z"
[Licensing::Module] Licensing Background thread has ended after 6.55s
- Loaded All Assemblies, in  3.656 seconds
Native extension for WindowsStandalone target not found
Native extension for WebGL target not found
ScheduleIndexationOnStartup MainProcess:False IndexOnStartup:True
Mono: successfully reloaded assembly
- Finished resetting the current domain, in  3.645 seconds
Domain Reload Profiling: 7280ms
	BeginReloadAssembly (1399ms)
		ExecutionOrderSort (0ms)
		DisableScriptedObjects (0ms)
		BackupInstance (0ms)
		ReleaseScriptingObjects (0ms)
		CreateAndSetChildDomain (17ms)
	RebuildCommonClasses (396ms)
	RebuildNativeTypeToScriptingClass (57ms)
	initialDomainReloadingComplete (700ms)
	LoadAllAssembliesAndSetupDomain (1082ms)
		LoadAssemblies (1376ms)
		RebuildTransferFunctionScriptingTraits (0ms)
		AnalyzeDomain (1021ms)
			TypeCache.Refresh (1010ms)
				TypeCache.ScanAssembly (907ms)
			BuildScriptInfoCaches (1ms)
			ResolveRequiredComponents (4ms)
	FinalizeReload (3647ms)
		ReleaseScriptCaches (0ms)
		RebuildScriptCaches (0ms)
		SetupLoadedEditorAssemblies (3303ms)
			LogAssemblyErrors (0ms)
			InitializePlatformSupportModulesInManaged (264ms)
			SetLoadedEditorAssemblies (18ms)
			BeforeProcessingInitializeOnLoad (445ms)
			ProcessInitializeOnLoadAttributes (1715ms)
			ProcessInitializeOnLoadMethodAttributes (859ms)
			AfterProcessingInitializeOnLoad (0ms)
			EditorAssembliesLoaded (2ms)
		ExecutionOrderSort2 (0ms)
		AwakeInstancesAfterBackupRestoration (0ms)
========================================================================
Worker process is ready to serve import requests
Import Worker Mode flag is 0x00
Begin MonoManager ReloadAssembly
[Licensing::Client] Successfully resolved entitlement details
[Licensing::Module] License group:
  Id: 4674145662004-UnityPersXXXX
  Product: Unity Personal
  Type: Assigned
  Expiration: Unlimited
- Loaded All Assemblies, in  4.851 seconds
Refreshing native plugins compatible for Editor in 11.25 ms, found 3 plugins.
Native extension for WindowsStandalone target not found
Native extension for WebGL target not found
Package Manager log level set to [2]
[Package Manager] Failed to launch server process. Reason: Unity was launched with the -noUpm command-line argument
[Package Manager] Unable to send message (not connected to server process).
[Package Manager] Cannot connect to Unity Package Manager local server
ScheduleIndexationOnStartup MainProcess:False IndexOnStartup:True
Mono: successfully reloaded assembly
- Finished resetting the current domain, in  3.940 seconds
Domain Reload Profiling: 8705ms
	BeginReloadAssembly (1090ms)
		ExecutionOrderSort (0ms)
		DisableScriptedObjects (87ms)
		BackupInstance (0ms)
		ReleaseScriptingObjects (1ms)
		CreateAndSetChildDomain (191ms)
	RebuildCommonClasses (177ms)
	RebuildNativeTypeToScriptingClass (33ms)
	initialDomainReloadingComplete (205ms)
	LoadAllAssembliesAndSetupDomain (3256ms)
		LoadAssemblies (2369ms)
		RebuildTransferFunctionScriptingTraits (0ms)
		AnalyzeDomain (1407ms)
			TypeCache.Refresh (799ms)
				TypeCache.ScanAssembly (728ms)
			BuildScriptInfoCaches (514ms)
			ResolveRequiredComponents (69ms)
	FinalizeReload (3943ms)
		ReleaseScriptCaches (0ms)
		RebuildScriptCaches (0ms)
		SetupLoadedEditorAssemblies (2495ms)
			LogAssemblyErrors (0ms)
			InitializePlatformSupportModulesInManaged (15ms)
			SetLoadedEditorAssemblies (19ms)
			BeforeProcessingInitializeOnLoad (448ms)
			ProcessInitializeOnLoadAttributes (1734ms)
			ProcessInitializeOnLoadMethodAttributes (256ms)
			AfterProcessingInitializeOnLoad (22ms)
			EditorAssembliesLoaded (1ms)
		ExecutionOrderSort2 (0ms)
		AwakeInstancesAfterBackupRestoration (28ms)
Launched and connected shader compiler UnityShaderCompiler.exe after 0.10 seconds
Refreshing native plugins compatible for Editor in 5.05 ms, found 3 plugins.
Preloading 0 native plugins for Editor in 0.00 ms.
Unloading 16 Unused Serialized files (Serialized files now loaded: 0)
Unloading 6227 unused Assets / (3.9 MB). Loaded Objects now: 7026.
Memory consumption went from 146.2 MB to 142.3 MB.
Total: 45.780200 ms (FindLiveObjects: 5.648800 ms CreateObjectMapping: 2.628600 ms MarkObjects: 26.756500 ms  DeleteObjects: 10.737100 ms)

========================================================================
Received Import Request.
  Time since last request: 73037.942897 seconds.
  path: Assets/Low_Poly_Sci-fi_City/Buildings_Pack/Textures_Materials_Models/Models/xScreenH1001.fbx
  artifactKey: Guid(1be6dc1516348054283120e0a901b423) Importer(815301076,1909f56bfc062723c751e8b465ee728b)
Start importing Assets/Low_Poly_Sci-fi_City/Buildings_Pack/Textures_Materials_Models/Models/xScreenH1001.fbx using Guid(1be6dc1516348054283120e0a901b423) Importer(815301076,1909f56bfc062723c751e8b465ee728b) (PreviewImporter) -> (artifact id: '0ed63c8787f948802acb5b29060b311e') in 3.0157091 seconds
Number of updated asset objects reloaded before import = 0Number of asset objects unloaded after import = 7

========================================================================
Received Import Request.
  Time since last request: 67.586812 seconds.
  path: Assets/Low_Poly_Sci-fi_City/Buildings_Pack/Prefabs/Buildings/PalmGreenBlackBuilding_2.prefab
  artifactKey: Guid(f85526ce7aff9844f97095a83c29a921) Importer(815301076,1909f56bfc062723c751e8b465ee728b)
Start importing Assets/Low_Poly_Sci-fi_City/Buildings_Pack/Prefabs/Buildings/PalmGreenBlackBuilding_2.prefab using Guid(f85526ce7aff9844f97095a83c29a921) Importer(815301076,1909f56bfc062723c751e8b465ee728b) (PreviewImporter) -> (artifact id: '0720f3382fb70fa711ef091bf5b5ffa4') in 2.2606574 seconds
Number of updated asset objects reloaded before import = 0Number of asset objects unloaded after import = 81

========================================================================
Received Import Request.
  Time since last request: 0.001491 seconds.
  path: Assets/Low_Poly_Sci-fi_City/Buildings_Pack/Prefabs/Buildings/PalmPurpleGrayBuilding_3.prefab
  artifactKey: Guid(d0d046ddc6ebc3248bb44f989a46d133) Importer(815301076,1909f56bfc062723c751e8b465ee728b)
Start importing Assets/Low_Poly_Sci-fi_City/Buildings_Pack/Prefabs/Buildings/PalmPurpleGrayBuilding_3.prefab using Guid(d0d046ddc6ebc3248bb44f989a46d133) Importer(815301076,1909f56bfc062723c751e8b465ee728b) (PreviewImporter) -> (artifact id: 'a347a0b5d32b09ba3cf2bcd043556570') in 0.6596382 seconds
Number of updated asset objects reloaded before import = 0Number of asset objects unloaded after import = 78

========================================================================
Received Import Request.
  Time since last request: 0.000175 seconds.
  path: Assets/Low_Poly_Sci-fi_City/Buildings_Pack/Prefabs/Buildings/SysPinkYellowBuilding_3.prefab
  artifactKey: Guid(95ac348d03320c94696ba78f6a9be229) Importer(815301076,1909f56bfc062723c751e8b465ee728b)
Start importing Assets/Low_Poly_Sci-fi_City/Buildings_Pack/Prefabs/Buildings/SysPinkYellowBuilding_3.prefab using Guid(95ac348d03320c94696ba78f6a9be229) Importer(815301076,1909f56bfc062723c751e8b465ee728b) (PreviewImporter) -> (artifact id: 'e848e43206d67345cde6d7f34545091e') in 0.6238584 seconds
Number of updated asset objects reloaded before import = 0Number of asset objects unloaded after import = 93

========================================================================
Received Import Request.
  Time since last request: 0.000106 seconds.
  path: Assets/Low_Poly_Sci-fi_City/Buildings_Pack/Prefabs/Buildings/SpaceBuildGrayBuilding.prefab
  artifactKey: Guid(f4ac103dc1659994aa49bff681cc6335) Importer(815301076,1909f56bfc062723c751e8b465ee728b)
Start importing Assets/Low_Poly_Sci-fi_City/Buildings_Pack/Prefabs/Buildings/SpaceBuildGrayBuilding.prefab using Guid(f4ac103dc1659994aa49bff681cc6335) Importer(815301076,1909f56bfc062723c751e8b465ee728b) (PreviewImporter) -> (artifact id: '2c59894bb889407a1cec96bb642694e8') in 3.015528 seconds
Number of updated asset objects reloaded before import = 0Number of asset objects unloaded after import = 704

========================================================================
Received Import Request.
  Time since last request: 0.000283 seconds.
  path: Assets/Low_Poly_Sci-fi_City/Buildings_Pack/Prefabs/Buildings/SysPinkYellowBuilding_4.prefab
  artifactKey: Guid(5ecc63f46b0b55842b29358aaed41406) Importer(815301076,1909f56bfc062723c751e8b465ee728b)
Start importing Assets/Low_Poly_Sci-fi_City/Buildings_Pack/Prefabs/Buildings/SysPinkYellowBuilding_4.prefab using Guid(5ecc63f46b0b55842b29358aaed41406) Importer(815301076,1909f56bfc062723c751e8b465ee728b) (PreviewImporter) -> (artifact id: 'e2264d3ce7a1a4e4298dc3131e8d6852') in 0.6204622 seconds
Number of updated asset objects reloaded before import = 0Number of asset objects unloaded after import = 105

========================================================================
Received Import Request.
  Time since last request: 0.000466 seconds.
  path: Assets/Low_Poly_Sci-fi_City/Buildings_Pack/Prefabs/Buildings/StudioRedBuilding_2.prefab
  artifactKey: Guid(80dfe2359d26b97439398ec72c2e4cdd) Importer(815301076,1909f56bfc062723c751e8b465ee728b)
Start importing Assets/Low_Poly_Sci-fi_City/Buildings_Pack/Prefabs/Buildings/StudioRedBuilding_2.prefab using Guid(80dfe2359d26b97439398ec72c2e4cdd) Importer(815301076,1909f56bfc062723c751e8b465ee728b) (PreviewImporter) -> (artifact id: 'b7a8a411d47e2a17308ec5f742c9a381') in 0.6486287 seconds
Number of updated asset objects reloaded before import = 0Number of asset objects unloaded after import = 583

========================================================================
Received Import Request.
  Time since last request: 0.000269 seconds.
  path: Assets/Low_Poly_Sci-fi_City/Buildings_Pack/Prefabs/Buildings/StudioYellowBuilding_1.prefab
  artifactKey: Guid(ca0490879b26a7d4ebfb3011340947aa) Importer(815301076,1909f56bfc062723c751e8b465ee728b)
Start importing Assets/Low_Poly_Sci-fi_City/Buildings_Pack/Prefabs/Buildings/StudioYellowBuilding_1.prefab using Guid(ca0490879b26a7d4ebfb3011340947aa) Importer(815301076,1909f56bfc062723c751e8b465ee728b) (PreviewImporter) -> (artifact id: '7860d106ab6c53effaf81809097acfe1') in 1.0415739 seconds
Number of updated asset objects reloaded before import = 0Number of asset objects unloaded after import = 572

========================================================================
Received Import Request.
  Time since last request: 0.000146 seconds.
  path: Assets/Low_Poly_Sci-fi_City/Buildings_Pack/Prefabs/Buildings/PalmRedBlueBuilding_3.prefab
  artifactKey: Guid(3c86b18488b67c7479350a07e1442ed4) Importer(815301076,1909f56bfc062723c751e8b465ee728b)
Start importing Assets/Low_Poly_Sci-fi_City/Buildings_Pack/Prefabs/Buildings/PalmRedBlueBuilding_3.prefab using Guid(3c86b18488b67c7479350a07e1442ed4) Importer(815301076,1909f56bfc062723c751e8b465ee728b) (PreviewImporter) -> (artifact id: '7bf4243bfda6cb74505b5b09a4999e9e') in 0.9775514 seconds
Number of updated asset objects reloaded before import = 0Number of asset objects unloaded after import = 81

========================================================================
Received Import Request.
  Time since last request: 0.000225 seconds.
  path: Assets/Low_Poly_Sci-fi_City/Buildings_Pack/Prefabs/Buildings/StudioYellowBuilding_2.prefab
  artifactKey: Guid(6724667c1dfc1054a9a87c2586c7b441) Importer(815301076,1909f56bfc062723c751e8b465ee728b)
Start importing Assets/Low_Poly_Sci-fi_City/Buildings_Pack/Prefabs/Buildings/StudioYellowBuilding_2.prefab using Guid(6724667c1dfc1054a9a87c2586c7b441) Importer(815301076,1909f56bfc062723c751e8b465ee728b) (PreviewImporter) -> (artifact id: '623f1ae94bb8809c6e58c7b75cef0ba8') in 0.5556872 seconds
Number of updated asset objects reloaded before import = 0Number of asset objects unloaded after import = 578

========================================================================
Received Import Request.
  Time since last request: 0.000187 seconds.
  path: Assets/Low_Poly_Sci-fi_City/Buildings_Pack/Prefabs/Buildings/PalmRedBlueBuilding_1.prefab
  artifactKey: Guid(2ac033ebae5ed844fa0337e89aadb717) Importer(815301076,1909f56bfc062723c751e8b465ee728b)
Start importing Assets/Low_Poly_Sci-fi_City/Buildings_Pack/Prefabs/Buildings/PalmRedBlueBuilding_1.prefab using Guid(2ac033ebae5ed844fa0337e89aadb717) Importer(815301076,1909f56bfc062723c751e8b465ee728b) (PreviewImporter) -> (artifact id: '3678ec1ec043b7f04a128f2c6d7f6435') in 0.6695504 seconds
Number of updated asset objects reloaded before import = 0Number of asset objects unloaded after import = 78

========================================================================
Received Import Request.
  Time since last request: 0.000330 seconds.
  path: Assets/Low_Poly_Sci-fi_City/Buildings_Pack/Prefabs/Buildings/StudioBrownBuilding_2.prefab
  artifactKey: Guid(093db00de19553d4eab034d04fa2dc46) Importer(815301076,1909f56bfc062723c751e8b465ee728b)
Start importing Assets/Low_Poly_Sci-fi_City/Buildings_Pack/Prefabs/Buildings/StudioBrownBuilding_2.prefab using Guid(093db00de19553d4eab034d04fa2dc46) Importer(815301076,1909f56bfc062723c751e8b465ee728b) (PreviewImporter) -> (artifact id: '87c9fc768e9e12449ff980b2cc0e3a6f') in 0.6026997 seconds
Number of updated asset objects reloaded before import = 0Number of asset objects unloaded after import = 580

========================================================================
Received Import Request.
  Time since last request: 0.000165 seconds.
  path: Assets/Low_Poly_Sci-fi_City/Buildings_Pack/Prefabs/Buildings/PalmPurpleGreenBuilding_2.prefab
  artifactKey: Guid(a5dd9b081fad63b46a07338b43a86e85) Importer(815301076,1909f56bfc062723c751e8b465ee728b)
Start importing Assets/Low_Poly_Sci-fi_City/Buildings_Pack/Prefabs/Buildings/PalmPurpleGreenBuilding_2.prefab using Guid(a5dd9b081fad63b46a07338b43a86e85) Importer(815301076,1909f56bfc062723c751e8b465ee728b) (PreviewImporter) -> (artifact id: '5b9fdcad284e3307975849a4b31f32b5') in 0.3982107 seconds
Number of updated asset objects reloaded before import = 0Number of asset objects unloaded after import = 84

========================================================================
Received Import Request.
  Time since last request: 0.000285 seconds.
  path: Assets/Low_Poly_Sci-fi_City/Buildings_Pack/Prefabs/Buildings/SysPurpleGrayBuilding_4.prefab
  artifactKey: Guid(b1b9add790b2d6849b17ad053dc9070f) Importer(815301076,1909f56bfc062723c751e8b465ee728b)
Start importing Assets/Low_Poly_Sci-fi_City/Buildings_Pack/Prefabs/Buildings/SysPurpleGrayBuilding_4.prefab using Guid(b1b9add790b2d6849b17ad053dc9070f) Importer(815301076,1909f56bfc062723c751e8b465ee728b) (PreviewImporter) -> (artifact id: '33800e4f57966548019972146288cb44') in 0.5772555 seconds
Number of updated asset objects reloaded before import = 0Number of asset objects unloaded after import = 105

========================================================================
Received Import Request.
  Time since last request: 0.000382 seconds.
  path: Assets/Low_Poly_Sci-fi_City/Buildings_Pack/Prefabs/Buildings/SysBlackOrangeBuilding_3.prefab
  artifactKey: Guid(37f9deb79d98fb841ab0de9db452ecc7) Importer(815301076,1909f56bfc062723c751e8b465ee728b)
Start importing Assets/Low_Poly_Sci-fi_City/Buildings_Pack/Prefabs/Buildings/SysBlackOrangeBuilding_3.prefab using Guid(37f9deb79d98fb841ab0de9db452ecc7) Importer(815301076,1909f56bfc062723c751e8b465ee728b) (PreviewImporter) -> (artifact id: '02dd56760c47e812073bfb9e1b142f1d') in 0.5688366 seconds
Number of updated asset objects reloaded before import = 0Number of asset objects unloaded after import = 93

========================================================================
Received Import Request.
  Time since last request: 0.000421 seconds.
  path: Assets/Low_Poly_Sci-fi_City/Buildings_Pack/Prefabs/Buildings/PalmGreenBlackBuilding_4.prefab
  artifactKey: Guid(d704c1eba52b4284fb7ed663f9400707) Importer(815301076,1909f56bfc062723c751e8b465ee728b)
Start importing Assets/Low_Poly_Sci-fi_City/Buildings_Pack/Prefabs/Buildings/PalmGreenBlackBuilding_4.prefab using Guid(d704c1eba52b4284fb7ed663f9400707) Importer(815301076,1909f56bfc062723c751e8b465ee728b) (PreviewImporter) -> (artifact id: '8e3d014a72ee84460312efa7cbd37004') in 0.6469254 seconds
Number of updated asset objects reloaded before import = 0Number of asset objects unloaded after import = 99

========================================================================
Received Import Request.
  Time since last request: 0.000209 seconds.
  path: Assets/Low_Poly_Sci-fi_City/Buildings_Pack/Prefabs/Buildings/StudioGrenBuilding_1.prefab
  artifactKey: Guid(817d29c8d6116f6478a8beb6d2a9c5dd) Importer(815301076,1909f56bfc062723c751e8b465ee728b)
Start importing Assets/Low_Poly_Sci-fi_City/Buildings_Pack/Prefabs/Buildings/StudioGrenBuilding_1.prefab using Guid(817d29c8d6116f6478a8beb6d2a9c5dd) Importer(815301076,1909f56bfc062723c751e8b465ee728b) (PreviewImporter) -> (artifact id: '4e15af43e4985e21a15c3b039b7db7fb') in 0.8160036 seconds
Number of updated asset objects reloaded before import = 0Number of asset objects unloaded after import = 578

========================================================================
Received Import Request.
  Time since last request: 0.000172 seconds.
  path: Assets/Low_Poly_Sci-fi_City/Buildings_Pack/Prefabs/Buildings/SpaceBuildBlueBuilding.prefab
  artifactKey: Guid(4c86ab1873dd4e14a980aa678e9e63d2) Importer(815301076,1909f56bfc062723c751e8b465ee728b)
Start importing Assets/Low_Poly_Sci-fi_City/Buildings_Pack/Prefabs/Buildings/SpaceBuildBlueBuilding.prefab using Guid(4c86ab1873dd4e14a980aa678e9e63d2) Importer(815301076,1909f56bfc062723c751e8b465ee728b) (PreviewImporter) -> (artifact id: '48223d6c49ad638dd3752eeee8dbdd3a') in 1.0194603 seconds
Number of updated asset objects reloaded before import = 0Number of asset objects unloaded after import = 713

========================================================================
Received Import Request.
  Time since last request: 0.000258 seconds.
  path: Assets/Low_Poly_Sci-fi_City/Buildings_Pack/Prefabs/Buildings/SysAquaGreenBuilding_3.prefab
  artifactKey: Guid(d732a1b21efa8cc4eaee4ac825f7314b) Importer(815301076,1909f56bfc062723c751e8b465ee728b)
Start importing Assets/Low_Poly_Sci-fi_City/Buildings_Pack/Prefabs/Buildings/SysAquaGreenBuilding_3.prefab using Guid(d732a1b21efa8cc4eaee4ac825f7314b) Importer(815301076,1909f56bfc062723c751e8b465ee728b) (PreviewImporter) -> (artifact id: '8ddc698e8b1da634d11adb4e1713f3df') in 0.6337464 seconds
Number of updated asset objects reloaded before import = 0Number of asset objects unloaded after import = 87

========================================================================
Received Import Request.
  Time since last request: 0.000408 seconds.
  path: Assets/Low_Poly_Sci-fi_City/Buildings_Pack/Prefabs/Buildings/PalmRedBlueBuilding_2.prefab
  artifactKey: Guid(fe35c7d837c49c34f8dd359255c99bfe) Importer(815301076,1909f56bfc062723c751e8b465ee728b)
Start importing Assets/Low_Poly_Sci-fi_City/Buildings_Pack/Prefabs/Buildings/PalmRedBlueBuilding_2.prefab using Guid(fe35c7d837c49c34f8dd359255c99bfe) Importer(815301076,1909f56bfc062723c751e8b465ee728b) (PreviewImporter) -> (artifact id: 'f621663cb43ce22bd27f72bcf35492b1') in 1.1154442 seconds
Number of updated asset objects reloaded before import = 0Number of asset objects unloaded after import = 84

========================================================================
Received Import Request.
  Time since last request: 0.000142 seconds.
  path: Assets/Low_Poly_Sci-fi_City/Buildings_Pack/Prefabs/Buildings/SpaceBuildCyanBuilding.prefab
  artifactKey: Guid(013a852153b12f74095a0e0222a9b6d0) Importer(815301076,1909f56bfc062723c751e8b465ee728b)
Start importing Assets/Low_Poly_Sci-fi_City/Buildings_Pack/Prefabs/Buildings/SpaceBuildCyanBuilding.prefab using Guid(013a852153b12f74095a0e0222a9b6d0) Importer(815301076,1909f56bfc062723c751e8b465ee728b) (PreviewImporter) -> (artifact id: 'd04a2e142bbbba69a205b984a587ba1c') in 0.829868 seconds
Number of updated asset objects reloaded before import = 0Number of asset objects unloaded after import = 714

========================================================================
Received Import Request.
  Time since last request: 0.000362 seconds.
  path: Assets/Low_Poly_Sci-fi_City/Buildings_Pack/Prefabs/Buildings/SysGrayBlueBuilding_3.prefab
  artifactKey: Guid(42a925b0234e66f428b1d140e440ee2b) Importer(815301076,1909f56bfc062723c751e8b465ee728b)
Start importing Assets/Low_Poly_Sci-fi_City/Buildings_Pack/Prefabs/Buildings/SysGrayBlueBuilding_3.prefab using Guid(42a925b0234e66f428b1d140e440ee2b) Importer(815301076,1909f56bfc062723c751e8b465ee728b) (PreviewImporter) -> (artifact id: 'd5ff76139d176d5893f15bfcfc3ccdcf') in 0.5719145 seconds
Number of updated asset objects reloaded before import = 0Number of asset objects unloaded after import = 90

========================================================================
Received Import Request.
  Time since last request: 0.000241 seconds.
  path: Assets/Low_Poly_Sci-fi_City/Buildings_Pack/Prefabs/Buildings/PalmPurpleGreenBuilding_4.prefab
  artifactKey: Guid(895220c6fe39e4546b8957cc6ea942a7) Importer(815301076,1909f56bfc062723c751e8b465ee728b)
Start importing Assets/Low_Poly_Sci-fi_City/Buildings_Pack/Prefabs/Buildings/PalmPurpleGreenBuilding_4.prefab using Guid(895220c6fe39e4546b8957cc6ea942a7) Importer(815301076,1909f56bfc062723c751e8b465ee728b) (PreviewImporter) -> (artifact id: '1ed2b21272a4b41c076e31622236df7c') in 0.5265572 seconds
Number of updated asset objects reloaded before import = 0Number of asset objects unloaded after import = 96

========================================================================
Received Import Request.
  Time since last request: 0.000321 seconds.
  path: Assets/Low_Poly_Sci-fi_City/Buildings_Pack/Prefabs/Buildings/StudioAquaBuilding_1.prefab
  artifactKey: Guid(f0deda667bd5a7f46b463cb87e4272ed) Importer(815301076,1909f56bfc062723c751e8b465ee728b)
Start importing Assets/Low_Poly_Sci-fi_City/Buildings_Pack/Prefabs/Buildings/StudioAquaBuilding_1.prefab using Guid(f0deda667bd5a7f46b463cb87e4272ed) Importer(815301076,1909f56bfc062723c751e8b465ee728b) (PreviewImporter) -> (artifact id: '039b4e4be0e4c7d5743685b0d838ed69') in 0.7493654 seconds
Number of updated asset objects reloaded before import = 0Number of asset objects unloaded after import = 575

========================================================================
Received Import Request.
  Time since last request: 0.000663 seconds.
  path: Assets/Low_Poly_Sci-fi_City/Buildings_Pack/Prefabs/Buildings/PalmPurpleGreenBuilding_1.prefab
  artifactKey: Guid(c75004465ad9bae4e857b1c4d14d8223) Importer(815301076,1909f56bfc062723c751e8b465ee728b)
Start importing Assets/Low_Poly_Sci-fi_City/Buildings_Pack/Prefabs/Buildings/PalmPurpleGreenBuilding_1.prefab using Guid(c75004465ad9bae4e857b1c4d14d8223) Importer(815301076,1909f56bfc062723c751e8b465ee728b) (PreviewImporter) -> (artifact id: '008075161fa0702716ff0117421f2deb') in 0.6203695 seconds
Number of updated asset objects reloaded before import = 0Number of asset objects unloaded after import = 72

========================================================================
Received Import Request.
  Time since last request: 0.000353 seconds.
  path: Assets/Low_Poly_Sci-fi_City/Buildings_Pack/Prefabs/Buildings/SpaceBuildDarkGrayBuilding.prefab
  artifactKey: Guid(ca05f65ad2d41204880af7834ccb3d3c) Importer(815301076,1909f56bfc062723c751e8b465ee728b)
Start importing Assets/Low_Poly_Sci-fi_City/Buildings_Pack/Prefabs/Buildings/SpaceBuildDarkGrayBuilding.prefab using Guid(ca05f65ad2d41204880af7834ccb3d3c) Importer(815301076,1909f56bfc062723c751e8b465ee728b) (PreviewImporter) -> (artifact id: 'f67c45c81a75ab64ea69d3ffaf39f4f5') in 0.7104015 seconds
Number of updated asset objects reloaded before import = 0Number of asset objects unloaded after import = 710

========================================================================
Received Import Request.
  Time since last request: 0.000427 seconds.
  path: Assets/Low_Poly_Sci-fi_City/Buildings_Pack/Prefabs/Buildings/StudioRedBuilding_1.prefab
  artifactKey: Guid(c6507d97a351aaf4dbb8f7a570318606) Importer(815301076,1909f56bfc062723c751e8b465ee728b)
Start importing Assets/Low_Poly_Sci-fi_City/Buildings_Pack/Prefabs/Buildings/StudioRedBuilding_1.prefab using Guid(c6507d97a351aaf4dbb8f7a570318606) Importer(815301076,1909f56bfc062723c751e8b465ee728b) (PreviewImporter) -> (artifact id: 'd6bef8548d11c20a9d42c77ebca81d31') in 0.7030139 seconds
Number of updated asset objects reloaded before import = 0Number of asset objects unloaded after import = 577

========================================================================
Received Import Request.
  Time since last request: 0.000218 seconds.
  path: Assets/Low_Poly_Sci-fi_City/Buildings_Pack/Prefabs/Buildings/SysAquaGreenBuilding_2.prefab
  artifactKey: Guid(f30afebb33add8d4dbf171fa63851f8f) Importer(815301076,1909f56bfc062723c751e8b465ee728b)
Start importing Assets/Low_Poly_Sci-fi_City/Buildings_Pack/Prefabs/Buildings/SysAquaGreenBuilding_2.prefab using Guid(f30afebb33add8d4dbf171fa63851f8f) Importer(815301076,1909f56bfc062723c751e8b465ee728b) (PreviewImporter) -> (artifact id: '000398189a19831874c86b8659cfe2b7') in 0.5448882 seconds
Number of updated asset objects reloaded before import = 0Number of asset objects unloaded after import = 81

========================================================================
Received Import Request.
  Time since last request: 0.000189 seconds.
  path: Assets/Low_Poly_Sci-fi_City/Buildings_Pack/Prefabs/Buildings/SysGrayBlueBuilding_1.prefab
  artifactKey: Guid(a18ecc0cedf95d848963cb60f07fac52) Importer(815301076,1909f56bfc062723c751e8b465ee728b)
Start importing Assets/Low_Poly_Sci-fi_City/Buildings_Pack/Prefabs/Buildings/SysGrayBlueBuilding_1.prefab using Guid(a18ecc0cedf95d848963cb60f07fac52) Importer(815301076,1909f56bfc062723c751e8b465ee728b) (PreviewImporter) -> (artifact id: 'd6b827d70a12fda0cfec7fa8d5109a33') in 0.6521281 seconds
Number of updated asset objects reloaded before import = 0Number of asset objects unloaded after import = 78

========================================================================
Received Prepare
Begin MonoManager ReloadAssembly
[Licensing::Client] Successfully resolved entitlement details
- Loaded All Assemblies, in 11.988 seconds
Refreshing native plugins compatible for Editor in 5.84 ms, found 3 plugins.
Native extension for WindowsStandalone target not found
Native extension for WebGL target not found
[Package Manager] Failed to launch server process. Reason: Unity was launched with the -noUpm command-line argument
[Package Manager] Unable to send message (not connected to server process).
[Package Manager] Cannot connect to Unity Package Manager local server
ScheduleIndexationOnStartup MainProcess:False IndexOnStartup:True
Mono: successfully reloaded assembly
- Finished resetting the current domain, in  3.520 seconds
Domain Reload Profiling: 15515ms
	BeginReloadAssembly (6357ms)
		ExecutionOrderSort (26ms)
		DisableScriptedObjects (1053ms)
		BackupInstance (0ms)
		ReleaseScriptingObjects (6ms)
		CreateAndSetChildDomain (2984ms)
	RebuildCommonClasses (188ms)
	RebuildNativeTypeToScriptingClass (41ms)
	initialDomainReloadingComplete (267ms)
	LoadAllAssembliesAndSetupDomain (5141ms)
		LoadAssemblies (5468ms)
		RebuildTransferFunctionScriptingTraits (0ms)
		AnalyzeDomain (896ms)
			TypeCache.Refresh (95ms)
				TypeCache.ScanAssembly (0ms)
			BuildScriptInfoCaches (724ms)
			ResolveRequiredComponents (27ms)
	FinalizeReload (3522ms)
		ReleaseScriptCaches (0ms)
		RebuildScriptCaches (0ms)
		SetupLoadedEditorAssemblies (2791ms)
			LogAssemblyErrors (0ms)
			InitializePlatformSupportModulesInManaged (11ms)
			SetLoadedEditorAssemblies (19ms)
			BeforeProcessingInitializeOnLoad (496ms)
			ProcessInitializeOnLoadAttributes (1879ms)
			ProcessInitializeOnLoadMethodAttributes (359ms)
			AfterProcessingInitializeOnLoad (15ms)
			EditorAssembliesLoaded (12ms)
		ExecutionOrderSort2 (0ms)
		AwakeInstancesAfterBackupRestoration (82ms)
Refreshing native plugins compatible for Editor in 4.33 ms, found 3 plugins.
Preloading 0 native plugins for Editor in 0.00 ms.
Unloading 16 Unused Serialized files (Serialized files now loaded: 0)
Unloading 6224 unused Assets / (3.7 MB). Loaded Objects now: 7077.
Memory consumption went from 156.4 MB to 152.7 MB.
Total: 61.317400 ms (FindLiveObjects: 4.946700 ms CreateObjectMapping: 2.343200 ms MarkObjects: 44.521300 ms  DeleteObjects: 9.495800 ms)

Prepare: number of updated asset objects reloaded= 0
========================================================================
Received Prepare
Begin MonoManager ReloadAssembly
- Loaded All Assemblies, in  4.284 seconds
Refreshing native plugins compatible for Editor in 11.59 ms, found 3 plugins.
Native extension for WindowsStandalone target not found
Native extension for WebGL target not found
[Package Manager] Failed to launch server process. Reason: Unity was launched with the -noUpm command-line argument
[Package Manager] Unable to send message (not connected to server process).
[Package Manager] Cannot connect to Unity Package Manager local server
ScheduleIndexationOnStartup MainProcess:False IndexOnStartup:True
Mono: successfully reloaded assembly
- Finished resetting the current domain, in  3.141 seconds
Domain Reload Profiling: 7457ms
	BeginReloadAssembly (820ms)
		ExecutionOrderSort (0ms)
		DisableScriptedObjects (27ms)
		BackupInstance (0ms)
		ReleaseScriptingObjects (1ms)
		CreateAndSetChildDomain (246ms)
	RebuildCommonClasses (148ms)
	RebuildNativeTypeToScriptingClass (30ms)
	initialDomainReloadingComplete (108ms)
	LoadAllAssembliesAndSetupDomain (3207ms)
		LoadAssemblies (2583ms)
		RebuildTransferFunctionScriptingTraits (0ms)
		AnalyzeDomain (983ms)
			TypeCache.Refresh (58ms)
				TypeCache.ScanAssembly (0ms)
			BuildScriptInfoCaches (810ms)
			ResolveRequiredComponents (52ms)
	FinalizeReload (3145ms)
		ReleaseScriptCaches (0ms)
		RebuildScriptCaches (0ms)
		SetupLoadedEditorAssemblies (2381ms)
			LogAssemblyErrors (1ms)
			InitializePlatformSupportModulesInManaged (11ms)
			SetLoadedEditorAssemblies (35ms)
			BeforeProcessingInitializeOnLoad (553ms)
			ProcessInitializeOnLoadAttributes (1509ms)
			ProcessInitializeOnLoadMethodAttributes (250ms)
			AfterProcessingInitializeOnLoad (17ms)
			EditorAssembliesLoaded (5ms)
		ExecutionOrderSort2 (0ms)
		AwakeInstancesAfterBackupRestoration (87ms)
Refreshing native plugins compatible for Editor in 7.97 ms, found 3 plugins.
Preloading 0 native plugins for Editor in 0.00 ms.
Unloading 16 Unused Serialized files (Serialized files now loaded: 0)
Unloading 6223 unused Assets / (4.4 MB). Loaded Objects now: 7080.
Memory consumption went from 156.1 MB to 151.7 MB.
Total: 63.719900 ms (FindLiveObjects: 4.768700 ms CreateObjectMapping: 1.945900 ms MarkObjects: 38.654700 ms  DeleteObjects: 18.336800 ms)

Prepare: number of updated asset objects reloaded= 0
========================================================================
Received Prepare
Begin MonoManager ReloadAssembly
[Licensing::Client] Successfully resolved entitlement details
- Loaded All Assemblies, in  4.600 seconds
Refreshing native plugins compatible for Editor in 10.67 ms, found 3 plugins.
Native extension for WindowsStandalone target not found
Native extension for WebGL target not found
[Package Manager] Failed to launch server process. Reason: Unity was launched with the -noUpm command-line argument
[Package Manager] Unable to send message (not connected to server process).
[Package Manager] Cannot connect to Unity Package Manager local server
ScheduleIndexationOnStartup MainProcess:False IndexOnStartup:True
Mono: successfully reloaded assembly
- Finished resetting the current domain, in  3.217 seconds
Domain Reload Profiling: 7824ms
	BeginReloadAssembly (1331ms)
		ExecutionOrderSort (0ms)
		DisableScriptedObjects (36ms)
		BackupInstance (0ms)
		ReleaseScriptingObjects (3ms)
		CreateAndSetChildDomain (333ms)
	RebuildCommonClasses (131ms)
	RebuildNativeTypeToScriptingClass (32ms)
	initialDomainReloadingComplete (98ms)
	LoadAllAssembliesAndSetupDomain (3013ms)
		LoadAssemblies (2661ms)
		RebuildTransferFunctionScriptingTraits (0ms)
		AnalyzeDomain (1028ms)
			TypeCache.Refresh (73ms)
				TypeCache.ScanAssembly (0ms)
			BuildScriptInfoCaches (883ms)
			ResolveRequiredComponents (25ms)
	FinalizeReload (3220ms)
		ReleaseScriptCaches (0ms)
		RebuildScriptCaches (0ms)
		SetupLoadedEditorAssemblies (2441ms)
			LogAssemblyErrors (0ms)
			InitializePlatformSupportModulesInManaged (14ms)
			SetLoadedEditorAssemblies (31ms)
			BeforeProcessingInitializeOnLoad (564ms)
			ProcessInitializeOnLoadAttributes (1505ms)
			ProcessInitializeOnLoadMethodAttributes (308ms)
			AfterProcessingInitializeOnLoad (17ms)
			EditorAssembliesLoaded (3ms)
		ExecutionOrderSort2 (0ms)
		AwakeInstancesAfterBackupRestoration (68ms)
Refreshing native plugins compatible for Editor in 4.97 ms, found 3 plugins.
Preloading 0 native plugins for Editor in 0.00 ms.
Unloading 16 Unused Serialized files (Serialized files now loaded: 0)
Unloading 6223 unused Assets / (4.4 MB). Loaded Objects now: 7083.
Memory consumption went from 156.2 MB to 151.7 MB.
Total: 33.828300 ms (FindLiveObjects: 2.916300 ms CreateObjectMapping: 1.853100 ms MarkObjects: 21.618500 ms  DeleteObjects: 7.435600 ms)

Prepare: number of updated asset objects reloaded= 0
========================================================================
Received Prepare
Begin MonoManager ReloadAssembly
[Licensing::Client] Successfully resolved entitlement details
- Loaded All Assemblies, in  9.073 seconds
Refreshing native plugins compatible for Editor in 2.82 ms, found 3 plugins.
Native extension for WindowsStandalone target not found
Native extension for WebGL target not found
[Package Manager] Failed to launch server process. Reason: Unity was launched with the -noUpm command-line argument
[Package Manager] Unable to send message (not connected to server process).
[Package Manager] Cannot connect to Unity Package Manager local server
ScheduleIndexationOnStartup MainProcess:False IndexOnStartup:True
Mono: successfully reloaded assembly
- Finished resetting the current domain, in  0.968 seconds
Domain Reload Profiling: 10025ms
	BeginReloadAssembly (4740ms)
		ExecutionOrderSort (2ms)
		DisableScriptedObjects (471ms)
		BackupInstance (0ms)
		ReleaseScriptingObjects (66ms)
		CreateAndSetChildDomain (1500ms)
	RebuildCommonClasses (165ms)
	RebuildNativeTypeToScriptingClass (19ms)
	initialDomainReloadingComplete (256ms)
	LoadAllAssembliesAndSetupDomain (3877ms)
		LoadAssemblies (3945ms)
		RebuildTransferFunctionScriptingTraits (0ms)
		AnalyzeDomain (877ms)
			TypeCache.Refresh (198ms)
				TypeCache.ScanAssembly (3ms)
			BuildScriptInfoCaches (628ms)
			ResolveRequiredComponents (20ms)
	FinalizeReload (969ms)
		ReleaseScriptCaches (0ms)
		RebuildScriptCaches (0ms)
		SetupLoadedEditorAssemblies (660ms)
			LogAssemblyErrors (0ms)
			InitializePlatformSupportModulesInManaged (3ms)
			SetLoadedEditorAssemblies (5ms)
			BeforeProcessingInitializeOnLoad (200ms)
			ProcessInitializeOnLoadAttributes (372ms)
			ProcessInitializeOnLoadMethodAttributes (75ms)
			AfterProcessingInitializeOnLoad (4ms)
			EditorAssembliesLoaded (1ms)
		ExecutionOrderSort2 (0ms)
		AwakeInstancesAfterBackupRestoration (20ms)
Refreshing native plugins compatible for Editor in 1.48 ms, found 3 plugins.
Preloading 0 native plugins for Editor in 0.00 ms.
Unloading 16 Unused Serialized files (Serialized files now loaded: 0)
Unloading 6224 unused Assets / (3.9 MB). Loaded Objects now: 7087.
Memory consumption went from 156.2 MB to 152.3 MB.
Total: 70.941400 ms (FindLiveObjects: 3.803600 ms CreateObjectMapping: 1.321600 ms MarkObjects: 47.929000 ms  DeleteObjects: 17.878700 ms)

Prepare: number of updated asset objects reloaded= 0
========================================================================
Received Prepare
Refreshing native plugins compatible for Editor in 3.96 ms, found 3 plugins.
Preloading 0 native plugins for Editor in 0.00 ms.
Unloading 16 Unused Serialized files (Serialized files now loaded: 0)
Unloading 6214 unused Assets / (4.1 MB). Loaded Objects now: 7083.
Memory consumption went from 154.9 MB to 150.8 MB.
Total: 33.859000 ms (FindLiveObjects: 1.887000 ms CreateObjectMapping: 5.016200 ms MarkObjects: 20.792800 ms  DeleteObjects: 6.158300 ms)

Prepare: number of updated asset objects reloaded= 0
========================================================================
Received Prepare
Begin MonoManager ReloadAssembly
- Loaded All Assemblies, in  1.190 seconds
Refreshing native plugins compatible for Editor in 3.12 ms, found 3 plugins.
Native extension for WindowsStandalone target not found
Native extension for WebGL target not found
[Package Manager] Failed to launch server process. Reason: Unity was launched with the -noUpm command-line argument
[Package Manager] Unable to send message (not connected to server process).
[Package Manager] Cannot connect to Unity Package Manager local server
ScheduleIndexationOnStartup MainProcess:False IndexOnStartup:True
Mono: successfully reloaded assembly
- Finished resetting the current domain, in  1.613 seconds
Domain Reload Profiling: 2808ms
	BeginReloadAssembly (340ms)
		ExecutionOrderSort (0ms)
		DisableScriptedObjects (5ms)
		BackupInstance (0ms)
		ReleaseScriptingObjects (0ms)
		CreateAndSetChildDomain (77ms)
	RebuildCommonClasses (42ms)
	RebuildNativeTypeToScriptingClass (17ms)
	initialDomainReloadingComplete (38ms)
	LoadAllAssembliesAndSetupDomain (754ms)
		LoadAssemblies (642ms)
		RebuildTransferFunctionScriptingTraits (0ms)
		AnalyzeDomain (302ms)
			TypeCache.Refresh (29ms)
				TypeCache.ScanAssembly (1ms)
			BuildScriptInfoCaches (231ms)
			ResolveRequiredComponents (11ms)
	FinalizeReload (1615ms)
		ReleaseScriptCaches (0ms)
		RebuildScriptCaches (0ms)
		SetupLoadedEditorAssemblies (1216ms)
			LogAssemblyErrors (0ms)
			InitializePlatformSupportModulesInManaged (6ms)
			SetLoadedEditorAssemblies (16ms)
			BeforeProcessingInitializeOnLoad (328ms)
			ProcessInitializeOnLoadAttributes (658ms)
			ProcessInitializeOnLoadMethodAttributes (196ms)
			AfterProcessingInitializeOnLoad (12ms)
			EditorAssembliesLoaded (1ms)
		ExecutionOrderSort2 (0ms)
		AwakeInstancesAfterBackupRestoration (62ms)
Refreshing native plugins compatible for Editor in 8.75 ms, found 3 plugins.
Preloading 0 native plugins for Editor in 0.00 ms.
Unloading 16 Unused Serialized files (Serialized files now loaded: 0)
Unloading 6220 unused Assets / (4.7 MB). Loaded Objects now: 7086.
Memory consumption went from 154.6 MB to 149.9 MB.
Total: 59.755500 ms (FindLiveObjects: 4.822700 ms CreateObjectMapping: 1.340300 ms MarkObjects: 39.095500 ms  DeleteObjects: 14.486200 ms)

Prepare: number of updated asset objects reloaded= 0
========================================================================
Received Import Request.
  Time since last request: 470.140537 seconds.
  path: Assets/WhiteCity/Prefabs/Roof/11.prefab
  artifactKey: Guid(805869419e70a9e4b9c9e838785d4418) Importer(815301076,1909f56bfc062723c751e8b465ee728b)
Start importing Assets/WhiteCity/Prefabs/Roof/11.prefab using Guid(805869419e70a9e4b9c9e838785d4418) Importer(815301076,1909f56bfc062723c751e8b465ee728b) (PreviewImporter) -> (artifact id: 'cf117852e394447c279a2058828eacc6') in 1.4925153 seconds
Number of updated asset objects reloaded before import = 0Number of asset objects unloaded after import = 13

========================================================================
Received Import Request.
  Time since last request: 0.000104 seconds.
  path: Assets/ModularLowpolyStreetsFree/Prefabs/Complex/Crossroads_2.prefab
  artifactKey: Guid(8f352fc1555608546b47a1dd0630ba96) Importer(815301076,1909f56bfc062723c751e8b465ee728b)
Start importing Assets/ModularLowpolyStreetsFree/Prefabs/Complex/Crossroads_2.prefab using Guid(8f352fc1555608546b47a1dd0630ba96) Importer(815301076,1909f56bfc062723c751e8b465ee728b) (PreviewImporter) -> (artifact id: 'af41bff712544cb9def0551dfcd7e76b') in 1.8929077 seconds
Number of updated asset objects reloaded before import = 0Number of asset objects unloaded after import = 666

========================================================================
Received Import Request.
  Time since last request: 0.000281 seconds.
  path: Assets/WhiteCity/Prefabs/Buildings/5.prefab
  artifactKey: Guid(5268f3eea397dcb40925cb28a6e9ee0f) Importer(815301076,1909f56bfc062723c751e8b465ee728b)
Start importing Assets/WhiteCity/Prefabs/Buildings/5.prefab using Guid(5268f3eea397dcb40925cb28a6e9ee0f) Importer(815301076,1909f56bfc062723c751e8b465ee728b) (PreviewImporter) -> (artifact id: '9f2aef5e71096e9bb5895b82a057d752') in 0.1344705 seconds
Number of updated asset objects reloaded before import = 0Number of asset objects unloaded after import = 10

========================================================================
Received Import Request.
  Time since last request: 0.000067 seconds.
  path: Assets/WhiteCity/Prefabs/Roof/2.prefab
  artifactKey: Guid(d848a27e8f2163742be2dcca2da5dfdd) Importer(815301076,1909f56bfc062723c751e8b465ee728b)
Start importing Assets/WhiteCity/Prefabs/Roof/2.prefab using Guid(d848a27e8f2163742be2dcca2da5dfdd) Importer(815301076,1909f56bfc062723c751e8b465ee728b) (PreviewImporter) -> (artifact id: '24fd144e42efd276d1e7e1525a81f974') in 0.1185441 seconds
Number of updated asset objects reloaded before import = 0Number of asset objects unloaded after import = 9

========================================================================
Received Import Request.
  Time since last request: 0.000200 seconds.
  path: Assets/WhiteCity/Prefabs/Roof/1.prefab
  artifactKey: Guid(1fdb54cae2e5c4d4aa7e696be731acdf) Importer(815301076,1909f56bfc062723c751e8b465ee728b)
Start importing Assets/WhiteCity/Prefabs/Roof/1.prefab using Guid(1fdb54cae2e5c4d4aa7e696be731acdf) Importer(815301076,1909f56bfc062723c751e8b465ee728b) (PreviewImporter) -> (artifact id: 'c3ccc418bff1beb68c6147f4b409f7ba') in 0.1474946 seconds
Number of updated asset objects reloaded before import = 0Number of asset objects unloaded after import = 11

========================================================================
Received Import Request.
  Time since last request: 0.000123 seconds.
  path: Assets/WhiteCity/Prefabs/Roof/16.prefab
  artifactKey: Guid(20af60c63fe2b9840975f2a12385d126) Importer(815301076,1909f56bfc062723c751e8b465ee728b)
Start importing Assets/WhiteCity/Prefabs/Roof/16.prefab using Guid(20af60c63fe2b9840975f2a12385d126) Importer(815301076,1909f56bfc062723c751e8b465ee728b) (PreviewImporter) -> (artifact id: '09c36d64dc50aa3bbbbfacb3de285069') in 0.2233975 seconds
Number of updated asset objects reloaded before import = 0Number of asset objects unloaded after import = 10

========================================================================
Received Import Request.
  Time since last request: 0.000055 seconds.
  path: Assets/WhiteCity/Prefabs/Buildings/2.prefab
  artifactKey: Guid(3a043cf95d828e44da52277a60eb137b) Importer(815301076,1909f56bfc062723c751e8b465ee728b)
Start importing Assets/WhiteCity/Prefabs/Buildings/2.prefab using Guid(3a043cf95d828e44da52277a60eb137b) Importer(815301076,1909f56bfc062723c751e8b465ee728b) (PreviewImporter) -> (artifact id: '2661d85e7f3724e84a13740029753101') in 0.1686114 seconds
Number of updated asset objects reloaded before import = 0Number of asset objects unloaded after import = 10

========================================================================
Received Import Request.
  Time since last request: 0.000060 seconds.
  path: Assets/WhiteCity/Prefabs/Roof/15.prefab
  artifactKey: Guid(8bca44552c6bbd3419a536afac67d5d7) Importer(815301076,1909f56bfc062723c751e8b465ee728b)
Start importing Assets/WhiteCity/Prefabs/Roof/15.prefab using Guid(8bca44552c6bbd3419a536afac67d5d7) Importer(815301076,1909f56bfc062723c751e8b465ee728b) (PreviewImporter) -> (artifact id: 'a7270e325878201490be94ae3bf87ff1') in 0.2791515 seconds
Number of updated asset objects reloaded before import = 0Number of asset objects unloaded after import = 8

========================================================================
Received Import Request.
  Time since last request: 0.000033 seconds.
  path: Assets/WhiteCity/Prefabs/Roof/6.prefab
  artifactKey: Guid(84045e0e75e3535469f0b45824fc1287) Importer(815301076,1909f56bfc062723c751e8b465ee728b)
Start importing Assets/WhiteCity/Prefabs/Roof/6.prefab using Guid(84045e0e75e3535469f0b45824fc1287) Importer(815301076,1909f56bfc062723c751e8b465ee728b) (PreviewImporter) -> (artifact id: '944a4da9de8e06879ad6d17c620133a7') in 0.2379511 seconds
Number of updated asset objects reloaded before import = 0Number of asset objects unloaded after import = 9

========================================================================
Received Import Request.
  Time since last request: 0.000279 seconds.
  path: Assets/ModularLowpolyStreetsFree/Prefabs/Other/Cafe_table_1.prefab
  artifactKey: Guid(b2afe1d4277a42d4fa77ec5e1dda634b) Importer(815301076,1909f56bfc062723c751e8b465ee728b)
Start importing Assets/ModularLowpolyStreetsFree/Prefabs/Other/Cafe_table_1.prefab using Guid(b2afe1d4277a42d4fa77ec5e1dda634b) Importer(815301076,1909f56bfc062723c751e8b465ee728b) (PreviewImporter) -> (artifact id: '82efc06248f60265f14b41b218eacfcf') in 0.3608601 seconds
Number of updated asset objects reloaded before import = 0Number of asset objects unloaded after import = 14

========================================================================
Received Import Request.
  Time since last request: 0.000102 seconds.
  path: Assets/WhiteCity/Prefabs/Roof/10.prefab
  artifactKey: Guid(21cb504748591f445bfe40ac674be242) Importer(815301076,1909f56bfc062723c751e8b465ee728b)
Start importing Assets/WhiteCity/Prefabs/Roof/10.prefab using Guid(21cb504748591f445bfe40ac674be242) Importer(815301076,1909f56bfc062723c751e8b465ee728b) (PreviewImporter) -> (artifact id: 'ad0fdafc43102d7c225092f302938232') in 0.0528941 seconds
Number of updated asset objects reloaded before import = 0Number of asset objects unloaded after import = 9

========================================================================
Received Import Request.
  Time since last request: 0.000094 seconds.
  path: Assets/ModularLowpolyStreetsFree/Prefabs/Roads/Crossroads_1_lines_circ.prefab
  artifactKey: Guid(41531554de1577f419a6c056467182f5) Importer(815301076,1909f56bfc062723c751e8b465ee728b)
Start importing Assets/ModularLowpolyStreetsFree/Prefabs/Roads/Crossroads_1_lines_circ.prefab using Guid(41531554de1577f419a6c056467182f5) Importer(815301076,1909f56bfc062723c751e8b465ee728b) (PreviewImporter) -> (artifact id: 'dc85f0cd789a15d7804ce4f0e68d8232') in 0.1111319 seconds
Number of updated asset objects reloaded before import = 0Number of asset objects unloaded after import = 18

========================================================================
Received Import Request.
  Time since last request: 0.000102 seconds.
  path: Assets/WhiteCity/Prefabs/Roof/7.prefab
  artifactKey: Guid(68dacdb7a3a2cb6408c14f026bd9084f) Importer(815301076,1909f56bfc062723c751e8b465ee728b)
Start importing Assets/WhiteCity/Prefabs/Roof/7.prefab using Guid(68dacdb7a3a2cb6408c14f026bd9084f) Importer(815301076,1909f56bfc062723c751e8b465ee728b) (PreviewImporter) -> (artifact id: 'd988281dd6d1c34f6f0d0fe6bddb8d21') in 0.0817712 seconds
Number of updated asset objects reloaded before import = 0Number of asset objects unloaded after import = 9

========================================================================
Received Import Request.
  Time since last request: 0.000173 seconds.
  path: Assets/WhiteCity/Prefabs/Buildings/6.prefab
  artifactKey: Guid(ed8ca91ea98dcb54397b4145af6c0b2e) Importer(815301076,1909f56bfc062723c751e8b465ee728b)
Start importing Assets/WhiteCity/Prefabs/Buildings/6.prefab using Guid(ed8ca91ea98dcb54397b4145af6c0b2e) Importer(815301076,1909f56bfc062723c751e8b465ee728b) (PreviewImporter) -> (artifact id: 'd7f5f1de975fe24312ea133cf479bb50') in 0.0886509 seconds
Number of updated asset objects reloaded before import = 0Number of asset objects unloaded after import = 10

========================================================================
Received Import Request.
  Time since last request: 0.000126 seconds.
  path: Assets/WhiteCity/Prefabs/Buildings/14.prefab
  artifactKey: Guid(6e52f6e5c549dca4381c78a24c505338) Importer(815301076,1909f56bfc062723c751e8b465ee728b)
Start importing Assets/WhiteCity/Prefabs/Buildings/14.prefab using Guid(6e52f6e5c549dca4381c78a24c505338) Importer(815301076,1909f56bfc062723c751e8b465ee728b) (PreviewImporter) -> (artifact id: 'e8a5cb9a3e77fb4def7a58d2371eaae7') in 0.0931758 seconds
Number of updated asset objects reloaded before import = 0Number of asset objects unloaded after import = 10

========================================================================
Received Import Request.
  Time since last request: 0.000143 seconds.
  path: Assets/WhiteCity/Prefabs/Roof/4.prefab
  artifactKey: Guid(e8c8b57239c2c844c896d6aa07e124f8) Importer(815301076,1909f56bfc062723c751e8b465ee728b)
Start importing Assets/WhiteCity/Prefabs/Roof/4.prefab using Guid(e8c8b57239c2c844c896d6aa07e124f8) Importer(815301076,1909f56bfc062723c751e8b465ee728b) (PreviewImporter) -> (artifact id: 'b69279d8cbb904e30aecde7639f9daa5') in 0.0881875 seconds
Number of updated asset objects reloaded before import = 0Number of asset objects unloaded after import = 9

========================================================================
Received Import Request.
  Time since last request: 0.000289 seconds.
  path: Assets/WhiteCity/Prefabs/Roof/12.prefab
  artifactKey: Guid(bf6998b76a98a58449dac0b8b56d447c) Importer(815301076,1909f56bfc062723c751e8b465ee728b)
Start importing Assets/WhiteCity/Prefabs/Roof/12.prefab using Guid(bf6998b76a98a58449dac0b8b56d447c) Importer(815301076,1909f56bfc062723c751e8b465ee728b) (PreviewImporter) -> (artifact id: 'a1dfd61f342244c09f2f5e34367255d9') in 0.0693964 seconds
Number of updated asset objects reloaded before import = 0Number of asset objects unloaded after import = 9

========================================================================
Received Import Request.
  Time since last request: 0.000148 seconds.
  path: Assets/ModularLowpolyStreetsFree/Prefabs/Roads/Crossroads_1_lines_2_walk.prefab
  artifactKey: Guid(610857578956dd14086cc62aeb1c45e0) Importer(815301076,1909f56bfc062723c751e8b465ee728b)
Start importing Assets/ModularLowpolyStreetsFree/Prefabs/Roads/Crossroads_1_lines_2_walk.prefab using Guid(610857578956dd14086cc62aeb1c45e0) Importer(815301076,1909f56bfc062723c751e8b465ee728b) (PreviewImporter) -> (artifact id: '3add1f2f5455c995eab5d3787675845c') in 0.1231538 seconds
Number of updated asset objects reloaded before import = 0Number of asset objects unloaded after import = 19

========================================================================
Received Import Request.
  Time since last request: 0.000127 seconds.
  path: Assets/WhiteCity/Models/Buildings/1.fbx
  artifactKey: Guid(6eda8701cab57474bb48b82c4d94944d) Importer(815301076,1909f56bfc062723c751e8b465ee728b)
Start importing Assets/WhiteCity/Models/Buildings/1.fbx using Guid(6eda8701cab57474bb48b82c4d94944d) Importer(815301076,1909f56bfc062723c751e8b465ee728b) (PreviewImporter) -> (artifact id: '70b5654ce733971cca112689b6e5d1d8') in 0.1680552 seconds
Number of updated asset objects reloaded before import = 0Number of asset objects unloaded after import = 10

========================================================================
Received Import Request.
  Time since last request: 0.000152 seconds.
  path: Assets/WhiteCity/Models/Buildings/8.fbx
  artifactKey: Guid(45414ae893ef0d24aaa8d91a7d834868) Importer(815301076,1909f56bfc062723c751e8b465ee728b)
Start importing Assets/WhiteCity/Models/Buildings/8.fbx using Guid(45414ae893ef0d24aaa8d91a7d834868) Importer(815301076,1909f56bfc062723c751e8b465ee728b) (PreviewImporter) -> (artifact id: 'ba8000b71ca32da5786cdd7cb4c281b1') in 0.0809243 seconds
Number of updated asset objects reloaded before import = 0Number of asset objects unloaded after import = 9

========================================================================
Received Import Request.
  Time since last request: 0.000075 seconds.
  path: Assets/WhiteCity/Models/Buildings/p5-4.fbx
  artifactKey: Guid(a894c4c86d9e18f4d9d7ccd1a66399d7) Importer(815301076,1909f56bfc062723c751e8b465ee728b)
Start importing Assets/WhiteCity/Models/Buildings/p5-4.fbx using Guid(a894c4c86d9e18f4d9d7ccd1a66399d7) Importer(815301076,1909f56bfc062723c751e8b465ee728b) (PreviewImporter) -> (artifact id: 'eade23f4bb37047daa2f5f87f39a7a53') in 0.0902295 seconds
Number of updated asset objects reloaded before import = 0Number of asset objects unloaded after import = 10

========================================================================
Received Import Request.
  Time since last request: 0.000149 seconds.
  path: Assets/WhiteCity/Models/Buildings/5.fbx
  artifactKey: Guid(d0f4f4a6ea280eb49a9e01e9ab72fa18) Importer(815301076,1909f56bfc062723c751e8b465ee728b)
Start importing Assets/WhiteCity/Models/Buildings/5.fbx using Guid(d0f4f4a6ea280eb49a9e01e9ab72fa18) Importer(815301076,1909f56bfc062723c751e8b465ee728b) (PreviewImporter) -> (artifact id: 'e74a32f5ca748f0d7170a83698c1e443') in 0.1080011 seconds
Number of updated asset objects reloaded before import = 0Number of asset objects unloaded after import = 9

========================================================================
Received Import Request.
  Time since last request: 0.000133 seconds.
  path: Assets/WhiteCity/Models/Buildings/3.fbx
  artifactKey: Guid(1c9654e604a39b44b8293f6a34f7b66c) Importer(815301076,1909f56bfc062723c751e8b465ee728b)
Start importing Assets/WhiteCity/Models/Buildings/3.fbx using Guid(1c9654e604a39b44b8293f6a34f7b66c) Importer(815301076,1909f56bfc062723c751e8b465ee728b) (PreviewImporter) -> (artifact id: '2cfa873e314bf9fec60cc8f8f217b859') in 0.1128542 seconds
Number of updated asset objects reloaded before import = 0Number of asset objects unloaded after import = 9

========================================================================
Received Import Request.
  Time since last request: 0.000083 seconds.
  path: Assets/WhiteCity/Models/Buildings/2.fbx
  artifactKey: Guid(df5f660a0ad6ab24f8a986c2a33b341f) Importer(815301076,1909f56bfc062723c751e8b465ee728b)
Start importing Assets/WhiteCity/Models/Buildings/2.fbx using Guid(df5f660a0ad6ab24f8a986c2a33b341f) Importer(815301076,1909f56bfc062723c751e8b465ee728b) (PreviewImporter) -> (artifact id: '4237a4e37531ca4af9143242d38a3a93') in 0.1176767 seconds
Number of updated asset objects reloaded before import = 0Number of asset objects unloaded after import = 9

========================================================================
Received Import Request.
  Time since last request: 0.001579 seconds.
  path: Assets/WhiteCity/Prefabs/Buildings/12.prefab
  artifactKey: Guid(b331863b8ea6edc4e93fc5d6f83dbac6) Importer(815301076,1909f56bfc062723c751e8b465ee728b)
Start importing Assets/WhiteCity/Prefabs/Buildings/12.prefab using Guid(b331863b8ea6edc4e93fc5d6f83dbac6) Importer(815301076,1909f56bfc062723c751e8b465ee728b) (PreviewImporter) -> (artifact id: '9b6af494378267798c6f254ef18af74a') in 0.0888669 seconds
Number of updated asset objects reloaded before import = 0Number of asset objects unloaded after import = 10

========================================================================
Received Import Request.
  Time since last request: 0.000081 seconds.
  path: Assets/WhiteCity/Models/Buildings/2-1.fbx
  artifactKey: Guid(3745c28ede9bdf541bc2f0c5a7b3bfd2) Importer(815301076,1909f56bfc062723c751e8b465ee728b)
Start importing Assets/WhiteCity/Models/Buildings/2-1.fbx using Guid(3745c28ede9bdf541bc2f0c5a7b3bfd2) Importer(815301076,1909f56bfc062723c751e8b465ee728b) (PreviewImporter) -> (artifact id: '76dafdd07990f2452478a4eb5653a51f') in 0.0997298 seconds
Number of updated asset objects reloaded before import = 0Number of asset objects unloaded after import = 9

========================================================================
Received Import Request.
  Time since last request: 0.000077 seconds.
  path: Assets/WhiteCity/Prefabs/Roof/17.prefab
  artifactKey: Guid(ba6d65d010e04c74492f45aada8d39d7) Importer(815301076,1909f56bfc062723c751e8b465ee728b)
Start importing Assets/WhiteCity/Prefabs/Roof/17.prefab using Guid(ba6d65d010e04c74492f45aada8d39d7) Importer(815301076,1909f56bfc062723c751e8b465ee728b) (PreviewImporter) -> (artifact id: 'd77664224697398a8dae5a2ee2decfaf') in 0.0692561 seconds
Number of updated asset objects reloaded before import = 0Number of asset objects unloaded after import = 8

========================================================================
Received Import Request.
  Time since last request: 0.000062 seconds.
  path: Packages/com.unity.render-pipelines.universal/Tests/Editor/Tools/Converters/ReadonlyMaterialConverter/Cube.prefab
  artifactKey: Guid(95cb9745d0f90ed4cb2976ad2147b05d) Importer(815301076,1909f56bfc062723c751e8b465ee728b)
Start importing Packages/com.unity.render-pipelines.universal/Tests/Editor/Tools/Converters/ReadonlyMaterialConverter/Cube.prefab using Guid(95cb9745d0f90ed4cb2976ad2147b05d) Importer(815301076,1909f56bfc062723c751e8b465ee728b) (PreviewImporter) -> (artifact id: 'b475cb687ea39189f552833eb77fcd9e') in 1.5244627 seconds
Number of updated asset objects reloaded before import = 0Number of asset objects unloaded after import = 7

========================================================================
Received Import Request.
  Time since last request: 0.000077 seconds.
  path: Assets/WhiteCity/Prefabs/Roof/5.prefab
  artifactKey: Guid(85200b019237e4d438a2ec33d1ab7041) Importer(815301076,1909f56bfc062723c751e8b465ee728b)
Start importing Assets/WhiteCity/Prefabs/Roof/5.prefab using Guid(85200b019237e4d438a2ec33d1ab7041) Importer(815301076,1909f56bfc062723c751e8b465ee728b) (PreviewImporter) -> (artifact id: '9e9f9a07fd9548b0a3677589d494796a') in 0.1108196 seconds
Number of updated asset objects reloaded before import = 0Number of asset objects unloaded after import = 9

========================================================================
Received Import Request.
  Time since last request: 0.892344 seconds.
  path: Assets/WhiteCity/Models/Roof/p1-1.fbx
  artifactKey: Guid(73deee65ec709a74aa72f4e27bfc3d35) Importer(815301076,1909f56bfc062723c751e8b465ee728b)
Start importing Assets/WhiteCity/Models/Roof/p1-1.fbx using Guid(73deee65ec709a74aa72f4e27bfc3d35) Importer(815301076,1909f56bfc062723c751e8b465ee728b) (PreviewImporter) -> (artifact id: '2bbcae2e3cad1e97383ef870af20ad11') in 0.0883182 seconds
Number of updated asset objects reloaded before import = 0Number of asset objects unloaded after import = 10

========================================================================
Received Import Request.
  Time since last request: 0.000165 seconds.
  path: Assets/WhiteCity/Models/Roof/p3-1.fbx
  artifactKey: Guid(3e525fe6f037ad84fa1588837705e395) Importer(815301076,1909f56bfc062723c751e8b465ee728b)
Start importing Assets/WhiteCity/Models/Roof/p3-1.fbx using Guid(3e525fe6f037ad84fa1588837705e395) Importer(815301076,1909f56bfc062723c751e8b465ee728b) (PreviewImporter) -> (artifact id: '93a1296121f1edd1b8a8b88aa615edd7') in 0.0705395 seconds
Number of updated asset objects reloaded before import = 0Number of asset objects unloaded after import = 8

========================================================================
Received Import Request.
  Time since last request: 0.000515 seconds.
  path: Assets/WhiteCity/Models/Roof/p2.fbx
  artifactKey: Guid(c49350ef52968dc4eb3d925e1d19185e) Importer(815301076,1909f56bfc062723c751e8b465ee728b)
Start importing Assets/WhiteCity/Models/Roof/p2.fbx using Guid(c49350ef52968dc4eb3d925e1d19185e) Importer(815301076,1909f56bfc062723c751e8b465ee728b) (PreviewImporter) -> (artifact id: 'b808b980ef0f022419e16b5e763fc428') in 0.086839 seconds
Number of updated asset objects reloaded before import = 0Number of asset objects unloaded after import = 8

========================================================================
Received Import Request.
  Time since last request: 0.000172 seconds.
  path: Assets/WhiteCity/Models/Roof/p5-6.fbx
  artifactKey: Guid(1f4a1ec0dedb43143a96c3d2e371b016) Importer(815301076,1909f56bfc062723c751e8b465ee728b)
Start importing Assets/WhiteCity/Models/Roof/p5-6.fbx using Guid(1f4a1ec0dedb43143a96c3d2e371b016) Importer(815301076,1909f56bfc062723c751e8b465ee728b) (PreviewImporter) -> (artifact id: '37bd932a3ade3f1ad0c280f5420f13fb') in 0.0788431 seconds
Number of updated asset objects reloaded before import = 0Number of asset objects unloaded after import = 9

========================================================================
Received Import Request.
  Time since last request: 0.000113 seconds.
  path: Assets/WhiteCity/Models/Roof/p5-3.fbx
  artifactKey: Guid(78a8c0fcbd14a3241b17e232c96ef958) Importer(815301076,1909f56bfc062723c751e8b465ee728b)
Start importing Assets/WhiteCity/Models/Roof/p5-3.fbx using Guid(78a8c0fcbd14a3241b17e232c96ef958) Importer(815301076,1909f56bfc062723c751e8b465ee728b) (PreviewImporter) -> (artifact id: '5fe75d4db8fab2cabef8335d5cb56924') in 0.0777969 seconds
Number of updated asset objects reloaded before import = 0Number of asset objects unloaded after import = 8

========================================================================
Received Import Request.
  Time since last request: 0.000198 seconds.
  path: Assets/WhiteCity/Models/Roof/p5-2.fbx
  artifactKey: Guid(6ea030f083954674b9d871dbecbcf011) Importer(815301076,1909f56bfc062723c751e8b465ee728b)
Start importing Assets/WhiteCity/Models/Roof/p5-2.fbx using Guid(6ea030f083954674b9d871dbecbcf011) Importer(815301076,1909f56bfc062723c751e8b465ee728b) (PreviewImporter) -> (artifact id: '644f219715930df761dda817105ba4b2') in 0.0801946 seconds
Number of updated asset objects reloaded before import = 0Number of asset objects unloaded after import = 8

========================================================================
Received Import Request.
  Time since last request: 0.000102 seconds.
  path: Assets/WhiteCity/Models/Roof/p4.fbx
  artifactKey: Guid(85df491abd04c304b893ab13edc7c54b) Importer(815301076,1909f56bfc062723c751e8b465ee728b)
Start importing Assets/WhiteCity/Models/Roof/p4.fbx using Guid(85df491abd04c304b893ab13edc7c54b) Importer(815301076,1909f56bfc062723c751e8b465ee728b) (PreviewImporter) -> (artifact id: 'e94852d9835bd4e88fd1b8c9854127d5') in 0.1063195 seconds
Number of updated asset objects reloaded before import = 0Number of asset objects unloaded after import = 8

========================================================================
Received Import Request.
  Time since last request: 0.000130 seconds.
  path: Assets/WhiteCity/Models/Roof/p4-1.fbx
  artifactKey: Guid(3a8e9acca0d8cee45992a4a77afc5ddc) Importer(815301076,1909f56bfc062723c751e8b465ee728b)
Start importing Assets/WhiteCity/Models/Roof/p4-1.fbx using Guid(3a8e9acca0d8cee45992a4a77afc5ddc) Importer(815301076,1909f56bfc062723c751e8b465ee728b) (PreviewImporter) -> (artifact id: '0efe70d432254809a6402d494792ca79') in 0.1270993 seconds
Number of updated asset objects reloaded before import = 0Number of asset objects unloaded after import = 8

========================================================================
Received Import Request.
  Time since last request: 0.000085 seconds.
  path: Assets/WhiteCity/Models/Roof/p3-4.fbx
  artifactKey: Guid(11fc29c46ace9614aac1471a363525c1) Importer(815301076,1909f56bfc062723c751e8b465ee728b)
Start importing Assets/WhiteCity/Models/Roof/p3-4.fbx using Guid(11fc29c46ace9614aac1471a363525c1) Importer(815301076,1909f56bfc062723c751e8b465ee728b) (PreviewImporter) -> (artifact id: '09dad9b0710ab3dfb33a99edf381b148') in 0.1189664 seconds
Number of updated asset objects reloaded before import = 0Number of asset objects unloaded after import = 8

========================================================================
Received Import Request.
  Time since last request: 4.090818 seconds.
  path: Assets/WhiteCity/Offer/Ads/ad2.psd
  artifactKey: Guid(f34ecf744dd31e14c9ab85a12bdf94d8) Importer(815301076,1909f56bfc062723c751e8b465ee728b)
Start importing Assets/WhiteCity/Offer/Ads/ad2.psd using Guid(f34ecf744dd31e14c9ab85a12bdf94d8) Importer(815301076,1909f56bfc062723c751e8b465ee728b) (PreviewImporter) -> (artifact id: 'a48aa5c3531cbaa5ed416b3a5181ce40') in 0.1014039 seconds
Number of updated asset objects reloaded before import = 0Number of asset objects unloaded after import = 2

========================================================================
Received Import Request.
  Time since last request: 49.956151 seconds.
  path: Assets/WhiteCity/Textures/Roof/p1-1.png
  artifactKey: Guid(49b8952406f4e4846ac7565499c33046) Importer(815301076,1909f56bfc062723c751e8b465ee728b)
Start importing Assets/WhiteCity/Textures/Roof/p1-1.png using Guid(49b8952406f4e4846ac7565499c33046) Importer(815301076,1909f56bfc062723c751e8b465ee728b) (PreviewImporter) -> (artifact id: 'cfed598886b0fd22f21dcec90a037dee') in 0.0938162 seconds
Number of updated asset objects reloaded before import = 0Number of asset objects unloaded after import = 2

========================================================================
Received Import Request.
  Time since last request: 0.000163 seconds.
  path: Assets/WhiteCity/Textures/Roof/p5-1.png
  artifactKey: Guid(ec50faff23f099c48bf342bb3bcf274e) Importer(815301076,1909f56bfc062723c751e8b465ee728b)
Start importing Assets/WhiteCity/Textures/Roof/p5-1.png using Guid(ec50faff23f099c48bf342bb3bcf274e) Importer(815301076,1909f56bfc062723c751e8b465ee728b) (PreviewImporter) -> (artifact id: '8be3791ac788535cf370d8765f5ec0cd') in 0.0646828 seconds
Number of updated asset objects reloaded before import = 0Number of asset objects unloaded after import = 2

========================================================================
Received Import Request.
  Time since last request: 4.950262 seconds.
  path: Assets/WhiteCity/Textures/Buildings/2.png
  artifactKey: Guid(d10fb6cc192a4f44cb942be9af8cf658) Importer(815301076,1909f56bfc062723c751e8b465ee728b)
Start importing Assets/WhiteCity/Textures/Buildings/2.png using Guid(d10fb6cc192a4f44cb942be9af8cf658) Importer(815301076,1909f56bfc062723c751e8b465ee728b) (PreviewImporter) -> (artifact id: '0d0a99dd7e437621a6c7fe18f90021b3') in 0.0562867 seconds
Number of updated asset objects reloaded before import = 0Number of asset objects unloaded after import = 2

========================================================================
Received Import Request.
  Time since last request: 0.000120 seconds.
  path: Assets/WhiteCity/Textures/Buildings/6.png
  artifactKey: Guid(da98ef60dfdef9148a861d729a3609c9) Importer(815301076,1909f56bfc062723c751e8b465ee728b)
Start importing Assets/WhiteCity/Textures/Buildings/6.png using Guid(da98ef60dfdef9148a861d729a3609c9) Importer(815301076,1909f56bfc062723c751e8b465ee728b) (PreviewImporter) -> (artifact id: '206a029423521a01247a85d484498d87') in 0.0661684 seconds
Number of updated asset objects reloaded before import = 0Number of asset objects unloaded after import = 2

========================================================================
Received Import Request.
  Time since last request: 0.000161 seconds.
  path: Assets/WhiteCity/Textures/Buildings/4-1.png
  artifactKey: Guid(8282e4971a726e64982b4fec3a29e67a) Importer(815301076,1909f56bfc062723c751e8b465ee728b)
Start importing Assets/WhiteCity/Textures/Buildings/4-1.png using Guid(8282e4971a726e64982b4fec3a29e67a) Importer(815301076,1909f56bfc062723c751e8b465ee728b) (PreviewImporter) -> (artifact id: 'a6938b7952166ac507f00428a1fc75d7') in 0.0399281 seconds
Number of updated asset objects reloaded before import = 0Number of asset objects unloaded after import = 2

========================================================================
Received Import Request.
  Time since last request: 0.000230 seconds.
  path: Assets/WhiteCity/Textures/Buildings/9.png
  artifactKey: Guid(737a61236509b1a44a4de3627b7b03d6) Importer(815301076,1909f56bfc062723c751e8b465ee728b)
Start importing Assets/WhiteCity/Textures/Buildings/9.png using Guid(737a61236509b1a44a4de3627b7b03d6) Importer(815301076,1909f56bfc062723c751e8b465ee728b) (PreviewImporter) -> (artifact id: '3740eec775281b17320d243f7a10c852') in 0.0515255 seconds
Number of updated asset objects reloaded before import = 0Number of asset objects unloaded after import = 2

========================================================================
Received Import Request.
  Time since last request: 30.286791 seconds.
  path: Assets/WhiteCity/Models/Buildings/Materials/03 (8).mat
  artifactKey: Guid(a02a7ad95c83627459c7e7ca766928bc) Importer(815301076,1909f56bfc062723c751e8b465ee728b)
Start importing Assets/WhiteCity/Models/Buildings/Materials/03 (8).mat using Guid(a02a7ad95c83627459c7e7ca766928bc) Importer(815301076,1909f56bfc062723c751e8b465ee728b) (PreviewImporter) -> (artifact id: '9206a6396fb773cd7650b21f6a7b4881') in 0.2480436 seconds
Number of updated asset objects reloaded before import = 0Number of asset objects unloaded after import = 1

========================================================================
Received Import Request.
  Time since last request: 0.000123 seconds.
  path: Assets/WhiteCity/Models/Buildings/Materials/n2.mat
  artifactKey: Guid(ecc273dd43817404cb163915ed2966ed) Importer(815301076,1909f56bfc062723c751e8b465ee728b)
Start importing Assets/WhiteCity/Models/Buildings/Materials/n2.mat using Guid(ecc273dd43817404cb163915ed2966ed) Importer(815301076,1909f56bfc062723c751e8b465ee728b) (PreviewImporter) -> (artifact id: 'e623c246d456d41af974fe70636eeaab') in 0.0236802 seconds
Number of updated asset objects reloaded before import = 0Number of asset objects unloaded after import = 1

========================================================================
Received Import Request.
  Time since last request: 0.000101 seconds.
  path: Assets/WhiteCity/Models/Buildings/Materials/b87.mat
  artifactKey: Guid(17213a5fcfb16cd4bb80c78d85dcc4bd) Importer(815301076,1909f56bfc062723c751e8b465ee728b)
Start importing Assets/WhiteCity/Models/Buildings/Materials/b87.mat using Guid(17213a5fcfb16cd4bb80c78d85dcc4bd) Importer(815301076,1909f56bfc062723c751e8b465ee728b) (PreviewImporter) -> (artifact id: '384b2b47678cd599efc5aabdfadb4b2a') in 0.0311059 seconds
Number of updated asset objects reloaded before import = 0Number of asset objects unloaded after import = 1

========================================================================
Received Import Request.
  Time since last request: 0.000048 seconds.
  path: Assets/WhiteCity/Models/Buildings/Materials/b8.mat
  artifactKey: Guid(66b15b6002815bf439bc3dad5da76f33) Importer(815301076,1909f56bfc062723c751e8b465ee728b)
Start importing Assets/WhiteCity/Models/Buildings/Materials/b8.mat using Guid(66b15b6002815bf439bc3dad5da76f33) Importer(815301076,1909f56bfc062723c751e8b465ee728b) (PreviewImporter) -> (artifact id: '5a9cba9f0caf8329d36f44a811bd05bb') in 0.0551409 seconds
Number of updated asset objects reloaded before import = 0Number of asset objects unloaded after import = 2

========================================================================
Received Import Request.
  Time since last request: 0.000119 seconds.
  path: Assets/WhiteCity/Models/Buildings/Materials/b3.mat
  artifactKey: Guid(4e7c2a4e38ce4e7469ef981fa12cade0) Importer(815301076,1909f56bfc062723c751e8b465ee728b)
Start importing Assets/WhiteCity/Models/Buildings/Materials/b3.mat using Guid(4e7c2a4e38ce4e7469ef981fa12cade0) Importer(815301076,1909f56bfc062723c751e8b465ee728b) (PreviewImporter) -> (artifact id: '33bfcb91c08e44284da9f4c69b568c99') in 0.0436915 seconds
Number of updated asset objects reloaded before import = 0Number of asset objects unloaded after import = 2

========================================================================
Received Import Request.
  Time since last request: 0.000143 seconds.
  path: Assets/WhiteCity/Models/Buildings/Materials/b6-1.mat
  artifactKey: Guid(313045ffbb76988449f1faccd80570bb) Importer(815301076,1909f56bfc062723c751e8b465ee728b)
Start importing Assets/WhiteCity/Models/Buildings/Materials/b6-1.mat using Guid(313045ffbb76988449f1faccd80570bb) Importer(815301076,1909f56bfc062723c751e8b465ee728b) (PreviewImporter) -> (artifact id: '8e88462021cc4842408de8ab3cfad6ad') in 0.0262186 seconds
Number of updated asset objects reloaded before import = 0Number of asset objects unloaded after import = 1

========================================================================
Received Import Request.
  Time since last request: 0.000042 seconds.
  path: Assets/WhiteCity/Models/Buildings/Materials/depositphotos_8483461-Seamless-pattern-resembling-glass-windows-on-a-modern-building.mat
  artifactKey: Guid(923db6f4baf3a40409aa01c577fb2b5a) Importer(815301076,1909f56bfc062723c751e8b465ee728b)
Start importing Assets/WhiteCity/Models/Buildings/Materials/depositphotos_8483461-Seamless-pattern-resembling-glass-windows-on-a-modern-building.mat using Guid(923db6f4baf3a40409aa01c577fb2b5a) Importer(815301076,1909f56bfc062723c751e8b465ee728b) (PreviewImporter) -> (artifact id: '09d51f1f4ffaed282d2d9685cfd8fe92') in 0.0398138 seconds
Number of updated asset objects reloaded before import = 0Number of asset objects unloaded after import = 1

========================================================================
Received Import Request.
  Time since last request: 0.000106 seconds.
  path: Assets/WhiteCity/Models/Buildings/Materials/i2.mat
  artifactKey: Guid(8c1bbe45873a342408e1b2a3bee5646f) Importer(815301076,1909f56bfc062723c751e8b465ee728b)
Start importing Assets/WhiteCity/Models/Buildings/Materials/i2.mat using Guid(8c1bbe45873a342408e1b2a3bee5646f) Importer(815301076,1909f56bfc062723c751e8b465ee728b) (PreviewImporter) -> (artifact id: 'd99c8857a51993c34ba21816f6c995ce') in 0.038731 seconds
Number of updated asset objects reloaded before import = 0Number of asset objects unloaded after import = 1

========================================================================
Received Import Request.
  Time since last request: 0.000105 seconds.
  path: Assets/WhiteCity/Models/Buildings/Materials/b9.mat
  artifactKey: Guid(6642346c671ae614dad01dfbd7c930b8) Importer(815301076,1909f56bfc062723c751e8b465ee728b)
Start importing Assets/WhiteCity/Models/Buildings/Materials/b9.mat using Guid(6642346c671ae614dad01dfbd7c930b8) Importer(815301076,1909f56bfc062723c751e8b465ee728b) (PreviewImporter) -> (artifact id: '9bc794c29fa3b03d38b6bba30e89a799') in 0.0524432 seconds
Number of updated asset objects reloaded before import = 0Number of asset objects unloaded after import = 2

========================================================================
Received Import Request.
  Time since last request: 0.000316 seconds.
  path: Assets/WhiteCity/Models/Buildings/Materials/b12.mat
  artifactKey: Guid(ea5cf619c570a71499cf551b531745f6) Importer(815301076,1909f56bfc062723c751e8b465ee728b)
Start importing Assets/WhiteCity/Models/Buildings/Materials/b12.mat using Guid(ea5cf619c570a71499cf551b531745f6) Importer(815301076,1909f56bfc062723c751e8b465ee728b) (PreviewImporter) -> (artifact id: 'dacd33e82a260c279155e0f210fe07a7') in 0.0345743 seconds
Number of updated asset objects reloaded before import = 0Number of asset objects unloaded after import = 1

========================================================================
Received Import Request.
  Time since last request: 0.000134 seconds.
  path: Assets/WhiteCity/Models/Buildings/Materials/06 (7).mat
  artifactKey: Guid(ed2115d86521bad449a04f5b44ec2d98) Importer(815301076,1909f56bfc062723c751e8b465ee728b)
Start importing Assets/WhiteCity/Models/Buildings/Materials/06 (7).mat using Guid(ed2115d86521bad449a04f5b44ec2d98) Importer(815301076,1909f56bfc062723c751e8b465ee728b) (PreviewImporter) -> (artifact id: '27c4295ee13b4e7b9abd78451161f5ce') in 0.0312488 seconds
Number of updated asset objects reloaded before import = 0Number of asset objects unloaded after import = 1

========================================================================
Received Import Request.
  Time since last request: 0.000076 seconds.
  path: Assets/WhiteCity/Models/Buildings/Materials/h2.mat
  artifactKey: Guid(5ecc3b75eb52b154db3ada675106c729) Importer(815301076,1909f56bfc062723c751e8b465ee728b)
Start importing Assets/WhiteCity/Models/Buildings/Materials/h2.mat using Guid(5ecc3b75eb52b154db3ada675106c729) Importer(815301076,1909f56bfc062723c751e8b465ee728b) (PreviewImporter) -> (artifact id: 'd45e38fdcf261d2901f1298b9f57f13d') in 0.0280925 seconds
Number of updated asset objects reloaded before import = 0Number of asset objects unloaded after import = 1

========================================================================
Received Import Request.
  Time since last request: 0.000163 seconds.
  path: Assets/WhiteCity/Models/Buildings/Materials/m2.mat
  artifactKey: Guid(ec8973e640397c74f886fa21123687ce) Importer(815301076,1909f56bfc062723c751e8b465ee728b)
Start importing Assets/WhiteCity/Models/Buildings/Materials/m2.mat using Guid(ec8973e640397c74f886fa21123687ce) Importer(815301076,1909f56bfc062723c751e8b465ee728b) (PreviewImporter) -> (artifact id: 'c58ae23ae4c3003d2b48844a3510502a') in 0.0727321 seconds
Number of updated asset objects reloaded before import = 0Number of asset objects unloaded after import = 1

========================================================================
Received Import Request.
  Time since last request: 0.000106 seconds.
  path: Assets/WhiteCity/Models/Buildings/Materials/b5-1.mat
  artifactKey: Guid(a31446a010d7d694da579576b289bb89) Importer(815301076,1909f56bfc062723c751e8b465ee728b)
Start importing Assets/WhiteCity/Models/Buildings/Materials/b5-1.mat using Guid(a31446a010d7d694da579576b289bb89) Importer(815301076,1909f56bfc062723c751e8b465ee728b) (PreviewImporter) -> (artifact id: 'b06a45298fab88ac6926d311231b1eaf') in 0.0339255 seconds
Number of updated asset objects reloaded before import = 0Number of asset objects unloaded after import = 1

========================================================================
Received Import Request.
  Time since last request: 0.000190 seconds.
  path: Assets/WhiteCity/Models/Buildings/Materials/v2.mat
  artifactKey: Guid(1de7ab3739fcd1145ba7f5f79a1a42fb) Importer(815301076,1909f56bfc062723c751e8b465ee728b)
Start importing Assets/WhiteCity/Models/Buildings/Materials/v2.mat using Guid(1de7ab3739fcd1145ba7f5f79a1a42fb) Importer(815301076,1909f56bfc062723c751e8b465ee728b) (PreviewImporter) -> (artifact id: '8e842c8b3951181d3a3b93258aa5cde4') in 0.0366722 seconds
Number of updated asset objects reloaded before import = 0Number of asset objects unloaded after import = 1

========================================================================
Received Import Request.
  Time since last request: 65.413285 seconds.
  path: Assets/Low_Poly_Sci-fi_City/Buildings_Pack/Textures_Materials_Models/Materials/BuildingColor2.mat
  artifactKey: Guid(b482d9946a3255e41ab25789bf78586d) Importer(815301076,1909f56bfc062723c751e8b465ee728b)
Start importing Assets/Low_Poly_Sci-fi_City/Buildings_Pack/Textures_Materials_Models/Materials/BuildingColor2.mat using Guid(b482d9946a3255e41ab25789bf78586d) Importer(815301076,1909f56bfc062723c751e8b465ee728b) (PreviewImporter) -> (artifact id: 'f6adbfa3ee510a831bcae7ad62be6baf') in 0.1821478 seconds
Number of updated asset objects reloaded before import = 0Number of asset objects unloaded after import = 1

========================================================================
Received Import Request.
  Time since last request: 0.000133 seconds.
  path: Assets/Low_Poly_Sci-fi_City/Buildings_Pack/Textures_Materials_Models/Materials/BuildingEmission3.mat
  artifactKey: Guid(5d265951c36f99849a5964747faa6540) Importer(815301076,1909f56bfc062723c751e8b465ee728b)
Start importing Assets/Low_Poly_Sci-fi_City/Buildings_Pack/Textures_Materials_Models/Materials/BuildingEmission3.mat using Guid(5d265951c36f99849a5964747faa6540) Importer(815301076,1909f56bfc062723c751e8b465ee728b) (PreviewImporter) -> (artifact id: '4a031dd68be95bdf510976801c247082') in 0.0660764 seconds
Number of updated asset objects reloaded before import = 0Number of asset objects unloaded after import = 1

========================================================================
Received Import Request.
  Time since last request: 0.000262 seconds.
  path: Assets/Low_Poly_Sci-fi_City/Buildings_Pack/Textures_Materials_Models/Materials/BuildingColor6.mat
  artifactKey: Guid(5f1fca5aad2d9784aab6cbc409a6847b) Importer(815301076,1909f56bfc062723c751e8b465ee728b)
Start importing Assets/Low_Poly_Sci-fi_City/Buildings_Pack/Textures_Materials_Models/Materials/BuildingColor6.mat using Guid(5f1fca5aad2d9784aab6cbc409a6847b) Importer(815301076,1909f56bfc062723c751e8b465ee728b) (PreviewImporter) -> (artifact id: '0c451100d8b9b417dceea4fd8969b25e') in 0.0741838 seconds
Number of updated asset objects reloaded before import = 0Number of asset objects unloaded after import = 1

========================================================================
Received Import Request.
  Time since last request: 0.000233 seconds.
  path: Assets/Low_Poly_Sci-fi_City/Buildings_Pack/Textures_Materials_Models/Materials/ScreensRoughness.mat
  artifactKey: Guid(b0db649227cd87943b47ec49fca96e01) Importer(815301076,1909f56bfc062723c751e8b465ee728b)
Start importing Assets/Low_Poly_Sci-fi_City/Buildings_Pack/Textures_Materials_Models/Materials/ScreensRoughness.mat using Guid(b0db649227cd87943b47ec49fca96e01) Importer(815301076,1909f56bfc062723c751e8b465ee728b) (PreviewImporter) -> (artifact id: 'a678027726f4bff07a90b1a19fd74626') in 0.0569478 seconds
Number of updated asset objects reloaded before import = 0Number of asset objects unloaded after import = 1

========================================================================
Received Import Request.
  Time since last request: 0.000126 seconds.
  path: Assets/Low_Poly_Sci-fi_City/Buildings_Pack/Textures_Materials_Models/Materials/BuildingRoughness.mat
  artifactKey: Guid(f8c32e940ef8bb845addedfa5fdd94ec) Importer(815301076,1909f56bfc062723c751e8b465ee728b)
Start importing Assets/Low_Poly_Sci-fi_City/Buildings_Pack/Textures_Materials_Models/Materials/BuildingRoughness.mat using Guid(f8c32e940ef8bb845addedfa5fdd94ec) Importer(815301076,1909f56bfc062723c751e8b465ee728b) (PreviewImporter) -> (artifact id: '5bc5c9754d37254fe5f18a0390fbceb0') in 0.0613889 seconds
Number of updated asset objects reloaded before import = 0Number of asset objects unloaded after import = 1

========================================================================
Received Import Request.
  Time since last request: 0.000310 seconds.
  path: Assets/Low_Poly_Sci-fi_City/Buildings_Pack/Textures_Materials_Models/Materials/BuildingMetallic.mat
  artifactKey: Guid(28ed039c442927d429a16cf306de1075) Importer(815301076,1909f56bfc062723c751e8b465ee728b)
Start importing Assets/Low_Poly_Sci-fi_City/Buildings_Pack/Textures_Materials_Models/Materials/BuildingMetallic.mat using Guid(28ed039c442927d429a16cf306de1075) Importer(815301076,1909f56bfc062723c751e8b465ee728b) (PreviewImporter) -> (artifact id: '52ecce024a7d3dc49ed85ede7d3d18d9') in 0.055714 seconds
Number of updated asset objects reloaded before import = 0Number of asset objects unloaded after import = 1

========================================================================
Received Prepare
Refreshing native plugins compatible for Editor in 1.12 ms, found 3 plugins.
Preloading 0 native plugins for Editor in 0.00 ms.
Unloading 16 Unused Serialized files (Serialized files now loaded: 0)
Unloading 6224 unused Assets / (4.7 MB). Loaded Objects now: 7259.
Memory consumption went from 178.0 MB to 173.3 MB.
Total: 1053.485900 ms (FindLiveObjects: 8.117900 ms CreateObjectMapping: 0.960100 ms MarkObjects: 1026.523000 ms  DeleteObjects: 17.878700 ms)

Prepare: number of updated asset objects reloaded= 0
========================================================================
Received Prepare
Begin MonoManager ReloadAssembly
[Licensing::Client] Successfully resolved entitlement details
- Loaded All Assemblies, in  3.946 seconds
Refreshing native plugins compatible for Editor in 7.26 ms, found 3 plugins.
Native extension for WindowsStandalone target not found
Native extension for WebGL target not found
[Package Manager] Failed to launch server process. Reason: Unity was launched with the -noUpm command-line argument
[Package Manager] Unable to send message (not connected to server process).
[Package Manager] Cannot connect to Unity Package Manager local server
ScheduleIndexationOnStartup MainProcess:False IndexOnStartup:True
Mono: successfully reloaded assembly
- Finished resetting the current domain, in  2.055 seconds
Domain Reload Profiling: 6017ms
	BeginReloadAssembly (890ms)
		ExecutionOrderSort (0ms)
		DisableScriptedObjects (104ms)
		BackupInstance (0ms)
		ReleaseScriptingObjects (1ms)
		CreateAndSetChildDomain (318ms)
	RebuildCommonClasses (77ms)
	RebuildNativeTypeToScriptingClass (17ms)
	initialDomainReloadingComplete (62ms)
	LoadAllAssembliesAndSetupDomain (2916ms)
		LoadAssemblies (2505ms)
		RebuildTransferFunctionScriptingTraits (0ms)
		AnalyzeDomain (721ms)
			TypeCache.Refresh (95ms)
				TypeCache.ScanAssembly (2ms)
			BuildScriptInfoCaches (534ms)
			ResolveRequiredComponents (26ms)
	FinalizeReload (2056ms)
		ReleaseScriptCaches (0ms)
		RebuildScriptCaches (0ms)
		SetupLoadedEditorAssemblies (1184ms)
			LogAssemblyErrors (0ms)
			InitializePlatformSupportModulesInManaged (7ms)
			SetLoadedEditorAssemblies (10ms)
			BeforeProcessingInitializeOnLoad (481ms)
			ProcessInitializeOnLoadAttributes (604ms)
			ProcessInitializeOnLoadMethodAttributes (74ms)
			AfterProcessingInitializeOnLoad (7ms)
			EditorAssembliesLoaded (1ms)
		ExecutionOrderSort2 (0ms)
		AwakeInstancesAfterBackupRestoration (16ms)
Refreshing native plugins compatible for Editor in 2.08 ms, found 3 plugins.
Preloading 0 native plugins for Editor in 0.00 ms.
Unloading 16 Unused Serialized files (Serialized files now loaded: 0)
Unloading 6219 unused Assets / (3.5 MB). Loaded Objects now: 7170.
Memory consumption went from 172.7 MB to 169.2 MB.
Total: 18.747800 ms (FindLiveObjects: 1.512200 ms CreateObjectMapping: 0.548900 ms MarkObjects: 11.121300 ms  DeleteObjects: 5.558600 ms)

Prepare: number of updated asset objects reloaded= 0
Editor requested this worker to shutdown with reason: Scaling down because of idle timeout
AssetImportWorker is now disconnected from the server
Process exiting
Exiting without the bug reporter. Application will terminate with return code 0