[Licensing::Module] Trying to connect to existing licensing client channel...
Built from '6000.3/staging' branch; Version is '6000.3.7f1 (696ec25a53d1) revision 6909634'; Using compiler version '194234433'; Build Type 'Release'
OS: 'Windows 11  (10.0.26200) CoreSingleLanguage' Language: 'es' Physical Memory: 7817 MB
BatchMode: 1, IsHumanControllingUs: 0, StartBugReporterOnCrash: 0, Is64bit: 1
[Licensing::IpcConnector] Successfully connected to: "LicenseClient-emman" at "2026-03-08T21:03:09.8077658Z"
System  architecture: x64
Process architecture: x64
Date: 2026-03-08T21:03:09Z

COMMAND LINE ARGUMENTS:
C:\Program Files\Unity\Hub\Editor\6000.3.7f1\Editor\Unity.exe
-adb2
-batchMode
-noUpm
-name
AssetImportWorker5
-projectPath
C:/Users/emman/Desktop/Proyecto  spiderman/SpiderMan
-logFile
Logs/AssetImportWorker5.log
-srvPort
63048
-licensingIpc
LicenseClient-emman
-job-worker-count
5
-background-job-worker-count
8
-gc-helper-count
1
-name
AssetImport
Successfully changed project path to: C:/Users/emman/Desktop/Proyecto  spiderman/SpiderMan
C:/Users/emman/Desktop/Proyecto  spiderman/SpiderMan
[UnityMemory] Configuration Parameters - Can be set up in boot.config
    "memorysetup-temp-allocator-size-nav-mesh-worker=65536"
    "memorysetup-temp-allocator-size-audio-worker=65536"
    "memorysetup-temp-allocator-size-gfx=262144"
    "memorysetup-allocator-temp-initial-block-size-main=262144"
    "memorysetup-allocator-temp-initial-block-size-worker=262144"
    "memorysetup-temp-allocator-size-background-worker=32768"
    "memorysetup-temp-allocator-size-job-worker=262144"
    "memorysetup-temp-allocator-size-preload-manager=33554432"
    "memorysetup-temp-allocator-size-gi-baking-worker=262144"
    "memorysetup-temp-allocator-size-gi-baking-worker=262144"
    "memorysetup-temp-allocator-size-gi-baking-worker=262144"
    "memorysetup-temp-allocator-size-gi-baking-worker=262144"
    "memorysetup-temp-allocator-size-gi-baking-worker=262144"
    "memorysetup-bucket-allocator-granularity=16"
    "memorysetup-bucket-allocator-bucket-count=8"
    "memorysetup-bucket-allocator-block-size=33554432"
    "memorysetup-bucket-allocator-block-count=8"
    "memorysetup-main-allocator-block-size=16777216"
    "memorysetup-thread-allocator-block-size=16777216"
    "memorysetup-gfx-main-allocator-block-size=16777216"
    "memorysetup-gfx-thread-allocator-block-size=16777216"
    "memorysetup-cache-allocator-block-size=4194304"
    "memorysetup-typetree-allocator-block-size=2097152"
    "memorysetup-profiler-bucket-allocator-granularity=16"
    "memorysetup-profiler-bucket-allocator-bucket-count=8"
    "memorysetup-profiler-bucket-allocator-block-size=33554432"
    "memorysetup-profiler-bucket-allocator-block-count=8"
    "memorysetup-profiler-allocator-block-size=16777216"
    "memorysetup-profiler-editor-allocator-block-size=1048576"
    "memorysetup-temp-allocator-size-main=16777216"
    "memorysetup-job-temp-allocator-block-size=2097152"
    "memorysetup-job-temp-allocator-block-size-background=1048576"
    "memorysetup-job-temp-allocator-reduction-small-platforms=262144"
    "memorysetup-temp-allocator-size-cloud-worker=32768"
Player connection [8128]  Target information:

Player connection [8128]  * "[IP] 192.168.56.1 [Port] 0 [Flags] 2 [Guid] 902928373 [EditorId] 902928373 [Version] 1048832 [Id] WindowsEditor(7,Emmanuel) [Debug] 1 [PackageName] WindowsEditor [ProjectName] Editor" 

Player connection [8128]  * "[IP] 192.168.1.73 [Port] 0 [Flags] 2 [Guid] 902928373 [EditorId] 902928373 [Version] 1048832 [Id] WindowsEditor(7,Emmanuel) [Debug] 1 [PackageName] WindowsEditor [ProjectName] Editor" 

Player connection [8128] Host joined multi-casting on [225.0.0.222:54997]...
Player connection [8128] Host joined alternative multi-casting on [225.0.0.222:34997]...
JobSystem: Creating JobQueue using job-worker-count value 5
Input System module state changed to: Initialized.
[Physics::Module] Initialized fallback backend.
[Physics::Module] Id: 0xdecafbad
Library Redirect Path: Library/
[Physics::Module] Selected backend.
[Physics::Module] Name: PhysX
[Physics::Module] Id: 0xf2b8ea05
[Physics::Module] SDK Version: 4.1.2
[Physics::Module] Integration Version: 1.0.0
[Physics::Module] Threading Mode: Multi-Threaded
Refreshing native plugins compatible for Editor in 16.61 ms, found 3 plugins.
Preloading 0 native plugins for Editor in 0.00 ms.
Initialize engine version: 6000.3.7f1 (696ec25a53d1)
[Subsystems] Discovering subsystems at path C:/Program Files/Unity/Hub/Editor/6000.3.7f1/Editor/Data/Resources/UnitySubsystems
[Subsystems] Discovering subsystems at path C:/Users/emman/Desktop/Proyecto  spiderman/SpiderMan/Assets
GfxDevice: creating device client; kGfxThreadingModeNonThreaded
Direct3D:
    Version:  Direct3D 11.0 [level 11.1]
    Renderer: Intel(R) UHD Graphics (ID=0xa7a8)
    Vendor:   Intel
    VRAM:     3908 MB
    Driver:   32.0.101.6737
Initialize mono
Mono path[0] = 'C:/Program Files/Unity/Hub/Editor/6000.3.7f1/Editor/Data/Managed'
Mono path[1] = 'C:/Program Files/Unity/Hub/Editor/6000.3.7f1/Editor/Data/MonoBleedingEdge/lib/mono/unityjit-win32'
Mono config path = 'C:/Program Files/Unity/Hub/Editor/6000.3.7f1/Editor/Data/MonoBleedingEdge/etc'
Using monoOptions --debugger-agent=transport=dt_socket,embedding=1,server=y,suspend=n,address=127.0.0.1:56456
Begin MonoManager ReloadAssembly
Registering precompiled unity dll's ...
Register platform support module: C:/Program Files/Unity/Hub/Editor/6000.3.7f1/Editor/Data/PlaybackEngines/WebGLSupport/UnityEditor.WebGL.Extensions.dll
Register platform support module: C:/Program Files/Unity/Hub/Editor/6000.3.7f1/Editor/Data/PlaybackEngines/WindowsStandaloneSupport/UnityEditor.WindowsStandalone.Extensions.dll
Registered in 0.044480 seconds.
- Loaded All Assemblies, in  1.629 seconds
[Licensing::Client] Handshaking with LicensingClient:
  Version:                 1.17.4+4293ba1
  Session Id:              dc1c87d9313f42faa2568fa97b5f647f
  Correlation Id:          fdd3f9d09113ec21e191d963fac01905
  External correlation Id: 4055010792703758896
  Machine Id:              hfF322bHII5vPWw5Tn5pXe0Ys6w=
[Licensing::Module] Successfully connected to LicensingClient on channel: "LicenseClient-emman" (connect: 0.00s, validation: 0.07s, handshake: 3.25s)
[Licensing::IpcConnector] Successfully connected to: "LicenseClient-emman-notifications" at "2026-03-08T21:03:13.1213502Z"
[Licensing::Module] Licensing Background thread has ended after 3.31s
Native extension for WindowsStandalone target not found
Native extension for WebGL target not found
ScheduleIndexationOnStartup MainProcess:False IndexOnStartup:True
Mono: successfully reloaded assembly
- Finished resetting the current domain, in  1.153 seconds
Domain Reload Profiling: 2783ms
	BeginReloadAssembly (638ms)
		ExecutionOrderSort (0ms)
		DisableScriptedObjects (0ms)
		BackupInstance (0ms)
		ReleaseScriptingObjects (0ms)
		CreateAndSetChildDomain (2ms)
	RebuildCommonClasses (114ms)
	RebuildNativeTypeToScriptingClass (39ms)
	initialDomainReloadingComplete (161ms)
	LoadAllAssembliesAndSetupDomain (676ms)
		LoadAssemblies (647ms)
		RebuildTransferFunctionScriptingTraits (0ms)
		AnalyzeDomain (654ms)
			TypeCache.Refresh (648ms)
				TypeCache.ScanAssembly (570ms)
			BuildScriptInfoCaches (0ms)
			ResolveRequiredComponents (1ms)
	FinalizeReload (1156ms)
		ReleaseScriptCaches (0ms)
		RebuildScriptCaches (0ms)
		SetupLoadedEditorAssemblies (951ms)
			LogAssemblyErrors (0ms)
			InitializePlatformSupportModulesInManaged (154ms)
			SetLoadedEditorAssemblies (13ms)
			BeforeProcessingInitializeOnLoad (248ms)
			ProcessInitializeOnLoadAttributes (329ms)
			ProcessInitializeOnLoadMethodAttributes (207ms)
			AfterProcessingInitializeOnLoad (0ms)
			EditorAssembliesLoaded (0ms)
		ExecutionOrderSort2 (0ms)
		AwakeInstancesAfterBackupRestoration (0ms)
========================================================================
Worker process is ready to serve import requests
Import Worker Mode flag is 0x00
Begin MonoManager ReloadAssembly
[Licensing::Client] Successfully resolved entitlement details
[Licensing::Module] License group:
  Id: 4674145662004-UnityPersXXXX
  Product: Unity Personal
  Type: Assigned
  Expiration: Unlimited
- Loaded All Assemblies, in  4.381 seconds
Refreshing native plugins compatible for Editor in 2.57 ms, found 3 plugins.
Native extension for WindowsStandalone target not found
Native extension for WebGL target not found
Package Manager log level set to [2]
[Package Manager] Failed to launch server process. Reason: Unity was launched with the -noUpm command-line argument
[Package Manager] Unable to send message (not connected to server process).
[Package Manager] Cannot connect to Unity Package Manager local server
ScheduleIndexationOnStartup MainProcess:False IndexOnStartup:True
Mono: successfully reloaded assembly
- Finished resetting the current domain, in  3.599 seconds
Domain Reload Profiling: 7973ms
	BeginReloadAssembly (640ms)
		ExecutionOrderSort (0ms)
		DisableScriptedObjects (31ms)
		BackupInstance (0ms)
		ReleaseScriptingObjects (0ms)
		CreateAndSetChildDomain (131ms)
	RebuildCommonClasses (107ms)
	RebuildNativeTypeToScriptingClass (26ms)
	initialDomainReloadingComplete (165ms)
	LoadAllAssembliesAndSetupDomain (3435ms)
		LoadAssemblies (2513ms)
		RebuildTransferFunctionScriptingTraits (0ms)
		AnalyzeDomain (1265ms)
			TypeCache.Refresh (1036ms)
				TypeCache.ScanAssembly (993ms)
			BuildScriptInfoCaches (166ms)
			ResolveRequiredComponents (40ms)
	FinalizeReload (3601ms)
		ReleaseScriptCaches (0ms)
		RebuildScriptCaches (0ms)
		SetupLoadedEditorAssemblies (2686ms)
			LogAssemblyErrors (0ms)
			InitializePlatformSupportModulesInManaged (16ms)
			SetLoadedEditorAssemblies (17ms)
			BeforeProcessingInitializeOnLoad (533ms)
			ProcessInitializeOnLoadAttributes (1654ms)
			ProcessInitializeOnLoadMethodAttributes (449ms)
			AfterProcessingInitializeOnLoad (15ms)
			EditorAssembliesLoaded (2ms)
		ExecutionOrderSort2 (0ms)
		AwakeInstancesAfterBackupRestoration (24ms)
Launched and connected shader compiler UnityShaderCompiler.exe after 0.05 seconds
Refreshing native plugins compatible for Editor in 5.40 ms, found 3 plugins.
Preloading 0 native plugins for Editor in 0.00 ms.
Unloading 16 Unused Serialized files (Serialized files now loaded: 0)
Unloading 6224 unused Assets / (4.5 MB). Loaded Objects now: 7024.
Memory consumption went from 140.7 MB to 136.2 MB.
Total: 38.719900 ms (FindLiveObjects: 4.045400 ms CreateObjectMapping: 2.532100 ms MarkObjects: 22.530500 ms  DeleteObjects: 9.604600 ms)

========================================================================
Received Import Request.
  Time since last request: 73625.827465 seconds.
  path: Assets/WhiteCity/Models/Roof/p5-1.fbx
  artifactKey: Guid(5d77dd436ac493a439791257e0461074) Importer(815301076,1909f56bfc062723c751e8b465ee728b)
Start importing Assets/WhiteCity/Models/Roof/p5-1.fbx using Guid(5d77dd436ac493a439791257e0461074) Importer(815301076,1909f56bfc062723c751e8b465ee728b) (PreviewImporter) -> (artifact id: '6116776a0431b9aa79cc5f42003a6079') in 2.0558494 seconds
Number of updated asset objects reloaded before import = 0Number of asset objects unloaded after import = 8

========================================================================
Received Import Request.
  Time since last request: 3.350156 seconds.
  path: Assets/WhiteCity/Offer/Ads/ad3.psd
  artifactKey: Guid(bdd85042d7ae51e4f82013d49db75edd) Importer(815301076,1909f56bfc062723c751e8b465ee728b)
Start importing Assets/WhiteCity/Offer/Ads/ad3.psd using Guid(bdd85042d7ae51e4f82013d49db75edd) Importer(815301076,1909f56bfc062723c751e8b465ee728b) (PreviewImporter) -> (artifact id: 'b1bddf4e5cafb71947b6628f643febbc') in 0.1017938 seconds
Number of updated asset objects reloaded before import = 0Number of asset objects unloaded after import = 2

========================================================================
Received Import Request.
  Time since last request: 49.959907 seconds.
  path: Assets/WhiteCity/Textures/Roof/p2.PNG
  artifactKey: Guid(38fe3005fffb8384997fcecde0a492f4) Importer(815301076,1909f56bfc062723c751e8b465ee728b)
Start importing Assets/WhiteCity/Textures/Roof/p2.PNG using Guid(38fe3005fffb8384997fcecde0a492f4) Importer(815301076,1909f56bfc062723c751e8b465ee728b) (PreviewImporter) -> (artifact id: 'bd7f41caf4d70d49ecd96434ddf292a5') in 0.0914438 seconds
Number of updated asset objects reloaded before import = 0Number of asset objects unloaded after import = 2

========================================================================
Received Import Request.
  Time since last request: 0.001141 seconds.
  path: Assets/WhiteCity/Textures/Roof/p3.png
  artifactKey: Guid(f8eea88e60170414db5d8fdc34e6527e) Importer(815301076,1909f56bfc062723c751e8b465ee728b)
Start importing Assets/WhiteCity/Textures/Roof/p3.png using Guid(f8eea88e60170414db5d8fdc34e6527e) Importer(815301076,1909f56bfc062723c751e8b465ee728b) (PreviewImporter) -> (artifact id: 'a171fa36e09663ef2316f436d22f1a06') in 0.0776624 seconds
Number of updated asset objects reloaded before import = 0Number of asset objects unloaded after import = 2

========================================================================
Received Import Request.
  Time since last request: 4.932320 seconds.
  path: Assets/WhiteCity/Textures/Buildings/3.png
  artifactKey: Guid(426137a77b8e3b64888c93516cb33ea3) Importer(815301076,1909f56bfc062723c751e8b465ee728b)
Start importing Assets/WhiteCity/Textures/Buildings/3.png using Guid(426137a77b8e3b64888c93516cb33ea3) Importer(815301076,1909f56bfc062723c751e8b465ee728b) (PreviewImporter) -> (artifact id: 'bd107a69dc993a9044425ebab41df11c') in 0.0568188 seconds
Number of updated asset objects reloaded before import = 0Number of asset objects unloaded after import = 2

========================================================================
Received Import Request.
  Time since last request: 0.000167 seconds.
  path: Assets/WhiteCity/Textures/Buildings/7.png
  artifactKey: Guid(291a8d39e3e4e374b82831225464867d) Importer(815301076,1909f56bfc062723c751e8b465ee728b)
Start importing Assets/WhiteCity/Textures/Buildings/7.png using Guid(291a8d39e3e4e374b82831225464867d) Importer(815301076,1909f56bfc062723c751e8b465ee728b) (PreviewImporter) -> (artifact id: '453bfe38cb3526512fde661bd8be801b') in 0.0692003 seconds
Number of updated asset objects reloaded before import = 0Number of asset objects unloaded after import = 2

========================================================================
Received Import Request.
  Time since last request: 0.000091 seconds.
  path: Assets/WhiteCity/Textures/Buildings/4.png
  artifactKey: Guid(36f575e8b20145d4a8f00baf4f8a22b3) Importer(815301076,1909f56bfc062723c751e8b465ee728b)
Start importing Assets/WhiteCity/Textures/Buildings/4.png using Guid(36f575e8b20145d4a8f00baf4f8a22b3) Importer(815301076,1909f56bfc062723c751e8b465ee728b) (PreviewImporter) -> (artifact id: '8f9dd3f9fca5c669f6b8b86cc8b18845') in 0.0669917 seconds
Number of updated asset objects reloaded before import = 0Number of asset objects unloaded after import = 2

========================================================================
Received Import Request.
  Time since last request: 30.376169 seconds.
  path: Assets/WhiteCity/Models/Buildings/Materials/03 (9).mat
  artifactKey: Guid(6cf9476470966604c9ce286a28a6b4dc) Importer(815301076,1909f56bfc062723c751e8b465ee728b)
Start importing Assets/WhiteCity/Models/Buildings/Materials/03 (9).mat using Guid(6cf9476470966604c9ce286a28a6b4dc) Importer(815301076,1909f56bfc062723c751e8b465ee728b) (PreviewImporter) -> (artifact id: 'd1952be60d55e754de4737974519f0d9') in 0.2408102 seconds
Number of updated asset objects reloaded before import = 0Number of asset objects unloaded after import = 1

========================================================================
Received Import Request.
  Time since last request: 0.000169 seconds.
  path: Assets/WhiteCity/Models/Buildings/Materials/b.mat
  artifactKey: Guid(6f3aa0dac2ff3d041a81464c85d6f60a) Importer(815301076,1909f56bfc062723c751e8b465ee728b)
Start importing Assets/WhiteCity/Models/Buildings/Materials/b.mat using Guid(6f3aa0dac2ff3d041a81464c85d6f60a) Importer(815301076,1909f56bfc062723c751e8b465ee728b) (PreviewImporter) -> (artifact id: '880eb062b7ec29930d1efde79e746b9e') in 0.0253957 seconds
Number of updated asset objects reloaded before import = 0Number of asset objects unloaded after import = 1

========================================================================
Received Import Request.
  Time since last request: 0.000460 seconds.
  path: Assets/WhiteCity/Models/Buildings/Materials/b5.mat
  artifactKey: Guid(f7d66f5a5cf854747a6809479c3564ec) Importer(815301076,1909f56bfc062723c751e8b465ee728b)
Start importing Assets/WhiteCity/Models/Buildings/Materials/b5.mat using Guid(f7d66f5a5cf854747a6809479c3564ec) Importer(815301076,1909f56bfc062723c751e8b465ee728b) (PreviewImporter) -> (artifact id: 'b363c5b3bf396d9ee44d1ffce6b533e0') in 0.0343136 seconds
Number of updated asset objects reloaded before import = 0Number of asset objects unloaded after import = 2

========================================================================
Received Import Request.
  Time since last request: 0.000077 seconds.
  path: Assets/WhiteCity/Models/Buildings/Materials/b6.mat
  artifactKey: Guid(8d6a8ab164fd36340871beae26805e66) Importer(815301076,1909f56bfc062723c751e8b465ee728b)
Start importing Assets/WhiteCity/Models/Buildings/Materials/b6.mat using Guid(8d6a8ab164fd36340871beae26805e66) Importer(815301076,1909f56bfc062723c751e8b465ee728b) (PreviewImporter) -> (artifact id: '3dcb20d035631442ecfd43099031df1a') in 0.0522187 seconds
Number of updated asset objects reloaded before import = 0Number of asset objects unloaded after import = 2

========================================================================
Received Import Request.
  Time since last request: 0.000113 seconds.
  path: Assets/WhiteCity/Models/Buildings/Materials/5.mat
  artifactKey: Guid(cf5ec46cca0e3784c8e8ed2adc07d424) Importer(815301076,1909f56bfc062723c751e8b465ee728b)
Start importing Assets/WhiteCity/Models/Buildings/Materials/5.mat using Guid(cf5ec46cca0e3784c8e8ed2adc07d424) Importer(815301076,1909f56bfc062723c751e8b465ee728b) (PreviewImporter) -> (artifact id: 'b218cf287d55274916478111a895c217') in 0.0428692 seconds
Number of updated asset objects reloaded before import = 0Number of asset objects unloaded after import = 2

========================================================================
Received Import Request.
  Time since last request: 0.000089 seconds.
  path: Assets/WhiteCity/Models/Buildings/Materials/b4-3.mat
  artifactKey: Guid(08a700b757b21744089a6ed03a436030) Importer(815301076,1909f56bfc062723c751e8b465ee728b)
Start importing Assets/WhiteCity/Models/Buildings/Materials/b4-3.mat using Guid(08a700b757b21744089a6ed03a436030) Importer(815301076,1909f56bfc062723c751e8b465ee728b) (PreviewImporter) -> (artifact id: '85f54ca61417ed28f4516b552223864d') in 0.0273437 seconds
Number of updated asset objects reloaded before import = 0Number of asset objects unloaded after import = 1

========================================================================
Received Import Request.
  Time since last request: 0.000042 seconds.
  path: Assets/WhiteCity/Models/Buildings/Materials/b4-1.mat
  artifactKey: Guid(16571a3bb7d80e3408d5bb613d38a483) Importer(815301076,1909f56bfc062723c751e8b465ee728b)
Start importing Assets/WhiteCity/Models/Buildings/Materials/b4-1.mat using Guid(16571a3bb7d80e3408d5bb613d38a483) Importer(815301076,1909f56bfc062723c751e8b465ee728b) (PreviewImporter) -> (artifact id: '91b6c6bb0db202c48f2815b5f51bb623') in 0.0412363 seconds
Number of updated asset objects reloaded before import = 0Number of asset objects unloaded after import = 2

========================================================================
Received Import Request.
  Time since last request: 0.000058 seconds.
  path: Assets/WhiteCity/Models/Buildings/Materials/x2.mat
  artifactKey: Guid(e2cd3d0b427e8e045bcea6c1754c51ef) Importer(815301076,1909f56bfc062723c751e8b465ee728b)
Start importing Assets/WhiteCity/Models/Buildings/Materials/x2.mat using Guid(e2cd3d0b427e8e045bcea6c1754c51ef) Importer(815301076,1909f56bfc062723c751e8b465ee728b) (PreviewImporter) -> (artifact id: '0de7b03a56953c6306a32fe15fe96ddc') in 0.0378571 seconds
Number of updated asset objects reloaded before import = 0Number of asset objects unloaded after import = 1

========================================================================
Received Import Request.
  Time since last request: 0.000196 seconds.
  path: Assets/WhiteCity/Models/Buildings/Materials/b4-2.mat
  artifactKey: Guid(0e5d9e87db75fbb41be0cdc300f654e9) Importer(815301076,1909f56bfc062723c751e8b465ee728b)
Start importing Assets/WhiteCity/Models/Buildings/Materials/b4-2.mat using Guid(0e5d9e87db75fbb41be0cdc300f654e9) Importer(815301076,1909f56bfc062723c751e8b465ee728b) (PreviewImporter) -> (artifact id: '190f71f2004c29a278f82054e6b3ae8a') in 0.0524622 seconds
Number of updated asset objects reloaded before import = 0Number of asset objects unloaded after import = 1

========================================================================
Received Import Request.
  Time since last request: 0.000125 seconds.
  path: Assets/WhiteCity/Models/Buildings/Materials/05 (8).mat
  artifactKey: Guid(0de8f807e4effcf488cd48d784a3a7b0) Importer(815301076,1909f56bfc062723c751e8b465ee728b)
Start importing Assets/WhiteCity/Models/Buildings/Materials/05 (8).mat using Guid(0de8f807e4effcf488cd48d784a3a7b0) Importer(815301076,1909f56bfc062723c751e8b465ee728b) (PreviewImporter) -> (artifact id: 'a59cee069df53e686e5c106a6b7436b1') in 0.0472033 seconds
Number of updated asset objects reloaded before import = 0Number of asset objects unloaded after import = 1

========================================================================
Received Import Request.
  Time since last request: 0.000068 seconds.
  path: Assets/WhiteCity/Models/Buildings/Materials/orange.mat
  artifactKey: Guid(e25753f11202b824d8204720b0b26e23) Importer(815301076,1909f56bfc062723c751e8b465ee728b)
Start importing Assets/WhiteCity/Models/Buildings/Materials/orange.mat using Guid(e25753f11202b824d8204720b0b26e23) Importer(815301076,1909f56bfc062723c751e8b465ee728b) (PreviewImporter) -> (artifact id: '0fbaf39bc21deddb1e624b0c67f73eb5') in 0.0587864 seconds
Number of updated asset objects reloaded before import = 0Number of asset objects unloaded after import = 1

========================================================================
Received Import Request.
  Time since last request: 0.000106 seconds.
  path: Assets/WhiteCity/Models/Buildings/Materials/b3-1.mat
  artifactKey: Guid(0cc39ea3a36172d439a872bcdf8c3d60) Importer(815301076,1909f56bfc062723c751e8b465ee728b)
Start importing Assets/WhiteCity/Models/Buildings/Materials/b3-1.mat using Guid(0cc39ea3a36172d439a872bcdf8c3d60) Importer(815301076,1909f56bfc062723c751e8b465ee728b) (PreviewImporter) -> (artifact id: 'b51b1a0cf0dd002c658e5eca6c605652') in 0.0456628 seconds
Number of updated asset objects reloaded before import = 0Number of asset objects unloaded after import = 1

========================================================================
Received Import Request.
  Time since last request: 0.000100 seconds.
  path: Assets/WhiteCity/Models/Buildings/Materials/v4.mat
  artifactKey: Guid(6d6f4c86b9b796f4f852501e0877173f) Importer(815301076,1909f56bfc062723c751e8b465ee728b)
Start importing Assets/WhiteCity/Models/Buildings/Materials/v4.mat using Guid(6d6f4c86b9b796f4f852501e0877173f) Importer(815301076,1909f56bfc062723c751e8b465ee728b) (PreviewImporter) -> (artifact id: 'dbaadcb15bfe1566e27079ada36364e1') in 0.0419616 seconds
Number of updated asset objects reloaded before import = 0Number of asset objects unloaded after import = 1

========================================================================
Received Import Request.
  Time since last request: 0.000076 seconds.
  path: Assets/WhiteCity/Models/Buildings/Materials/b9-2.mat
  artifactKey: Guid(aea4367c3439bfa4cb701b038e72d72a) Importer(815301076,1909f56bfc062723c751e8b465ee728b)
Start importing Assets/WhiteCity/Models/Buildings/Materials/b9-2.mat using Guid(aea4367c3439bfa4cb701b038e72d72a) Importer(815301076,1909f56bfc062723c751e8b465ee728b) (PreviewImporter) -> (artifact id: '6283e13bee6a2b75b7f82dd5137a7eaf') in 0.0467292 seconds
Number of updated asset objects reloaded before import = 0Number of asset objects unloaded after import = 1

Editor requested this worker to shutdown with reason: Scaling down because of idle timeout
AssetImportWorker is now disconnected from the server
Process exiting
Exiting without the bug reporter. Application will terminate with return code 0