[Licensing::Module] Trying to connect to existing licensing client channel...
Built from '6000.3/staging' branch; Version is '6000.3.7f1 (696ec25a53d1) revision 6909634'; Using compiler version '194234433'; Build Type 'Release'
OS: 'Windows 11  (10.0.26200) CoreSingleLanguage' Language: 'es' Physical Memory: 7817 MB
BatchMode: 1, IsHumanControllingUs: 0, StartBugReporterOnCrash: 0, Is64bit: 1
System  architecture: x64
Process architecture: x64
Date: 2026-03-08T20:49:27Z
[Licensing::IpcConnector] Successfully connected to: "LicenseClient-emman" at "2026-03-08T20:49:27.2769698Z"

COMMAND LINE ARGUMENTS:
C:\Program Files\Unity\Hub\Editor\6000.3.7f1\Editor\Unity.exe
-adb2
-batchMode
-noUpm
-name
AssetImportWorker2
-projectPath
C:/Users/emman/Desktop/Proyecto  spiderman/SpiderMan
-logFile
Logs/AssetImportWorker2.log
-srvPort
63048
-licensingIpc
LicenseClient-emman
-job-worker-count
5
-background-job-worker-count
8
-gc-helper-count
1
-name
AssetImport
Successfully changed project path to: C:/Users/emman/Desktop/Proyecto  spiderman/SpiderMan
C:/Users/emman/Desktop/Proyecto  spiderman/SpiderMan
[UnityMemory] Configuration Parameters - Can be set up in boot.config
    "memorysetup-temp-allocator-size-nav-mesh-worker=65536"
    "memorysetup-temp-allocator-size-audio-worker=65536"
    "memorysetup-temp-allocator-size-gfx=262144"
    "memorysetup-allocator-temp-initial-block-size-main=262144"
    "memorysetup-allocator-temp-initial-block-size-worker=262144"
    "memorysetup-temp-allocator-size-background-worker=32768"
    "memorysetup-temp-allocator-size-job-worker=262144"
    "memorysetup-temp-allocator-size-preload-manager=33554432"
    "memorysetup-temp-allocator-size-gi-baking-worker=262144"
    "memorysetup-temp-allocator-size-gi-baking-worker=262144"
    "memorysetup-temp-allocator-size-gi-baking-worker=262144"
    "memorysetup-temp-allocator-size-gi-baking-worker=262144"
    "memorysetup-temp-allocator-size-gi-baking-worker=262144"
    "memorysetup-bucket-allocator-granularity=16"
    "memorysetup-bucket-allocator-bucket-count=8"
    "memorysetup-bucket-allocator-block-size=33554432"
    "memorysetup-bucket-allocator-block-count=8"
    "memorysetup-main-allocator-block-size=16777216"
    "memorysetup-thread-allocator-block-size=16777216"
    "memorysetup-gfx-main-allocator-block-size=16777216"
    "memorysetup-gfx-thread-allocator-block-size=16777216"
    "memorysetup-cache-allocator-block-size=4194304"
    "memorysetup-typetree-allocator-block-size=2097152"
    "memorysetup-profiler-bucket-allocator-granularity=16"
    "memorysetup-profiler-bucket-allocator-bucket-count=8"
    "memorysetup-profiler-bucket-allocator-block-size=33554432"
    "memorysetup-profiler-bucket-allocator-block-count=8"
    "memorysetup-profiler-allocator-block-size=16777216"
    "memorysetup-profiler-editor-allocator-block-size=1048576"
    "memorysetup-temp-allocator-size-main=16777216"
    "memorysetup-job-temp-allocator-block-size=2097152"
    "memorysetup-job-temp-allocator-block-size-background=1048576"
    "memorysetup-job-temp-allocator-reduction-small-platforms=262144"
    "memorysetup-temp-allocator-size-cloud-worker=32768"
Player connection [1816]  Target information:

Player connection [1816]  * "[IP] 192.168.56.1 [Port] 0 [Flags] 2 [Guid] 2466861261 [EditorId] 2466861261 [Version] 1048832 [Id] WindowsEditor(7,Emmanuel) [Debug] 1 [PackageName] WindowsEditor [ProjectName] Editor" 

Player connection [1816]  * "[IP] 192.168.1.73 [Port] 0 [Flags] 2 [Guid] 2466861261 [EditorId] 2466861261 [Version] 1048832 [Id] WindowsEditor(7,Emmanuel) [Debug] 1 [PackageName] WindowsEditor [ProjectName] Editor" 

Player connection [1816] Host joined multi-casting on [225.0.0.222:54997]...
Player connection [1816] Host joined alternative multi-casting on [225.0.0.222:34997]...
JobSystem: Creating JobQueue using job-worker-count value 5
Input System module state changed to: Initialized.
[Physics::Module] Initialized fallback backend.
[Physics::Module] Id: 0xdecafbad
Library Redirect Path: Library/
[Physics::Module] Selected backend.
[Physics::Module] Name: PhysX
[Physics::Module] Id: 0xf2b8ea05
[Physics::Module] SDK Version: 4.1.2
[Physics::Module] Integration Version: 1.0.0
[Physics::Module] Threading Mode: Multi-Threaded
Refreshing native plugins compatible for Editor in 401.86 ms, found 3 plugins.
Preloading 0 native plugins for Editor in 0.00 ms.
Initialize engine version: 6000.3.7f1 (696ec25a53d1)
[Subsystems] Discovering subsystems at path C:/Program Files/Unity/Hub/Editor/6000.3.7f1/Editor/Data/Resources/UnitySubsystems
[Subsystems] Discovering subsystems at path C:/Users/emman/Desktop/Proyecto  spiderman/SpiderMan/Assets
GfxDevice: creating device client; kGfxThreadingModeNonThreaded
Direct3D:
    Version:  Direct3D 11.0 [level 11.1]
    Renderer: Intel(R) UHD Graphics (ID=0xa7a8)
    Vendor:   Intel
    VRAM:     3908 MB
    Driver:   32.0.101.6737
[Licensing::Client] Handshaking with LicensingClient:
  Version:                 1.17.4+4293ba1
  Session Id:              c631398fc6724a1985dfd4a433a507bb
  Correlation Id:          fdd3f9d09113ec21e191d963fac01905
  External correlation Id: 8759090046085888470
  Machine Id:              hfF322bHII5vPWw5Tn5pXe0Ys6w=
[Licensing::Module] Successfully connected to LicensingClient on channel: "LicenseClient-emman" (connect: 0.00s, validation: 0.07s, handshake: 4.33s)
[Licensing::IpcConnector] Successfully connected to: "LicenseClient-emman-notifications" at "2026-03-08T20:49:31.6803483Z"
[Licensing::Module] Licensing Background thread has ended after 4.41s
Initialize mono
Mono path[0] = 'C:/Program Files/Unity/Hub/Editor/6000.3.7f1/Editor/Data/Managed'
Mono path[1] = 'C:/Program Files/Unity/Hub/Editor/6000.3.7f1/Editor/Data/MonoBleedingEdge/lib/mono/unityjit-win32'
Mono config path = 'C:/Program Files/Unity/Hub/Editor/6000.3.7f1/Editor/Data/MonoBleedingEdge/etc'
Using monoOptions --debugger-agent=transport=dt_socket,embedding=1,server=y,suspend=n,address=127.0.0.1:56448
Begin MonoManager ReloadAssembly
Registering precompiled unity dll's ...
Register platform support module: C:/Program Files/Unity/Hub/Editor/6000.3.7f1/Editor/Data/PlaybackEngines/WebGLSupport/UnityEditor.WebGL.Extensions.dll
Register platform support module: C:/Program Files/Unity/Hub/Editor/6000.3.7f1/Editor/Data/PlaybackEngines/WindowsStandaloneSupport/UnityEditor.WindowsStandalone.Extensions.dll
Registered in 0.011791 seconds.
- Loaded All Assemblies, in  8.372 seconds
Native extension for WindowsStandalone target not found
Native extension for WebGL target not found
ScheduleIndexationOnStartup MainProcess:False IndexOnStartup:True
Mono: successfully reloaded assembly
- Finished resetting the current domain, in  1.644 seconds
Domain Reload Profiling: 10014ms
	BeginReloadAssembly (694ms)
		ExecutionOrderSort (5ms)
		DisableScriptedObjects (0ms)
		BackupInstance (0ms)
		ReleaseScriptingObjects (0ms)
		CreateAndSetChildDomain (11ms)
	RebuildCommonClasses (2083ms)
	RebuildNativeTypeToScriptingClass (34ms)
	initialDomainReloadingComplete (211ms)
	LoadAllAssembliesAndSetupDomain (5345ms)
		LoadAssemblies (673ms)
		RebuildTransferFunctionScriptingTraits (0ms)
		AnalyzeDomain (5328ms)
			TypeCache.Refresh (5316ms)
				TypeCache.ScanAssembly (4289ms)
			BuildScriptInfoCaches (1ms)
			ResolveRequiredComponents (2ms)
	FinalizeReload (1647ms)
		ReleaseScriptCaches (0ms)
		RebuildScriptCaches (0ms)
		SetupLoadedEditorAssemblies (1450ms)
			LogAssemblyErrors (0ms)
			InitializePlatformSupportModulesInManaged (130ms)
			SetLoadedEditorAssemblies (9ms)
			BeforeProcessingInitializeOnLoad (285ms)
			ProcessInitializeOnLoadAttributes (629ms)
			ProcessInitializeOnLoadMethodAttributes (395ms)
			AfterProcessingInitializeOnLoad (0ms)
			EditorAssembliesLoaded (1ms)
		ExecutionOrderSort2 (0ms)
		AwakeInstancesAfterBackupRestoration (0ms)
========================================================================
Worker process is ready to serve import requests
Import Worker Mode flag is 0x00
Begin MonoManager ReloadAssembly
[Licensing::Client] Successfully resolved entitlement details
[Licensing::Module] License group:
  Id: 4674145662004-UnityPersXXXX
  Product: Unity Personal
  Type: Assigned
  Expiration: Unlimited
- Loaded All Assemblies, in  4.037 seconds
Refreshing native plugins compatible for Editor in 6.58 ms, found 3 plugins.
Native extension for WindowsStandalone target not found
Native extension for WebGL target not found
Package Manager log level set to [2]
[Package Manager] Failed to launch server process. Reason: Unity was launched with the -noUpm command-line argument
[Package Manager] Unable to send message (not connected to server process).
[Package Manager] Cannot connect to Unity Package Manager local server
ScheduleIndexationOnStartup MainProcess:False IndexOnStartup:True
Mono: successfully reloaded assembly
- Finished resetting the current domain, in  5.168 seconds
Domain Reload Profiling: 9165ms
	BeginReloadAssembly (1197ms)
		ExecutionOrderSort (0ms)
		DisableScriptedObjects (23ms)
		BackupInstance (0ms)
		ReleaseScriptingObjects (0ms)
		CreateAndSetChildDomain (327ms)
	RebuildCommonClasses (179ms)
	RebuildNativeTypeToScriptingClass (38ms)
	initialDomainReloadingComplete (158ms)
	LoadAllAssembliesAndSetupDomain (2422ms)
		LoadAssemblies (2035ms)
		RebuildTransferFunctionScriptingTraits (0ms)
		AnalyzeDomain (1013ms)
			TypeCache.Refresh (686ms)
				TypeCache.ScanAssembly (607ms)
			BuildScriptInfoCaches (266ms)
			ResolveRequiredComponents (40ms)
	FinalizeReload (5172ms)
		ReleaseScriptCaches (0ms)
		RebuildScriptCaches (0ms)
		SetupLoadedEditorAssemblies (2807ms)
			LogAssemblyErrors (0ms)
			InitializePlatformSupportModulesInManaged (19ms)
			SetLoadedEditorAssemblies (28ms)
			BeforeProcessingInitializeOnLoad (633ms)
			ProcessInitializeOnLoadAttributes (1818ms)
			ProcessInitializeOnLoadMethodAttributes (284ms)
			AfterProcessingInitializeOnLoad (23ms)
			EditorAssembliesLoaded (2ms)
		ExecutionOrderSort2 (0ms)
		AwakeInstancesAfterBackupRestoration (37ms)
Launched and connected shader compiler UnityShaderCompiler.exe after 0.32 seconds
Refreshing native plugins compatible for Editor in 12.12 ms, found 3 plugins.
Preloading 0 native plugins for Editor in 0.00 ms.
Unloading 16 Unused Serialized files (Serialized files now loaded: 0)
Unloading 6227 unused Assets / (4.4 MB). Loaded Objects now: 7025.
Memory consumption went from 143.7 MB to 139.3 MB.
Total: 64.797600 ms (FindLiveObjects: 6.226000 ms CreateObjectMapping: 5.358600 ms MarkObjects: 36.328800 ms  DeleteObjects: 16.869900 ms)

========================================================================
Received Import Request.
  Time since last request: 72820.559776 seconds.
  path: Assets/Low_Poly_Sci-fi_City/Buildings_Pack/Prefabs/Pieces/Bench_4m_Pink.prefab
  artifactKey: Guid(9063cc547638a1e4f9e85045839dac2b) Importer(815301076,1909f56bfc062723c751e8b465ee728b)
Start importing Assets/Low_Poly_Sci-fi_City/Buildings_Pack/Prefabs/Pieces/Bench_4m_Pink.prefab using Guid(9063cc547638a1e4f9e85045839dac2b) Importer(815301076,1909f56bfc062723c751e8b465ee728b) (PreviewImporter) -> (artifact id: 'ed1f6217df2606dd994b9123e18e573f') in 1.686267 seconds
Number of updated asset objects reloaded before import = 0Number of asset objects unloaded after import = 14

========================================================================
Received Import Request.
  Time since last request: 7.589705 seconds.
  path: Assets/Low_Poly_Sci-fi_City/Buildings_Pack/Prefabs/Pieces/EmpireStandRed.prefab
  artifactKey: Guid(9ca38fb28aba8614f8552c8eca299da3) Importer(815301076,1909f56bfc062723c751e8b465ee728b)
Start importing Assets/Low_Poly_Sci-fi_City/Buildings_Pack/Prefabs/Pieces/EmpireStandRed.prefab using Guid(9ca38fb28aba8614f8552c8eca299da3) Importer(815301076,1909f56bfc062723c751e8b465ee728b) (PreviewImporter) -> (artifact id: '74350b1a0ba17a4c8cd0b27caf1d20bd') in 0.2823222 seconds
Number of updated asset objects reloaded before import = 0Number of asset objects unloaded after import = 14

========================================================================
Received Import Request.
  Time since last request: 0.000077 seconds.
  path: Assets/Low_Poly_Sci-fi_City/Buildings_Pack/Prefabs/Pieces/FridgeRed.prefab
  artifactKey: Guid(c4d41e50b5b41994f8b02312d30d3217) Importer(815301076,1909f56bfc062723c751e8b465ee728b)
Start importing Assets/Low_Poly_Sci-fi_City/Buildings_Pack/Prefabs/Pieces/FridgeRed.prefab using Guid(c4d41e50b5b41994f8b02312d30d3217) Importer(815301076,1909f56bfc062723c751e8b465ee728b) (PreviewImporter) -> (artifact id: '545301e2101bed08c89f579ec9f6f50f') in 0.2833752 seconds
Number of updated asset objects reloaded before import = 0Number of asset objects unloaded after import = 14

========================================================================
Received Import Request.
  Time since last request: 0.000119 seconds.
  path: Assets/Low_Poly_Sci-fi_City/Buildings_Pack/Prefabs/Pieces/Helic05LightGrayYellow.prefab
  artifactKey: Guid(53398f4a252c1914687e9c0ab8720d65) Importer(815301076,1909f56bfc062723c751e8b465ee728b)
Start importing Assets/Low_Poly_Sci-fi_City/Buildings_Pack/Prefabs/Pieces/Helic05LightGrayYellow.prefab using Guid(53398f4a252c1914687e9c0ab8720d65) Importer(815301076,1909f56bfc062723c751e8b465ee728b) (PreviewImporter) -> (artifact id: '95f9c1bf9b35933a980e206a1262ff4c') in 0.2723197 seconds
Number of updated asset objects reloaded before import = 0Number of asset objects unloaded after import = 14

========================================================================
Received Import Request.
  Time since last request: 0.000068 seconds.
  path: Assets/Low_Poly_Sci-fi_City/Buildings_Pack/Prefabs/Pieces/GeneratorStandYellow.prefab
  artifactKey: Guid(e9ae5d06c2afcb64bb42f1c18ba40b31) Importer(815301076,1909f56bfc062723c751e8b465ee728b)
Start importing Assets/Low_Poly_Sci-fi_City/Buildings_Pack/Prefabs/Pieces/GeneratorStandYellow.prefab using Guid(e9ae5d06c2afcb64bb42f1c18ba40b31) Importer(815301076,1909f56bfc062723c751e8b465ee728b) (PreviewImporter) -> (artifact id: 'dd131cd4729cc20eb22d8d33875abf3a') in 0.2823555 seconds
Number of updated asset objects reloaded before import = 0Number of asset objects unloaded after import = 14

========================================================================
Received Import Request.
  Time since last request: 0.000348 seconds.
  path: Assets/Low_Poly_Sci-fi_City/Buildings_Pack/Prefabs/Pieces/Helic01DarkBlueYellow.prefab
  artifactKey: Guid(f4d27eef95881474bbc94af78a365913) Importer(815301076,1909f56bfc062723c751e8b465ee728b)
Start importing Assets/Low_Poly_Sci-fi_City/Buildings_Pack/Prefabs/Pieces/Helic01DarkBlueYellow.prefab using Guid(f4d27eef95881474bbc94af78a365913) Importer(815301076,1909f56bfc062723c751e8b465ee728b) (PreviewImporter) -> (artifact id: '665f429ae8fbdcc5adb60b3f7008bc7f') in 0.2690718 seconds
Number of updated asset objects reloaded before import = 0Number of asset objects unloaded after import = 14

========================================================================
Received Import Request.
  Time since last request: 0.000152 seconds.
  path: Assets/Low_Poly_Sci-fi_City/Buildings_Pack/Prefabs/Pieces/Helic01BlackAqua.prefab
  artifactKey: Guid(4c5ad46d7a732634290816b5cd1fd93c) Importer(815301076,1909f56bfc062723c751e8b465ee728b)
Start importing Assets/Low_Poly_Sci-fi_City/Buildings_Pack/Prefabs/Pieces/Helic01BlackAqua.prefab using Guid(4c5ad46d7a732634290816b5cd1fd93c) Importer(815301076,1909f56bfc062723c751e8b465ee728b) (PreviewImporter) -> (artifact id: 'b11a014199df3c5712a5a30962acee4e') in 0.2509033 seconds
Number of updated asset objects reloaded before import = 0Number of asset objects unloaded after import = 14

========================================================================
Received Import Request.
  Time since last request: 0.000118 seconds.
  path: Assets/Low_Poly_Sci-fi_City/Buildings_Pack/Prefabs/Pieces/GeneratorGray.prefab
  artifactKey: Guid(eb7299399f314b941b921d646ec2ac45) Importer(815301076,1909f56bfc062723c751e8b465ee728b)
Start importing Assets/Low_Poly_Sci-fi_City/Buildings_Pack/Prefabs/Pieces/GeneratorGray.prefab using Guid(eb7299399f314b941b921d646ec2ac45) Importer(815301076,1909f56bfc062723c751e8b465ee728b) (PreviewImporter) -> (artifact id: '4fe3e5c93ce8291bbd4b4d984daba696') in 0.2903804 seconds
Number of updated asset objects reloaded before import = 0Number of asset objects unloaded after import = 14

========================================================================
Received Import Request.
  Time since last request: 0.000294 seconds.
  path: Assets/Low_Poly_Sci-fi_City/Buildings_Pack/Prefabs/Pieces/FridgePurple.prefab
  artifactKey: Guid(f866681ddff3dd341bc629458a76d1ed) Importer(815301076,1909f56bfc062723c751e8b465ee728b)
Start importing Assets/Low_Poly_Sci-fi_City/Buildings_Pack/Prefabs/Pieces/FridgePurple.prefab using Guid(f866681ddff3dd341bc629458a76d1ed) Importer(815301076,1909f56bfc062723c751e8b465ee728b) (PreviewImporter) -> (artifact id: '6a207f5bda92d039037a24cc1bfbf573') in 0.3272275 seconds
Number of updated asset objects reloaded before import = 0Number of asset objects unloaded after import = 14

========================================================================
Received Import Request.
  Time since last request: 0.000175 seconds.
  path: Assets/Low_Poly_Sci-fi_City/Buildings_Pack/Prefabs/Pieces/Helic04BlueAqua.prefab
  artifactKey: Guid(ecc7416663667f547b24a13b3c014224) Importer(815301076,1909f56bfc062723c751e8b465ee728b)
Start importing Assets/Low_Poly_Sci-fi_City/Buildings_Pack/Prefabs/Pieces/Helic04BlueAqua.prefab using Guid(ecc7416663667f547b24a13b3c014224) Importer(815301076,1909f56bfc062723c751e8b465ee728b) (PreviewImporter) -> (artifact id: '179e9df33b7e3d76d8c53e36adb4a033') in 0.2766406 seconds
Number of updated asset objects reloaded before import = 0Number of asset objects unloaded after import = 14

========================================================================
Received Import Request.
  Time since last request: 0.000251 seconds.
  path: Assets/Low_Poly_Sci-fi_City/Buildings_Pack/Prefabs/Pieces/Helic04LightGrayPink.prefab
  artifactKey: Guid(89db7dce8cf40b2428a0e0e59e0b58d0) Importer(815301076,1909f56bfc062723c751e8b465ee728b)
Start importing Assets/Low_Poly_Sci-fi_City/Buildings_Pack/Prefabs/Pieces/Helic04LightGrayPink.prefab using Guid(89db7dce8cf40b2428a0e0e59e0b58d0) Importer(815301076,1909f56bfc062723c751e8b465ee728b) (PreviewImporter) -> (artifact id: '5fefb5be94ec929a7cc99207d75ee1d1') in 0.2653205 seconds
Number of updated asset objects reloaded before import = 0Number of asset objects unloaded after import = 14

========================================================================
Received Import Request.
  Time since last request: 0.000150 seconds.
  path: Assets/Low_Poly_Sci-fi_City/Buildings_Pack/Prefabs/Pieces/GeneratorStandGray 1.prefab
  artifactKey: Guid(2da65121fde63994d99f7ac6525350cb) Importer(815301076,1909f56bfc062723c751e8b465ee728b)
Start importing Assets/Low_Poly_Sci-fi_City/Buildings_Pack/Prefabs/Pieces/GeneratorStandGray 1.prefab using Guid(2da65121fde63994d99f7ac6525350cb) Importer(815301076,1909f56bfc062723c751e8b465ee728b) (PreviewImporter) -> (artifact id: 'fc9e04baee6b8744a2c8b3cca07f9eea') in 0.2924068 seconds
Number of updated asset objects reloaded before import = 0Number of asset objects unloaded after import = 14

========================================================================
Received Import Request.
  Time since last request: 0.000396 seconds.
  path: Assets/Low_Poly_Sci-fi_City/Buildings_Pack/Prefabs/Pieces/Helic05DarkGrayAqua.prefab
  artifactKey: Guid(6f536e3cd9ae64044b6367a56d9d2ecd) Importer(815301076,1909f56bfc062723c751e8b465ee728b)
Start importing Assets/Low_Poly_Sci-fi_City/Buildings_Pack/Prefabs/Pieces/Helic05DarkGrayAqua.prefab using Guid(6f536e3cd9ae64044b6367a56d9d2ecd) Importer(815301076,1909f56bfc062723c751e8b465ee728b) (PreviewImporter) -> (artifact id: 'eaa5e11c5e7ab9e486e2a173b28706ea') in 0.3606072 seconds
Number of updated asset objects reloaded before import = 0Number of asset objects unloaded after import = 14

========================================================================
Received Import Request.
  Time since last request: 0.000336 seconds.
  path: Assets/Low_Poly_Sci-fi_City/Buildings_Pack/Prefabs/Pieces/H1StandYellow.prefab
  artifactKey: Guid(4986ef021f8555e438051c3d95ce51a3) Importer(815301076,1909f56bfc062723c751e8b465ee728b)
Start importing Assets/Low_Poly_Sci-fi_City/Buildings_Pack/Prefabs/Pieces/H1StandYellow.prefab using Guid(4986ef021f8555e438051c3d95ce51a3) Importer(815301076,1909f56bfc062723c751e8b465ee728b) (PreviewImporter) -> (artifact id: '38253d0c3ba7334792dbf51a8f781d7c') in 0.3322507 seconds
Number of updated asset objects reloaded before import = 0Number of asset objects unloaded after import = 14

========================================================================
Received Import Request.
  Time since last request: 0.000445 seconds.
  path: Assets/Low_Poly_Sci-fi_City/Buildings_Pack/Prefabs/Pieces/Helic03DarkBlueCyan.prefab
  artifactKey: Guid(7fe43dd69a559ba4aa526f0b21792848) Importer(815301076,1909f56bfc062723c751e8b465ee728b)
Start importing Assets/Low_Poly_Sci-fi_City/Buildings_Pack/Prefabs/Pieces/Helic03DarkBlueCyan.prefab using Guid(7fe43dd69a559ba4aa526f0b21792848) Importer(815301076,1909f56bfc062723c751e8b465ee728b) (PreviewImporter) -> (artifact id: '26d6633e48e036643f264981a7bf988a') in 0.2908888 seconds
Number of updated asset objects reloaded before import = 0Number of asset objects unloaded after import = 14

========================================================================
Received Import Request.
  Time since last request: 0.000247 seconds.
  path: Assets/Low_Poly_Sci-fi_City/Buildings_Pack/Prefabs/Pieces/GeneratorStandPurple.prefab
  artifactKey: Guid(875cb1510d2b3c54783101e7cfff3522) Importer(815301076,1909f56bfc062723c751e8b465ee728b)
Start importing Assets/Low_Poly_Sci-fi_City/Buildings_Pack/Prefabs/Pieces/GeneratorStandPurple.prefab using Guid(875cb1510d2b3c54783101e7cfff3522) Importer(815301076,1909f56bfc062723c751e8b465ee728b) (PreviewImporter) -> (artifact id: '6f15bdd8c9cbe338d1d745d29bd3e100') in 0.3132635 seconds
Number of updated asset objects reloaded before import = 0Number of asset objects unloaded after import = 14

========================================================================
Received Import Request.
  Time since last request: 0.000347 seconds.
  path: Assets/Low_Poly_Sci-fi_City/Buildings_Pack/Prefabs/Pieces/GeneratorStandOrange.prefab
  artifactKey: Guid(675a57a0042cbfc4a8b4e09c049bbcd2) Importer(815301076,1909f56bfc062723c751e8b465ee728b)
Start importing Assets/Low_Poly_Sci-fi_City/Buildings_Pack/Prefabs/Pieces/GeneratorStandOrange.prefab using Guid(675a57a0042cbfc4a8b4e09c049bbcd2) Importer(815301076,1909f56bfc062723c751e8b465ee728b) (PreviewImporter) -> (artifact id: 'dcfcf3292bb7d1c991fe4723a5672b44') in 0.3067634 seconds
Number of updated asset objects reloaded before import = 0Number of asset objects unloaded after import = 14

========================================================================
Received Import Request.
  Time since last request: 0.000092 seconds.
  path: Assets/Low_Poly_Sci-fi_City/Buildings_Pack/Textures_Materials_Models/Textures/BuildingColor3.png
  artifactKey: Guid(1a2ed19a8dab98f4eb3d8ed19c9fcda6) Importer(815301076,1909f56bfc062723c751e8b465ee728b)
Start importing Assets/Low_Poly_Sci-fi_City/Buildings_Pack/Textures_Materials_Models/Textures/BuildingColor3.png using Guid(1a2ed19a8dab98f4eb3d8ed19c9fcda6) Importer(815301076,1909f56bfc062723c751e8b465ee728b) (PreviewImporter) -> (artifact id: '1d2bf9c6035c415f0824e66dd0eb766d') in 0.1644544 seconds
Number of updated asset objects reloaded before import = 0Number of asset objects unloaded after import = 2

========================================================================
Received Import Request.
  Time since last request: 0.000178 seconds.
  path: Assets/Low_Poly_Sci-fi_City/Buildings_Pack/Textures_Materials_Models/Textures/BuildingEmission5Day.png
  artifactKey: Guid(6d80004138263e14080cc862001e1d29) Importer(815301076,1909f56bfc062723c751e8b465ee728b)
Start importing Assets/Low_Poly_Sci-fi_City/Buildings_Pack/Textures_Materials_Models/Textures/BuildingEmission5Day.png using Guid(6d80004138263e14080cc862001e1d29) Importer(815301076,1909f56bfc062723c751e8b465ee728b) (PreviewImporter) -> (artifact id: '005d80d0c00f9a4d53bd547fa47f7d6d') in 0.1068731 seconds
Number of updated asset objects reloaded before import = 0Number of asset objects unloaded after import = 2

========================================================================
Received Import Request.
  Time since last request: 0.000256 seconds.
  path: Assets/Low_Poly_Sci-fi_City/Buildings_Pack/Textures_Materials_Models/Textures/BuildingRoughness1.png
  artifactKey: Guid(04aa6c31d9a98344c914069f611361c7) Importer(815301076,1909f56bfc062723c751e8b465ee728b)
Start importing Assets/Low_Poly_Sci-fi_City/Buildings_Pack/Textures_Materials_Models/Textures/BuildingRoughness1.png using Guid(04aa6c31d9a98344c914069f611361c7) Importer(815301076,1909f56bfc062723c751e8b465ee728b) (PreviewImporter) -> (artifact id: '7b2b8cc324f9d5f6a7bbdbb546a000b8') in 0.0816231 seconds
Number of updated asset objects reloaded before import = 0Number of asset objects unloaded after import = 2

========================================================================
Received Import Request.
  Time since last request: 0.000093 seconds.
  path: Assets/Low_Poly_Sci-fi_City/Buildings_Pack/Textures_Materials_Models/Textures/BuildingEmission3.png
  artifactKey: Guid(dac46277f5e32b443b2cf7327b9979cd) Importer(815301076,1909f56bfc062723c751e8b465ee728b)
Start importing Assets/Low_Poly_Sci-fi_City/Buildings_Pack/Textures_Materials_Models/Textures/BuildingEmission3.png using Guid(dac46277f5e32b443b2cf7327b9979cd) Importer(815301076,1909f56bfc062723c751e8b465ee728b) (PreviewImporter) -> (artifact id: '7e767ccad766e5e29f992cae83e282de') in 0.0877196 seconds
Number of updated asset objects reloaded before import = 0Number of asset objects unloaded after import = 2

========================================================================
Received Import Request.
  Time since last request: 0.000103 seconds.
  path: Assets/Low_Poly_Sci-fi_City/Buildings_Pack/Textures_Materials_Models/Textures/BuildingEmission4.png
  artifactKey: Guid(9d33ccc2780961748af59d7b9ae83ab1) Importer(815301076,1909f56bfc062723c751e8b465ee728b)
Start importing Assets/Low_Poly_Sci-fi_City/Buildings_Pack/Textures_Materials_Models/Textures/BuildingEmission4.png using Guid(9d33ccc2780961748af59d7b9ae83ab1) Importer(815301076,1909f56bfc062723c751e8b465ee728b) (PreviewImporter) -> (artifact id: '692d357b5cfa58c20ab27ef811456d34') in 0.0992843 seconds
Number of updated asset objects reloaded before import = 0Number of asset objects unloaded after import = 2

========================================================================
Received Import Request.
  Time since last request: 0.000153 seconds.
  path: Assets/Low_Poly_Sci-fi_City/Buildings_Pack/Textures_Materials_Models/Textures/BuildingEmission3Day.png
  artifactKey: Guid(e496f71b81fc6c44cb24b8b8329fa0ca) Importer(815301076,1909f56bfc062723c751e8b465ee728b)
Start importing Assets/Low_Poly_Sci-fi_City/Buildings_Pack/Textures_Materials_Models/Textures/BuildingEmission3Day.png using Guid(e496f71b81fc6c44cb24b8b8329fa0ca) Importer(815301076,1909f56bfc062723c751e8b465ee728b) (PreviewImporter) -> (artifact id: 'eb79df1a185f62eb844a5403b96206ae') in 0.1136606 seconds
Number of updated asset objects reloaded before import = 0Number of asset objects unloaded after import = 2

========================================================================
Received Import Request.
  Time since last request: 0.000315 seconds.
  path: Assets/Low_Poly_Sci-fi_City/Buildings_Pack/Textures_Materials_Models/Textures/BuildingColor1.png
  artifactKey: Guid(ebecd3c37c4e36748bd9a62c94bc1fed) Importer(815301076,1909f56bfc062723c751e8b465ee728b)
Start importing Assets/Low_Poly_Sci-fi_City/Buildings_Pack/Textures_Materials_Models/Textures/BuildingColor1.png using Guid(ebecd3c37c4e36748bd9a62c94bc1fed) Importer(815301076,1909f56bfc062723c751e8b465ee728b) (PreviewImporter) -> (artifact id: '2f88c5981507348cb358f4033100f5c7') in 0.1045623 seconds
Number of updated asset objects reloaded before import = 0Number of asset objects unloaded after import = 2

========================================================================
Received Import Request.
  Time since last request: 0.000165 seconds.
  path: Assets/Low_Poly_Sci-fi_City/Buildings_Pack/Textures_Materials_Models/Textures/BuildingEmission2.png
  artifactKey: Guid(2da82dbac6888324c83c664203d7e6c3) Importer(815301076,1909f56bfc062723c751e8b465ee728b)
Start importing Assets/Low_Poly_Sci-fi_City/Buildings_Pack/Textures_Materials_Models/Textures/BuildingEmission2.png using Guid(2da82dbac6888324c83c664203d7e6c3) Importer(815301076,1909f56bfc062723c751e8b465ee728b) (PreviewImporter) -> (artifact id: '622eb86bf80902c5a4ae821d07878427') in 0.1204187 seconds
Number of updated asset objects reloaded before import = 0Number of asset objects unloaded after import = 2

========================================================================
Received Import Request.
  Time since last request: 0.000313 seconds.
  path: Assets/Low_Poly_Sci-fi_City/Buildings_Pack/Prefabs/Pieces/GeneratorYellow.prefab
  artifactKey: Guid(089f58f654f769d4e9ebd61573b73631) Importer(815301076,1909f56bfc062723c751e8b465ee728b)
Start importing Assets/Low_Poly_Sci-fi_City/Buildings_Pack/Prefabs/Pieces/GeneratorYellow.prefab using Guid(089f58f654f769d4e9ebd61573b73631) Importer(815301076,1909f56bfc062723c751e8b465ee728b) (PreviewImporter) -> (artifact id: '5e6c525e629a8fa628d464f7d48bf2ca') in 0.356326 seconds
Number of updated asset objects reloaded before import = 0Number of asset objects unloaded after import = 14

========================================================================
Received Import Request.
  Time since last request: 0.000397 seconds.
  path: Assets/Low_Poly_Sci-fi_City/Buildings_Pack/Textures_Materials_Models/Textures/BuildingEmission1.png
  artifactKey: Guid(77acd8c2cab9d6c40ade66ed9bc0c35b) Importer(815301076,1909f56bfc062723c751e8b465ee728b)
Start importing Assets/Low_Poly_Sci-fi_City/Buildings_Pack/Textures_Materials_Models/Textures/BuildingEmission1.png using Guid(77acd8c2cab9d6c40ade66ed9bc0c35b) Importer(815301076,1909f56bfc062723c751e8b465ee728b) (PreviewImporter) -> (artifact id: '3e27b401ddb9b3f1e08c58bca81608c4') in 0.1268306 seconds
Number of updated asset objects reloaded before import = 0Number of asset objects unloaded after import = 2

========================================================================
Received Import Request.
  Time since last request: 0.000171 seconds.
  path: Assets/Low_Poly_Sci-fi_City/Buildings_Pack/Prefabs/Pieces/Helic05BlackBlue.prefab
  artifactKey: Guid(f6fab97c70d2dd34f8ba8c2c5b6b0116) Importer(815301076,1909f56bfc062723c751e8b465ee728b)
Start importing Assets/Low_Poly_Sci-fi_City/Buildings_Pack/Prefabs/Pieces/Helic05BlackBlue.prefab using Guid(f6fab97c70d2dd34f8ba8c2c5b6b0116) Importer(815301076,1909f56bfc062723c751e8b465ee728b) (PreviewImporter) -> (artifact id: 'df5f8ce1b5fe8efed5e6cf98ee99d46d') in 0.2137239 seconds
Number of updated asset objects reloaded before import = 0Number of asset objects unloaded after import = 14

========================================================================
Received Import Request.
  Time since last request: 18.357754 seconds.
  path: Assets/Low_Poly_Sci-fi_City/Buildings_Pack/Textures_Materials_Models/Materials/BuildingColor3.mat
  artifactKey: Guid(685e760789548fd4ba942f4f49035b2b) Importer(815301076,1909f56bfc062723c751e8b465ee728b)
Start importing Assets/Low_Poly_Sci-fi_City/Buildings_Pack/Textures_Materials_Models/Materials/BuildingColor3.mat using Guid(685e760789548fd4ba942f4f49035b2b) Importer(815301076,1909f56bfc062723c751e8b465ee728b) (PreviewImporter) -> (artifact id: '5e256318da265816384b60c322af243e') in 0.3062076 seconds
Number of updated asset objects reloaded before import = 0Number of asset objects unloaded after import = 2

========================================================================
Received Import Request.
  Time since last request: 0.000266 seconds.
  path: Assets/Low_Poly_Sci-fi_City/Buildings_Pack/Textures_Materials_Models/Materials/BuildingMat_2_Day.mat
  artifactKey: Guid(2cdd37dca43438942aa83484379793c7) Importer(815301076,1909f56bfc062723c751e8b465ee728b)
Start importing Assets/Low_Poly_Sci-fi_City/Buildings_Pack/Textures_Materials_Models/Materials/BuildingMat_2_Day.mat using Guid(2cdd37dca43438942aa83484379793c7) Importer(815301076,1909f56bfc062723c751e8b465ee728b) (PreviewImporter) -> (artifact id: 'abfb9a540bb9174456fb882bad730bd7') in 0.3036187 seconds
Number of updated asset objects reloaded before import = 0Number of asset objects unloaded after import = 6

========================================================================
Received Import Request.
  Time since last request: 0.000434 seconds.
  path: Assets/Low_Poly_Sci-fi_City/Buildings_Pack/Textures_Materials_Models/Materials/BuildingMat_4_Night.mat
  artifactKey: Guid(63645b1feecd72a44978325e5ab8fb74) Importer(815301076,1909f56bfc062723c751e8b465ee728b)
Start importing Assets/Low_Poly_Sci-fi_City/Buildings_Pack/Textures_Materials_Models/Materials/BuildingMat_4_Night.mat using Guid(63645b1feecd72a44978325e5ab8fb74) Importer(815301076,1909f56bfc062723c751e8b465ee728b) (PreviewImporter) -> (artifact id: 'd4abf0ec8b3d281d1a385e4741eb05c8') in 0.2673867 seconds
Number of updated asset objects reloaded before import = 0Number of asset objects unloaded after import = 6

========================================================================
Received Import Request.
  Time since last request: 0.000291 seconds.
  path: Assets/Low_Poly_Sci-fi_City/Buildings_Pack/Textures_Materials_Models/Materials/BuildingMat_3_Day.mat
  artifactKey: Guid(cdc0288c04f215f47ac316acbaecd6c3) Importer(815301076,1909f56bfc062723c751e8b465ee728b)
Start importing Assets/Low_Poly_Sci-fi_City/Buildings_Pack/Textures_Materials_Models/Materials/BuildingMat_3_Day.mat using Guid(cdc0288c04f215f47ac316acbaecd6c3) Importer(815301076,1909f56bfc062723c751e8b465ee728b) (PreviewImporter) -> (artifact id: '77f6fab793e23892a0f78155f6745904') in 0.3438612 seconds
Number of updated asset objects reloaded before import = 0Number of asset objects unloaded after import = 6

Editor requested this worker to shutdown with reason: Scaling down because of idle timeout
AssetImportWorkerClient::OnTransportError - code=2 error=End of file
AssetImportWorker is now disconnected from the server
Process exiting
Exiting without the bug reporter. Application will terminate with return code 0