[Licensing::Module] Trying to connect to existing licensing client channel...
Built from '6000.3/staging' branch; Version is '6000.3.7f1 (696ec25a53d1) revision 6909634'; Using compiler version '194234433'; Build Type 'Release'
OS: 'Windows 11  (10.0.26200) CoreSingleLanguage' Language: 'es' Physical Memory: 7817 MB
BatchMode: 1, IsHumanControllingUs: 0, StartBugReporterOnCrash: 0, Is64bit: 1
System  architecture: x64
Process architecture: x64
Date: 2026-03-08T21:50:23Z
[Licensing::IpcConnector] Successfully connected to: "LicenseClient-emman" at "2026-03-08T21:50:23.907182Z"

COMMAND LINE ARGUMENTS:
C:\Program Files\Unity\Hub\Editor\6000.3.7f1\Editor\Unity.exe
-adb2
-batchMode
-noUpm
-name
AssetImportWorker8
-projectPath
C:/Users/emman/Desktop/Proyecto  spiderman/SpiderMan
-logFile
Logs/AssetImportWorker8.log
-srvPort
63048
-licensingIpc
LicenseClient-emman
-job-worker-count
5
-background-job-worker-count
8
-gc-helper-count
1
-name
AssetImport
Successfully changed project path to: C:/Users/emman/Desktop/Proyecto  spiderman/SpiderMan
C:/Users/emman/Desktop/Proyecto  spiderman/SpiderMan
[UnityMemory] Configuration Parameters - Can be set up in boot.config
    "memorysetup-temp-allocator-size-nav-mesh-worker=65536"
    "memorysetup-temp-allocator-size-audio-worker=65536"
    "memorysetup-temp-allocator-size-gfx=262144"
    "memorysetup-allocator-temp-initial-block-size-main=262144"
    "memorysetup-allocator-temp-initial-block-size-worker=262144"
    "memorysetup-temp-allocator-size-background-worker=32768"
    "memorysetup-temp-allocator-size-job-worker=262144"
    "memorysetup-temp-allocator-size-preload-manager=33554432"
    "memorysetup-temp-allocator-size-gi-baking-worker=262144"
    "memorysetup-temp-allocator-size-gi-baking-worker=262144"
    "memorysetup-temp-allocator-size-gi-baking-worker=262144"
    "memorysetup-temp-allocator-size-gi-baking-worker=262144"
    "memorysetup-temp-allocator-size-gi-baking-worker=262144"
    "memorysetup-bucket-allocator-granularity=16"
    "memorysetup-bucket-allocator-bucket-count=8"
    "memorysetup-bucket-allocator-block-size=33554432"
    "memorysetup-bucket-allocator-block-count=8"
    "memorysetup-main-allocator-block-size=16777216"
    "memorysetup-thread-allocator-block-size=16777216"
    "memorysetup-gfx-main-allocator-block-size=16777216"
    "memorysetup-gfx-thread-allocator-block-size=16777216"
    "memorysetup-cache-allocator-block-size=4194304"
    "memorysetup-typetree-allocator-block-size=2097152"
    "memorysetup-profiler-bucket-allocator-granularity=16"
    "memorysetup-profiler-bucket-allocator-bucket-count=8"
    "memorysetup-profiler-bucket-allocator-block-size=33554432"
    "memorysetup-profiler-bucket-allocator-block-count=8"
    "memorysetup-profiler-allocator-block-size=16777216"
    "memorysetup-profiler-editor-allocator-block-size=1048576"
    "memorysetup-temp-allocator-size-main=16777216"
    "memorysetup-job-temp-allocator-block-size=2097152"
    "memorysetup-job-temp-allocator-block-size-background=1048576"
    "memorysetup-job-temp-allocator-reduction-small-platforms=262144"
    "memorysetup-temp-allocator-size-cloud-worker=32768"
Player connection [11544]  Target information:

Player connection [11544]  * "[IP] 192.168.56.1 [Port] 0 [Flags] 2 [Guid] 2942033802 [EditorId] 2942033802 [Version] 1048832 [Id] WindowsEditor(7,Emmanuel) [Debug] 1 [PackageName] WindowsEditor [ProjectName] Editor" 

Player connection [11544]  * "[IP] 192.168.1.73 [Port] 0 [Flags] 2 [Guid] 2942033802 [EditorId] 2942033802 [Version] 1048832 [Id] WindowsEditor(7,Emmanuel) [Debug] 1 [PackageName] WindowsEditor [ProjectName] Editor" 

Player connection [11544] Host joined multi-casting on [225.0.0.222:54997]...
Player connection [11544] Host joined alternative multi-casting on [225.0.0.222:34997]...
JobSystem: Creating JobQueue using job-worker-count value 5
Input System module state changed to: Initialized.
[Physics::Module] Initialized fallback backend.
[Physics::Module] Id: 0xdecafbad
Library Redirect Path: Library/
[Physics::Module] Selected backend.
[Physics::Module] Name: PhysX
[Physics::Module] Id: 0xf2b8ea05
[Physics::Module] SDK Version: 4.1.2
[Physics::Module] Integration Version: 1.0.0
[Physics::Module] Threading Mode: Multi-Threaded
Refreshing native plugins compatible for Editor in 35.27 ms, found 3 plugins.
Preloading 0 native plugins for Editor in 0.00 ms.
Initialize engine version: 6000.3.7f1 (696ec25a53d1)
[Subsystems] Discovering subsystems at path C:/Program Files/Unity/Hub/Editor/6000.3.7f1/Editor/Data/Resources/UnitySubsystems
[Subsystems] Discovering subsystems at path C:/Users/emman/Desktop/Proyecto  spiderman/SpiderMan/Assets
GfxDevice: creating device client; kGfxThreadingModeNonThreaded
Direct3D:
    Version:  Direct3D 11.0 [level 11.1]
    Renderer: Intel(R) UHD Graphics (ID=0xa7a8)
    Vendor:   Intel
    VRAM:     3908 MB
    Driver:   32.0.101.6737
Initialize mono
Mono path[0] = 'C:/Program Files/Unity/Hub/Editor/6000.3.7f1/Editor/Data/Managed'
Mono path[1] = 'C:/Program Files/Unity/Hub/Editor/6000.3.7f1/Editor/Data/MonoBleedingEdge/lib/mono/unityjit-win32'
Mono config path = 'C:/Program Files/Unity/Hub/Editor/6000.3.7f1/Editor/Data/MonoBleedingEdge/etc'
Using monoOptions --debugger-agent=transport=dt_socket,embedding=1,server=y,suspend=n,address=127.0.0.1:56296
Begin MonoManager ReloadAssembly
Registering precompiled unity dll's ...
Register platform support module: C:/Program Files/Unity/Hub/Editor/6000.3.7f1/Editor/Data/PlaybackEngines/WebGLSupport/UnityEditor.WebGL.Extensions.dll
Register platform support module: C:/Program Files/Unity/Hub/Editor/6000.3.7f1/Editor/Data/PlaybackEngines/WindowsStandaloneSupport/UnityEditor.WindowsStandalone.Extensions.dll
Registered in 0.008658 seconds.
[Licensing::Client] Handshaking with LicensingClient:
  Version:                 1.17.4+4293ba1
  Session Id:              ee24a8f35a2946febe0baef27301a8b9
  Correlation Id:          fdd3f9d09113ec21e191d963fac01905
  External correlation Id: 2486624837655419167
  Machine Id:              hfF322bHII5vPWw5Tn5pXe0Ys6w=
[Licensing::Module] Successfully connected to LicensingClient on channel: "LicenseClient-emman" (connect: 0.00s, validation: 0.05s, handshake: 6.00s)
[Licensing::IpcConnector] Successfully connected to: "LicenseClient-emman-notifications" at "2026-03-08T21:50:29.9563821Z"
[Licensing::Module] Licensing Background thread has ended after 6.05s
- Loaded All Assemblies, in  3.680 seconds
Native extension for WindowsStandalone target not found
Native extension for WebGL target not found
ScheduleIndexationOnStartup MainProcess:False IndexOnStartup:True
Mono: successfully reloaded assembly
- Finished resetting the current domain, in  2.883 seconds
Domain Reload Profiling: 6560ms
	BeginReloadAssembly (1597ms)
		ExecutionOrderSort (0ms)
		DisableScriptedObjects (0ms)
		BackupInstance (0ms)
		ReleaseScriptingObjects (0ms)
		CreateAndSetChildDomain (10ms)
	RebuildCommonClasses (275ms)
	RebuildNativeTypeToScriptingClass (107ms)
	initialDomainReloadingComplete (461ms)
	LoadAllAssembliesAndSetupDomain (1234ms)
		LoadAssemblies (1581ms)
		RebuildTransferFunctionScriptingTraits (0ms)
		AnalyzeDomain (1208ms)
			TypeCache.Refresh (1192ms)
				TypeCache.ScanAssembly (1103ms)
			BuildScriptInfoCaches (1ms)
			ResolveRequiredComponents (3ms)
	FinalizeReload (2887ms)
		ReleaseScriptCaches (0ms)
		RebuildScriptCaches (0ms)
		SetupLoadedEditorAssemblies (2410ms)
			LogAssemblyErrors (0ms)
			InitializePlatformSupportModulesInManaged (328ms)
			SetLoadedEditorAssemblies (24ms)
			BeforeProcessingInitializeOnLoad (438ms)
			ProcessInitializeOnLoadAttributes (1044ms)
			ProcessInitializeOnLoadMethodAttributes (575ms)
			AfterProcessingInitializeOnLoad (0ms)
			EditorAssembliesLoaded (0ms)
		ExecutionOrderSort2 (0ms)
		AwakeInstancesAfterBackupRestoration (0ms)
========================================================================
Worker process is ready to serve import requests
Import Worker Mode flag is 0x00
Begin MonoManager ReloadAssembly
[Licensing::Client] Successfully resolved entitlement details
[Licensing::Module] License group:
  Id: 4674145662004-UnityPersXXXX
  Product: Unity Personal
  Type: Assigned
  Expiration: Unlimited
- Loaded All Assemblies, in  3.643 seconds
Refreshing native plugins compatible for Editor in 16.68 ms, found 3 plugins.
Native extension for WindowsStandalone target not found
Native extension for WebGL target not found
Package Manager log level set to [2]
[Package Manager] Failed to launch server process. Reason: Unity was launched with the -noUpm command-line argument
[Package Manager] Unable to send message (not connected to server process).
[Package Manager] Cannot connect to Unity Package Manager local server
ScheduleIndexationOnStartup MainProcess:False IndexOnStartup:True
Mono: successfully reloaded assembly
- Finished resetting the current domain, in  3.502 seconds
Domain Reload Profiling: 7136ms
	BeginReloadAssembly (983ms)
		ExecutionOrderSort (0ms)
		DisableScriptedObjects (41ms)
		BackupInstance (0ms)
		ReleaseScriptingObjects (0ms)
		CreateAndSetChildDomain (190ms)
	RebuildCommonClasses (136ms)
	RebuildNativeTypeToScriptingClass (51ms)
	initialDomainReloadingComplete (197ms)
	LoadAllAssembliesAndSetupDomain (2264ms)
		LoadAssemblies (1754ms)
		RebuildTransferFunctionScriptingTraits (0ms)
		AnalyzeDomain (916ms)
			TypeCache.Refresh (651ms)
				TypeCache.ScanAssembly (593ms)
			BuildScriptInfoCaches (244ms)
			ResolveRequiredComponents (16ms)
	FinalizeReload (3503ms)
		ReleaseScriptCaches (0ms)
		RebuildScriptCaches (0ms)
		SetupLoadedEditorAssemblies (2504ms)
			LogAssemblyErrors (0ms)
			InitializePlatformSupportModulesInManaged (16ms)
			SetLoadedEditorAssemblies (33ms)
			BeforeProcessingInitializeOnLoad (368ms)
			ProcessInitializeOnLoadAttributes (1786ms)
			ProcessInitializeOnLoadMethodAttributes (293ms)
			AfterProcessingInitializeOnLoad (8ms)
			EditorAssembliesLoaded (0ms)
		ExecutionOrderSort2 (0ms)
		AwakeInstancesAfterBackupRestoration (17ms)
Launched and connected shader compiler UnityShaderCompiler.exe after 0.11 seconds
Refreshing native plugins compatible for Editor in 0.85 ms, found 3 plugins.
Preloading 0 native plugins for Editor in 0.00 ms.
Unloading 16 Unused Serialized files (Serialized files now loaded: 0)
Unloading 6227 unused Assets / (4.2 MB). Loaded Objects now: 7027.
Memory consumption went from 148.1 MB to 143.9 MB.
Total: 20.533600 ms (FindLiveObjects: 2.684900 ms CreateObjectMapping: 0.689700 ms MarkObjects: 13.878000 ms  DeleteObjects: 3.277200 ms)

========================================================================
Received Import Request.
  Time since last request: 76471.480560 seconds.
  path: Assets/ModularLowpolyStreetsFree/Materials/Roads/Materials/Border_Normal.mat
  artifactKey: Guid(a87d0b62b8d44ae49b2b7af6c11e9aad) Importer(815301076,1909f56bfc062723c751e8b465ee728b)
Start importing Assets/ModularLowpolyStreetsFree/Materials/Roads/Materials/Border_Normal.mat using Guid(a87d0b62b8d44ae49b2b7af6c11e9aad) Importer(815301076,1909f56bfc062723c751e8b465ee728b) (PreviewImporter) -> (artifact id: '6a173bf9fe29541ac7adfd682ce08189') in 2.361825 seconds
Number of updated asset objects reloaded before import = 0Number of asset objects unloaded after import = 2

========================================================================
Received Import Request.
  Time since last request: 57.690553 seconds.
  path: Assets/Low_Poly_Sci-fi_City
  artifactKey: Guid(715a6be179338654cadad5bf0642440f) Importer(2089858483,b0f066a214c2f5e87bad3c948f4d605d)
Start importing Assets/Low_Poly_Sci-fi_City using Guid(715a6be179338654cadad5bf0642440f) Importer(2089858483,b0f066a214c2f5e87bad3c948f4d605d) (ScriptedImporter) -> (artifact id: '9dc70b2be258d99dc96fbcb64ce0e320') in 0.2219264 seconds
Number of updated asset objects reloaded before import = 0Number of asset objects unloaded after import = 1

========================================================================
Received Import Request.
  Time since last request: 0.000199 seconds.
  path: Assets/Low_Poly_Sci-fi_City/Skybox/Map/Materials/Sky1.mat
  artifactKey: Guid(a5f0563d71c109443914f69f063e8ecd) Importer(2089858483,b0f066a214c2f5e87bad3c948f4d605d)
Start importing Assets/Low_Poly_Sci-fi_City/Skybox/Map/Materials/Sky1.mat using Guid(a5f0563d71c109443914f69f063e8ecd) Importer(2089858483,b0f066a214c2f5e87bad3c948f4d605d) (ScriptedImporter) -> (artifact id: '2a0de2fe8b99f50c234dc1e9c60a330a') in 0.2774053 seconds
Number of updated asset objects reloaded before import = 0Number of asset objects unloaded after import = 2

========================================================================
Received Import Request.
  Time since last request: 0.000434 seconds.
  path: Assets/Low_Poly_Sci-fi_City/Buildings_Pack/Textures_Materials_Models/Materials/BuildingColor3.mat
  artifactKey: Guid(685e760789548fd4ba942f4f49035b2b) Importer(2089858483,b0f066a214c2f5e87bad3c948f4d605d)
Start importing Assets/Low_Poly_Sci-fi_City/Buildings_Pack/Textures_Materials_Models/Materials/BuildingColor3.mat using Guid(685e760789548fd4ba942f4f49035b2b) Importer(2089858483,b0f066a214c2f5e87bad3c948f4d605d) (ScriptedImporter) -> (artifact id: '4d6e0ad3d2ed56330478b18121ceb2b1') in 0.1053569 seconds
Number of updated asset objects reloaded before import = 0Number of asset objects unloaded after import = 2

========================================================================
Received Import Request.
  Time since last request: 0.000211 seconds.
  path: Assets/WhiteCity/Materials/Wall.mat
  artifactKey: Guid(31b04566c87b05741a5acdcd1e930b13) Importer(2089858483,b0f066a214c2f5e87bad3c948f4d605d)
Start importing Assets/WhiteCity/Materials/Wall.mat using Guid(31b04566c87b05741a5acdcd1e930b13) Importer(2089858483,b0f066a214c2f5e87bad3c948f4d605d) (ScriptedImporter) -> (artifact id: '811e1822998b738cf9ed1d8007189014') in 0.130906 seconds
Number of updated asset objects reloaded before import = 0Number of asset objects unloaded after import = 1

========================================================================
Received Import Request.
  Time since last request: 0.000190 seconds.
  path: Assets/Low_Poly_Sci-fi_City/Buildings_Pack/Textures_Materials_Models/Materials/BuildingColor2.mat
  artifactKey: Guid(b482d9946a3255e41ab25789bf78586d) Importer(2089858483,b0f066a214c2f5e87bad3c948f4d605d)
Start importing Assets/Low_Poly_Sci-fi_City/Buildings_Pack/Textures_Materials_Models/Materials/BuildingColor2.mat using Guid(b482d9946a3255e41ab25789bf78586d) Importer(2089858483,b0f066a214c2f5e87bad3c948f4d605d) (ScriptedImporter) -> (artifact id: '1d26218d560cfec2ee8997ca300fbbc8') in 0.1529605 seconds
Number of updated asset objects reloaded before import = 0Number of asset objects unloaded after import = 2

========================================================================
Received Import Request.
  Time since last request: 0.000443 seconds.
  path: Assets/Low_Poly_Sci-fi_City/Buildings_Pack
  artifactKey: Guid(f25598ed88e50ad43ade66900079c668) Importer(2089858483,b0f066a214c2f5e87bad3c948f4d605d)
Start importing Assets/Low_Poly_Sci-fi_City/Buildings_Pack using Guid(f25598ed88e50ad43ade66900079c668) Importer(2089858483,b0f066a214c2f5e87bad3c948f4d605d) (ScriptedImporter) -> (artifact id: '61d222e54314ffd0eadcd17274d5d1eb') in 0.0576196 seconds
Number of updated asset objects reloaded before import = 0Number of asset objects unloaded after import = 1

========================================================================
Received Import Request.
  Time since last request: 0.000607 seconds.
  path: Assets/Models/source
  artifactKey: Guid(c66e40d2a1810ec488cd9e1d71298917) Importer(2089858483,b0f066a214c2f5e87bad3c948f4d605d)
Start importing Assets/Models/source using Guid(c66e40d2a1810ec488cd9e1d71298917) Importer(2089858483,b0f066a214c2f5e87bad3c948f4d605d) (ScriptedImporter) -> (artifact id: 'd3a171972a49f27420769d33dc601ccd') in 0.0501551 seconds
Number of updated asset objects reloaded before import = 0Number of asset objects unloaded after import = 1

========================================================================
Received Import Request.
  Time since last request: 0.000163 seconds.
  path: Assets/ModularLowpolyStreetsFree/Materials/Other/Materials/Cafe-table-1_AlbedoGloss.mat
  artifactKey: Guid(ba4143e9c9c447141bf4acabf3754224) Importer(2089858483,b0f066a214c2f5e87bad3c948f4d605d)
Start importing Assets/ModularLowpolyStreetsFree/Materials/Other/Materials/Cafe-table-1_AlbedoGloss.mat using Guid(ba4143e9c9c447141bf4acabf3754224) Importer(2089858483,b0f066a214c2f5e87bad3c948f4d605d) (ScriptedImporter) -> (artifact id: 'ccc1e25442c0692053eae1277541a270') in 0.0813379 seconds
Number of updated asset objects reloaded before import = 0Number of asset objects unloaded after import = 2

========================================================================
Received Import Request.
  Time since last request: 0.000274 seconds.
  path: Assets/Low_Poly_Sci-fi_City/Buildings_Pack/Textures_Materials_Models
  artifactKey: Guid(cb38194d6e8900445ae5847102bfc913) Importer(2089858483,b0f066a214c2f5e87bad3c948f4d605d)
Start importing Assets/Low_Poly_Sci-fi_City/Buildings_Pack/Textures_Materials_Models using Guid(cb38194d6e8900445ae5847102bfc913) Importer(2089858483,b0f066a214c2f5e87bad3c948f4d605d) (ScriptedImporter) -> (artifact id: 'ac73f1d94ba26f52dd828c9f2da08b71') in 0.078478 seconds
Number of updated asset objects reloaded before import = 0Number of asset objects unloaded after import = 1

========================================================================
Received Import Request.
  Time since last request: 0.000129 seconds.
  path: Assets/Models/source/Skyscraper.fbx
  artifactKey: Guid(d476db0060977404c90bcee4ea2141c8) Importer(2089858483,b0f066a214c2f5e87bad3c948f4d605d)
Start importing Assets/Models/source/Skyscraper.fbx using Guid(d476db0060977404c90bcee4ea2141c8) Importer(2089858483,b0f066a214c2f5e87bad3c948f4d605d) (ScriptedImporter) -> (artifact id: '3a60ddc9fb15da29ba3f50be071f06bd') in 0.5906951 seconds
Number of updated asset objects reloaded before import = 0Number of asset objects unloaded after import = 9

========================================================================
Received Import Request.
  Time since last request: 0.000422 seconds.
  path: Assets/Low_Poly_Sci-fi_City/Buildings_Pack/Textures_Materials_Models/Materials/BuildingRoughness1.mat
  artifactKey: Guid(e7ea5386c8d79c64cabf55bcae5e4ce2) Importer(2089858483,b0f066a214c2f5e87bad3c948f4d605d)
Start importing Assets/Low_Poly_Sci-fi_City/Buildings_Pack/Textures_Materials_Models/Materials/BuildingRoughness1.mat using Guid(e7ea5386c8d79c64cabf55bcae5e4ce2) Importer(2089858483,b0f066a214c2f5e87bad3c948f4d605d) (ScriptedImporter) -> (artifact id: '41f80717143d7a38a9d242f3b7b0881f') in 0.1074493 seconds
Number of updated asset objects reloaded before import = 0Number of asset objects unloaded after import = 2

========================================================================
Received Import Request.
  Time since last request: 0.000273 seconds.
  path: Assets/ModularLowpolyStreetsFree/Materials/Other/Materials/Pole-base_AlbedoGloss.mat
  artifactKey: Guid(73ad5b3455749fe4cbb31d7672f30a0c) Importer(2089858483,b0f066a214c2f5e87bad3c948f4d605d)
Start importing Assets/ModularLowpolyStreetsFree/Materials/Other/Materials/Pole-base_AlbedoGloss.mat using Guid(73ad5b3455749fe4cbb31d7672f30a0c) Importer(2089858483,b0f066a214c2f5e87bad3c948f4d605d) (ScriptedImporter) -> (artifact id: 'a7541510db44d1ad8351b0d6a5813141') in 0.0647381 seconds
Number of updated asset objects reloaded before import = 0Number of asset objects unloaded after import = 2

========================================================================
Received Import Request.
  Time since last request: 0.000308 seconds.
  path: Assets/Low_Poly_Sci-fi_City/Buildings_Pack/Textures_Materials_Models/Materials/BuildingNormal.mat
  artifactKey: Guid(e912be4aa1c822447b176883f0bf2332) Importer(2089858483,b0f066a214c2f5e87bad3c948f4d605d)
Start importing Assets/Low_Poly_Sci-fi_City/Buildings_Pack/Textures_Materials_Models/Materials/BuildingNormal.mat using Guid(e912be4aa1c822447b176883f0bf2332) Importer(2089858483,b0f066a214c2f5e87bad3c948f4d605d) (ScriptedImporter) -> (artifact id: 'ca9a2f425f387ce85d002a050003fde8') in 0.2243218 seconds
Number of updated asset objects reloaded before import = 0Number of asset objects unloaded after import = 2

========================================================================
Received Import Request.
  Time since last request: 0.000249 seconds.
  path: Assets/Scenes/Test1.unity
  artifactKey: Guid(b6d048c995f7a0244a7e93662ebe8449) Importer(2089858483,b0f066a214c2f5e87bad3c948f4d605d)
Start importing Assets/Scenes/Test1.unity using Guid(b6d048c995f7a0244a7e93662ebe8449) Importer(2089858483,b0f066a214c2f5e87bad3c948f4d605d) (ScriptedImporter) -> (artifact id: 'b11efde8a64e731c9164f5c18987bc55') in 0.1258689 seconds
Number of updated asset objects reloaded before import = 0Number of asset objects unloaded after import = 1

Editor requested this worker to shutdown with reason: Scaling down because of idle timeout
AssetImportWorker is now disconnected from the server
Process exiting
Exiting without the bug reporter. Application will terminate with return code 0