Built from '6000.3/staging' branch; Version is '6000.3.7f1 (696ec25a53d1) revision 6909634'; Using compiler version '194234433'; Build Type 'Release'
[Licensing::Module] Trying to connect to existing licensing client channel...
OS: 'Windows 11  (10.0.26200) CoreSingleLanguage' Language: 'es' Physical Memory: 7817 MB
BatchMode: 1, IsHumanControllingUs: 0, StartBugReporterOnCrash: 0, Is64bit: 1
System  architecture: x64
Process architecture: x64
Date: 2026-03-03T18:07:24Z
[Licensing::IpcConnector] Successfully connected to: "LicenseClient-emman" at "2026-03-03T18:07:24.9423931Z"

COMMAND LINE ARGUMENTS:
C:\Program Files\Unity\Hub\Editor\6000.3.7f1\Editor\Unity.exe
-adb2
-batchMode
-noUpm
-name
AssetImportWorker2
-projectPath
C:/Users/emman/Desktop/Proyecto  spiderman/Spiderman-Game
-logFile
Logs/AssetImportWorker2.log
-srvPort
52427
-licensingIpc
LicenseClient-emman
-job-worker-count
5
-background-job-worker-count
8
-gc-helper-count
1
-name
AssetImport
Successfully changed project path to: C:/Users/emman/Desktop/Proyecto  spiderman/Spiderman-Game
C:/Users/emman/Desktop/Proyecto  spiderman/Spiderman-Game
[UnityMemory] Configuration Parameters - Can be set up in boot.config
    "memorysetup-temp-allocator-size-nav-mesh-worker=65536"
    "memorysetup-temp-allocator-size-audio-worker=65536"
    "memorysetup-temp-allocator-size-gfx=262144"
    "memorysetup-allocator-temp-initial-block-size-main=262144"
    "memorysetup-allocator-temp-initial-block-size-worker=262144"
    "memorysetup-temp-allocator-size-background-worker=32768"
    "memorysetup-temp-allocator-size-job-worker=262144"
    "memorysetup-temp-allocator-size-preload-manager=33554432"
    "memorysetup-temp-allocator-size-gi-baking-worker=262144"
    "memorysetup-temp-allocator-size-gi-baking-worker=262144"
    "memorysetup-temp-allocator-size-gi-baking-worker=262144"
    "memorysetup-temp-allocator-size-gi-baking-worker=262144"
    "memorysetup-temp-allocator-size-gi-baking-worker=262144"
    "memorysetup-bucket-allocator-granularity=16"
    "memorysetup-bucket-allocator-bucket-count=8"
    "memorysetup-bucket-allocator-block-size=33554432"
    "memorysetup-bucket-allocator-block-count=8"
    "memorysetup-main-allocator-block-size=16777216"
    "memorysetup-thread-allocator-block-size=16777216"
    "memorysetup-gfx-main-allocator-block-size=16777216"
    "memorysetup-gfx-thread-allocator-block-size=16777216"
    "memorysetup-cache-allocator-block-size=4194304"
    "memorysetup-typetree-allocator-block-size=2097152"
    "memorysetup-profiler-bucket-allocator-granularity=16"
    "memorysetup-profiler-bucket-allocator-bucket-count=8"
    "memorysetup-profiler-bucket-allocator-block-size=33554432"
    "memorysetup-profiler-bucket-allocator-block-count=8"
    "memorysetup-profiler-allocator-block-size=16777216"
    "memorysetup-profiler-editor-allocator-block-size=1048576"
    "memorysetup-temp-allocator-size-main=16777216"
    "memorysetup-job-temp-allocator-block-size=2097152"
    "memorysetup-job-temp-allocator-block-size-background=1048576"
    "memorysetup-job-temp-allocator-reduction-small-platforms=262144"
    "memorysetup-temp-allocator-size-cloud-worker=32768"
Player connection [19980]  Target information:

Player connection [19980]  * "[IP] 192.168.56.1 [Port] 0 [Flags] 2 [Guid] 1179163786 [EditorId] 1179163786 [Version] 1048832 [Id] WindowsEditor(7,Emmanuel) [Debug] 1 [PackageName] WindowsEditor [ProjectName] Editor" 

Player connection [19980]  * "[IP] 10.10.26.43 [Port] 0 [Flags] 2 [Guid] 1179163786 [EditorId] 1179163786 [Version] 1048832 [Id] WindowsEditor(7,Emmanuel) [Debug] 1 [PackageName] WindowsEditor [ProjectName] Editor" 

Player connection [19980] Host joined multi-casting on [225.0.0.222:54997]...
Player connection [19980] Host joined alternative multi-casting on [225.0.0.222:34997]...
JobSystem: Creating JobQueue using job-worker-count value 5
Input System module state changed to: Initialized.
[Physics::Module] Initialized fallback backend.
[Physics::Module] Id: 0xdecafbad
Library Redirect Path: Library/
[Physics::Module] Selected backend.
[Physics::Module] Name: PhysX
[Physics::Module] Id: 0xf2b8ea05
[Physics::Module] SDK Version: 4.1.2
[Physics::Module] Integration Version: 1.0.0
[Physics::Module] Threading Mode: Multi-Threaded
Refreshing native plugins compatible for Editor in 17.83 ms, found 3 plugins.
Preloading 0 native plugins for Editor in 0.00 ms.
Initialize engine version: 6000.3.7f1 (696ec25a53d1)
[Subsystems] Discovering subsystems at path C:/Program Files/Unity/Hub/Editor/6000.3.7f1/Editor/Data/Resources/UnitySubsystems
[Subsystems] Discovering subsystems at path C:/Users/emman/Desktop/Proyecto  spiderman/Spiderman-Game/Assets
GfxDevice: creating device client; kGfxThreadingModeNonThreaded
Direct3D:
    Version:  Direct3D 11.0 [level 11.1]
    Renderer: Intel(R) UHD Graphics (ID=0xa7a8)
    Vendor:   Intel
    VRAM:     3908 MB
    Driver:   32.0.101.6737
Initialize mono
Mono path[0] = 'C:/Program Files/Unity/Hub/Editor/6000.3.7f1/Editor/Data/Managed'
Mono path[1] = 'C:/Program Files/Unity/Hub/Editor/6000.3.7f1/Editor/Data/MonoBleedingEdge/lib/mono/unityjit-win32'
Mono config path = 'C:/Program Files/Unity/Hub/Editor/6000.3.7f1/Editor/Data/MonoBleedingEdge/etc'
Using monoOptions --debugger-agent=transport=dt_socket,embedding=1,server=y,suspend=n,address=127.0.0.1:56976
Begin MonoManager ReloadAssembly
Registering precompiled unity dll's ...
Register platform support module: C:/Program Files/Unity/Hub/Editor/6000.3.7f1/Editor/Data/PlaybackEngines/WebGLSupport/UnityEditor.WebGL.Extensions.dll
Register platform support module: C:/Program Files/Unity/Hub/Editor/6000.3.7f1/Editor/Data/PlaybackEngines/WindowsStandaloneSupport/UnityEditor.WindowsStandalone.Extensions.dll
Registered in 0.046968 seconds.
- Loaded All Assemblies, in  6.607 seconds
[Licensing::Client] Handshaking with LicensingClient:
  Version:                 1.17.4+4293ba1
  Session Id:              faac5942c59b40c7b18f5733da9cbb4a
  Correlation Id:          ed76901c33222d6a3d2279f7a15b6b7f
  External correlation Id: 2159400734729312594
  Machine Id:              hfF322bHII5vPWw5Tn5pXe0Ys6w=
[Licensing::Module] Successfully connected to LicensingClient on channel: "LicenseClient-emman" (connect: 0.01s, validation: 0.07s, handshake: 8.71s)
[Licensing::IpcConnector] Successfully connected to: "LicenseClient-emman-notifications" at "2026-03-03T18:07:33.7296335Z"
[Licensing::Module] Licensing Background thread has ended after 8.80s
Native extension for WindowsStandalone target not found
Native extension for WebGL target not found
ScheduleIndexationOnStartup MainProcess:False IndexOnStartup:True
Mono: successfully reloaded assembly
- Finished resetting the current domain, in  3.337 seconds
Domain Reload Profiling: 9927ms
	BeginReloadAssembly (1671ms)
		ExecutionOrderSort (0ms)
		DisableScriptedObjects (0ms)
		BackupInstance (0ms)
		ReleaseScriptingObjects (0ms)
		CreateAndSetChildDomain (7ms)
	RebuildCommonClasses (1008ms)
	RebuildNativeTypeToScriptingClass (180ms)
	initialDomainReloadingComplete (974ms)
	LoadAllAssembliesAndSetupDomain (2750ms)
		LoadAssemblies (1675ms)
		RebuildTransferFunctionScriptingTraits (0ms)
		AnalyzeDomain (2637ms)
			TypeCache.Refresh (2622ms)
				TypeCache.ScanAssembly (2452ms)
			BuildScriptInfoCaches (4ms)
			ResolveRequiredComponents (5ms)
	FinalizeReload (3344ms)
		ReleaseScriptCaches (0ms)
		RebuildScriptCaches (0ms)
		SetupLoadedEditorAssemblies (2960ms)
			LogAssemblyErrors (0ms)
			InitializePlatformSupportModulesInManaged (342ms)
			SetLoadedEditorAssemblies (39ms)
			BeforeProcessingInitializeOnLoad (838ms)
			ProcessInitializeOnLoadAttributes (1055ms)
			ProcessInitializeOnLoadMethodAttributes (685ms)
			AfterProcessingInitializeOnLoad (0ms)
			EditorAssembliesLoaded (1ms)
		ExecutionOrderSort2 (0ms)
		AwakeInstancesAfterBackupRestoration (0ms)
========================================================================
Worker process is ready to serve import requests
Import Worker Mode flag is 0x00
Begin MonoManager ReloadAssembly
[Licensing::Client] Successfully resolved entitlement details
[Licensing::Module] License group:
  Id: 4674145662004-UnityPersXXXX
  Product: Unity Personal
  Type: Assigned
  Expiration: Unlimited
- Loaded All Assemblies, in  5.677 seconds
Refreshing native plugins compatible for Editor in 7.82 ms, found 3 plugins.
Native extension for WindowsStandalone target not found
Native extension for WebGL target not found
Package Manager log level set to [2]
[Package Manager] Failed to launch server process. Reason: Unity was launched with the -noUpm command-line argument
[Package Manager] Unable to send message (not connected to server process).
[Package Manager] Cannot connect to Unity Package Manager local server
ScheduleIndexationOnStartup MainProcess:False IndexOnStartup:True
Mono: successfully reloaded assembly
- Finished resetting the current domain, in  6.420 seconds
Domain Reload Profiling: 11996ms
	BeginReloadAssembly (1558ms)
		ExecutionOrderSort (0ms)
		DisableScriptedObjects (35ms)
		BackupInstance (0ms)
		ReleaseScriptingObjects (0ms)
		CreateAndSetChildDomain (267ms)
	RebuildCommonClasses (138ms)
	RebuildNativeTypeToScriptingClass (31ms)
	initialDomainReloadingComplete (290ms)
	LoadAllAssembliesAndSetupDomain (3556ms)
		LoadAssemblies (2508ms)
		RebuildTransferFunctionScriptingTraits (0ms)
		AnalyzeDomain (1875ms)
			TypeCache.Refresh (1068ms)
				TypeCache.ScanAssembly (940ms)
			BuildScriptInfoCaches (654ms)
			ResolveRequiredComponents (113ms)
	FinalizeReload (6422ms)
		ReleaseScriptCaches (0ms)
		RebuildScriptCaches (0ms)
		SetupLoadedEditorAssemblies (4700ms)
			LogAssemblyErrors (0ms)
			InitializePlatformSupportModulesInManaged (19ms)
			SetLoadedEditorAssemblies (45ms)
			BeforeProcessingInitializeOnLoad (1487ms)
			ProcessInitializeOnLoadAttributes (2642ms)
			ProcessInitializeOnLoadMethodAttributes (481ms)
			AfterProcessingInitializeOnLoad (23ms)
			EditorAssembliesLoaded (1ms)
		ExecutionOrderSort2 (0ms)
		AwakeInstancesAfterBackupRestoration (28ms)
Launched and connected shader compiler UnityShaderCompiler.exe after 0.33 seconds
Refreshing native plugins compatible for Editor in 9.89 ms, found 3 plugins.
Preloading 0 native plugins for Editor in 0.00 ms.
Unloading 16 Unused Serialized files (Serialized files now loaded: 0)
Unloading 6218 unused Assets / (5.3 MB). Loaded Objects now: 7018.
Memory consumption went from 143.9 MB to 138.6 MB.
Total: 51.344200 ms (FindLiveObjects: 5.259800 ms CreateObjectMapping: 2.900300 ms MarkObjects: 32.217400 ms  DeleteObjects: 10.963200 ms)

========================================================================
Received Import Request.
  Time since last request: 10051.505369 seconds.
  path: Assets/Swing To Land.fbx
  artifactKey: Guid(975c6f072c6aeff4a84706381e8dce53) Importer(815301076,1909f56bfc062723c751e8b465ee728b)
Start importing Assets/Swing To Land.fbx using Guid(975c6f072c6aeff4a84706381e8dce53) Importer(815301076,1909f56bfc062723c751e8b465ee728b) (PreviewImporter) -> (artifact id: 'b5b368f28036f254fdfcb944ccd1950d') in 2.5668226 seconds
Number of updated asset objects reloaded before import = 0Number of asset objects unloaded after import = 109

========================================================================
Received Import Request.
  Time since last request: 12.655235 seconds.
  path: Assets/Models/Escorpio
  artifactKey: Guid(5c56e70619a2d4548947284e3ff4f89f) Importer(815301076,1909f56bfc062723c751e8b465ee728b)
Start importing Assets/Models/Escorpio using Guid(5c56e70619a2d4548947284e3ff4f89f) Importer(815301076,1909f56bfc062723c751e8b465ee728b) (PreviewImporter) -> (artifact id: 'c16fbe1586fdbd1b5e868a6663de9771') in 0.0026745 seconds
Number of updated asset objects reloaded before import = 0Number of asset objects unloaded after import = 0

========================================================================
Received Import Request.
  Time since last request: 0.880100 seconds.
  path: Assets/Models/Escorpio
  artifactKey: Guid(5c56e70619a2d4548947284e3ff4f89f) Importer(2089858483,b0f066a214c2f5e87bad3c948f4d605d)
Start importing Assets/Models/Escorpio using Guid(5c56e70619a2d4548947284e3ff4f89f) Importer(2089858483,b0f066a214c2f5e87bad3c948f4d605d) (ScriptedImporter) -> (artifact id: '8453f1badc5cfe570a96b3f82992ef74') in 0.1513507 seconds
Number of updated asset objects reloaded before import = 0Number of asset objects unloaded after import = 1

========================================================================
Received Import Request.
  Time since last request: 6.080620 seconds.
  path: Assets/Models/Enemigo1
  artifactKey: Guid(5fe425603f1a4dc4cbdf952dddf1e6ed) Importer(815301076,1909f56bfc062723c751e8b465ee728b)
Start importing Assets/Models/Enemigo1 using Guid(5fe425603f1a4dc4cbdf952dddf1e6ed) Importer(815301076,1909f56bfc062723c751e8b465ee728b) (PreviewImporter) -> (artifact id: '52fcc952e579001b6e1ba78697893db7') in 0.0069246 seconds
Number of updated asset objects reloaded before import = 0Number of asset objects unloaded after import = 0

========================================================================
Received Import Request.
  Time since last request: 0.705573 seconds.
  path: Assets/Models/Enemigo1
  artifactKey: Guid(5fe425603f1a4dc4cbdf952dddf1e6ed) Importer(2089858483,b0f066a214c2f5e87bad3c948f4d605d)
Start importing Assets/Models/Enemigo1 using Guid(5fe425603f1a4dc4cbdf952dddf1e6ed) Importer(2089858483,b0f066a214c2f5e87bad3c948f4d605d) (ScriptedImporter) -> (artifact id: '454fe0f3bc1dad1730a3964bc47e0e08') in 0.0472395 seconds
Number of updated asset objects reloaded before import = 0Number of asset objects unloaded after import = 1

========================================================================
Received Import Request.
  Time since last request: 7.176023 seconds.
  path: Assets/Models/Enemig2
  artifactKey: Guid(ffb368f38cbe9b349a94742a69960c7c) Importer(815301076,1909f56bfc062723c751e8b465ee728b)
Start importing Assets/Models/Enemig2 using Guid(ffb368f38cbe9b349a94742a69960c7c) Importer(815301076,1909f56bfc062723c751e8b465ee728b) (PreviewImporter) -> (artifact id: 'f2884851f49d1e1346c9fc1696042d7c') in 0.0053118 seconds
Number of updated asset objects reloaded before import = 0Number of asset objects unloaded after import = 0

========================================================================
Received Import Request.
  Time since last request: 0.842661 seconds.
  path: Assets/Models/Enemig2
  artifactKey: Guid(ffb368f38cbe9b349a94742a69960c7c) Importer(2089858483,b0f066a214c2f5e87bad3c948f4d605d)
Start importing Assets/Models/Enemig2 using Guid(ffb368f38cbe9b349a94742a69960c7c) Importer(2089858483,b0f066a214c2f5e87bad3c948f4d605d) (ScriptedImporter) -> (artifact id: 'd6b609a4f2e8283650a25f83b4d17525') in 0.0227056 seconds
Number of updated asset objects reloaded before import = 0Number of asset objects unloaded after import = 1

========================================================================
Received Import Request.
  Time since last request: 13.293489 seconds.
  path: Assets/Models/Escorpio/marvel_legends_spider_man_retro_figura_scorpion_15_cm.fbx
  artifactKey: Guid(8e9f816a9e49db14abf5e2dea943c32e) Importer(815301076,1909f56bfc062723c751e8b465ee728b)
Start importing Assets/Models/Escorpio/marvel_legends_spider_man_retro_figura_scorpion_15_cm.fbx using Guid(8e9f816a9e49db14abf5e2dea943c32e) Importer(815301076,1909f56bfc062723c751e8b465ee728b) (PreviewImporter) -> (artifact id: '56204d4faff82e5ec283467bd72139f7') in 0.1884407 seconds
Number of updated asset objects reloaded before import = 0Number of asset objects unloaded after import = 14

========================================================================
Received Import Request.
  Time since last request: 0.685827 seconds.
  path: Assets/Models/Escorpio/marvel_legends_spider_man_retro_figura_scorpion_15_cm.fbx
  artifactKey: Guid(8e9f816a9e49db14abf5e2dea943c32e) Importer(2089858483,b0f066a214c2f5e87bad3c948f4d605d)
Start importing Assets/Models/Escorpio/marvel_legends_spider_man_retro_figura_scorpion_15_cm.fbx using Guid(8e9f816a9e49db14abf5e2dea943c32e) Importer(2089858483,b0f066a214c2f5e87bad3c948f4d605d) (ScriptedImporter) -> (artifact id: '1120c810857206e7bfa708e2d6dbffe4') in 0.4251498 seconds
Number of updated asset objects reloaded before import = 0Number of asset objects unloaded after import = 14

========================================================================
Received Import Request.
  Time since last request: 103.056915 seconds.
  path: Assets/Models/Escorpio/Orc Idle.fbx
  artifactKey: Guid(71452a818b76b6a489a7c4fe914a60d6) Importer(815301076,1909f56bfc062723c751e8b465ee728b)
Start importing Assets/Models/Escorpio/Orc Idle.fbx using Guid(71452a818b76b6a489a7c4fe914a60d6) Importer(815301076,1909f56bfc062723c751e8b465ee728b) (PreviewImporter) -> (artifact id: '5a86124e75de0513505c68de446f5084') in 0.3512795 seconds
Number of updated asset objects reloaded before import = 0Number of asset objects unloaded after import = 80

========================================================================
Received Import Request.
  Time since last request: 0.251196 seconds.
  path: Assets/Models/Escorpio/Orc Idle.fbx
  artifactKey: Guid(71452a818b76b6a489a7c4fe914a60d6) Importer(2089858483,b0f066a214c2f5e87bad3c948f4d605d)
Start importing Assets/Models/Escorpio/Orc Idle.fbx using Guid(71452a818b76b6a489a7c4fe914a60d6) Importer(2089858483,b0f066a214c2f5e87bad3c948f4d605d) (ScriptedImporter) -> (artifact id: '0614da203ee87c9503a1b7b598dffb2c') in 0.1439466 seconds
Number of updated asset objects reloaded before import = 0Number of asset objects unloaded after import = 80

========================================================================
Received Import Request.
  Time since last request: 604.317232 seconds.
  path: Assets/Models/Escorpio/07d430328671bca80a03913e6b2bd7da.fbx
  artifactKey: Guid(883edb5342b744b43b66d595c65e6977) Importer(815301076,1909f56bfc062723c751e8b465ee728b)
Start importing Assets/Models/Escorpio/07d430328671bca80a03913e6b2bd7da.fbx using Guid(883edb5342b744b43b66d595c65e6977) Importer(815301076,1909f56bfc062723c751e8b465ee728b) (PreviewImporter) -> (artifact id: 'bb60fa5fae77e60889a4e803021ca065') in 1.4040556 seconds
Number of updated asset objects reloaded before import = 0Number of asset objects unloaded after import = 8

========================================================================
Received Import Request.
  Time since last request: 151.227458 seconds.
  path: Assets/Models/Escorpio/escorpio/texture_pbr_20250901_metallic.png
  artifactKey: Guid(d5797c48183b294479adb2b459e5fe05) Importer(2089858483,b0f066a214c2f5e87bad3c948f4d605d)
Start importing Assets/Models/Escorpio/escorpio/texture_pbr_20250901_metallic.png using Guid(d5797c48183b294479adb2b459e5fe05) Importer(2089858483,b0f066a214c2f5e87bad3c948f4d605d) (ScriptedImporter) -> (artifact id: 'a0e853f1d5670d6ea414b9e496fe8d35') in 0.8688823 seconds
Number of updated asset objects reloaded before import = 0Number of asset objects unloaded after import = 1

========================================================================
Received Import Request.
  Time since last request: 0.004198 seconds.
  path: Assets/Models/Escorpio/escorpio
  artifactKey: Guid(b006882cb3c0db949b4e09657adaacb7) Importer(815301076,1909f56bfc062723c751e8b465ee728b)
Start importing Assets/Models/Escorpio/escorpio using Guid(b006882cb3c0db949b4e09657adaacb7) Importer(815301076,1909f56bfc062723c751e8b465ee728b) (PreviewImporter) -> (artifact id: '59b9256b0ab2dcce6a4c835fc3b98f98') in 0.0057671 seconds
Number of updated asset objects reloaded before import = 0Number of asset objects unloaded after import = 0

========================================================================
Received Import Request.
  Time since last request: 0.000065 seconds.
  path: Assets/Models/Escorpio/escorpio/texture_pbr_20250901.png
  artifactKey: Guid(c39009f74764eb940a66d8c09601a390) Importer(2089858483,b0f066a214c2f5e87bad3c948f4d605d)
Start importing Assets/Models/Escorpio/escorpio/texture_pbr_20250901.png using Guid(c39009f74764eb940a66d8c09601a390) Importer(2089858483,b0f066a214c2f5e87bad3c948f4d605d) (ScriptedImporter) -> (artifact id: '4683327c04a690aa5f1b98774bba6d38') in 0.3274432 seconds
Number of updated asset objects reloaded before import = 0Number of asset objects unloaded after import = 1

========================================================================
Received Import Request.
  Time since last request: 0.000115 seconds.
  path: Assets/Models/Escorpio/escorpio/7cbbae9db9f938788c7574673844b2cb.obj
  artifactKey: Guid(187b62203d0695c4d97cf2d19bd9a367) Importer(2089858483,b0f066a214c2f5e87bad3c948f4d605d)
Start importing Assets/Models/Escorpio/escorpio/7cbbae9db9f938788c7574673844b2cb.obj using Guid(187b62203d0695c4d97cf2d19bd9a367) Importer(2089858483,b0f066a214c2f5e87bad3c948f4d605d) (ScriptedImporter) -> (artifact id: '155d08710c96fbd0a73c6afa6aff6507') in 0.3784617 seconds
Number of updated asset objects reloaded before import = 0Number of asset objects unloaded after import = 11

========================================================================
Received Import Request.
  Time since last request: 7.227311 seconds.
  path: Assets/Models/Escorpio/escorpio/7cbbae9db9f938788c7574673844b2cb.obj
  artifactKey: Guid(187b62203d0695c4d97cf2d19bd9a367) Importer(815301076,1909f56bfc062723c751e8b465ee728b)
Start importing Assets/Models/Escorpio/escorpio/7cbbae9db9f938788c7574673844b2cb.obj using Guid(187b62203d0695c4d97cf2d19bd9a367) Importer(815301076,1909f56bfc062723c751e8b465ee728b) (PreviewImporter) -> (artifact id: '2ff3fc2c4a5843ec06d211e8cb32c1a5') in 0.7608665 seconds
Number of updated asset objects reloaded before import = 0Number of asset objects unloaded after import = 11

========================================================================
Received Import Request.
  Time since last request: 0.000136 seconds.
  path: Assets/Models/Escorpio/escorpio/texture_pbr_20250901_normal.png
  artifactKey: Guid(c4cd3778828c1b040afad699ab43085a) Importer(815301076,1909f56bfc062723c751e8b465ee728b)
Start importing Assets/Models/Escorpio/escorpio/texture_pbr_20250901_normal.png using Guid(c4cd3778828c1b040afad699ab43085a) Importer(815301076,1909f56bfc062723c751e8b465ee728b) (PreviewImporter) -> (artifact id: 'ae48e9ee70647a77a747ad542f879086') in 0.52166 seconds
Number of updated asset objects reloaded before import = 0Number of asset objects unloaded after import = 2

========================================================================
Received Import Request.
  Time since last request: 19.402468 seconds.
  path: Assets/Scenes/SampleScene.unity
  artifactKey: Guid(99c9720ab356a0642a771bea13969a05) Importer(2089858483,b0f066a214c2f5e87bad3c948f4d605d)
Start importing Assets/Scenes/SampleScene.unity using Guid(99c9720ab356a0642a771bea13969a05) Importer(2089858483,b0f066a214c2f5e87bad3c948f4d605d) (ScriptedImporter) -> (artifact id: 'd915eb1e4ddf6ce4233f316c81c43c0f') in 0.0484287 seconds
Number of updated asset objects reloaded before import = 0Number of asset objects unloaded after import = 1

========================================================================
Received Import Request.
  Time since last request: 43.309598 seconds.
  path: Assets/Models/Escorpio/7cbbae9db9f938788c7574673844b2cb.obj
  artifactKey: Guid(b6b0142c69f0342448ab92b1a5cd4950) Importer(815301076,1909f56bfc062723c751e8b465ee728b)
Start importing Assets/Models/Escorpio/7cbbae9db9f938788c7574673844b2cb.obj using Guid(b6b0142c69f0342448ab92b1a5cd4950) Importer(815301076,1909f56bfc062723c751e8b465ee728b) (PreviewImporter) -> (artifact id: 'fe96dc5acd2d97f2e0cb24e76139e64e') in 1.5325633 seconds
Number of updated asset objects reloaded before import = 0Number of asset objects unloaded after import = 11

========================================================================
Received Import Request.
  Time since last request: 0.015864 seconds.
  path: Assets/Models/Escorpio/texture_pbr_20250901_metallic.png
  artifactKey: Guid(3379a03c13f36aa418fa28bce101d14f) Importer(2089858483,b0f066a214c2f5e87bad3c948f4d605d)
Start importing Assets/Models/Escorpio/texture_pbr_20250901_metallic.png using Guid(3379a03c13f36aa418fa28bce101d14f) Importer(2089858483,b0f066a214c2f5e87bad3c948f4d605d) (ScriptedImporter) -> (artifact id: 'e86df2d1bbc6c1225b4bbcf82a62c44e') in 1.2979462 seconds
Number of updated asset objects reloaded before import = 0Number of asset objects unloaded after import = 1

========================================================================
Received Import Request.
  Time since last request: 0.000149 seconds.
  path: Assets/Models/Escorpio/texture_pbr_20250901.png
  artifactKey: Guid(44068921cec289342a558f1c5727a9dd) Importer(2089858483,b0f066a214c2f5e87bad3c948f4d605d)
Start importing Assets/Models/Escorpio/texture_pbr_20250901.png using Guid(44068921cec289342a558f1c5727a9dd) Importer(2089858483,b0f066a214c2f5e87bad3c948f4d605d) (ScriptedImporter) -> (artifact id: '161bb2dd1a2bc9a77d17c91460cc5db7') in 0.1941642 seconds
Number of updated asset objects reloaded before import = 0Number of asset objects unloaded after import = 1

========================================================================
Received Import Request.
  Time since last request: 0.000457 seconds.
  path: Assets/Models/Escorpio/texture_pbr_20250901_normal.png
  artifactKey: Guid(867b6af3723b8354596fd6ead0952ae7) Importer(815301076,1909f56bfc062723c751e8b465ee728b)
Start importing Assets/Models/Escorpio/texture_pbr_20250901_normal.png using Guid(867b6af3723b8354596fd6ead0952ae7) Importer(815301076,1909f56bfc062723c751e8b465ee728b) (PreviewImporter) -> (artifact id: 'c8150542f4fba26fa3661f22073891cf') in 0.2638156 seconds
Number of updated asset objects reloaded before import = 0Number of asset objects unloaded after import = 2

========================================================================
Received Import Request.
  Time since last request: 0.000092 seconds.
  path: Assets/Models/Escorpio/texture_pbr_20250901_roughness.png
  artifactKey: Guid(293045829fd717147a001f36aed8b578) Importer(815301076,1909f56bfc062723c751e8b465ee728b)
Start importing Assets/Models/Escorpio/texture_pbr_20250901_roughness.png using Guid(293045829fd717147a001f36aed8b578) Importer(815301076,1909f56bfc062723c751e8b465ee728b) (PreviewImporter) -> (artifact id: 'bc0a342e1eccf3cbcb8f91cebf2f8159') in 0.2258615 seconds
Number of updated asset objects reloaded before import = 0Number of asset objects unloaded after import = 2

========================================================================
Received Import Request.
  Time since last request: 0.000133 seconds.
  path: Assets/Models/Escorpio/material.mtl
  artifactKey: Guid(c4f62bef55116134190d21d41c5b15f6) Importer(2089858483,b0f066a214c2f5e87bad3c948f4d605d)
Start importing Assets/Models/Escorpio/material.mtl using Guid(c4f62bef55116134190d21d41c5b15f6) Importer(2089858483,b0f066a214c2f5e87bad3c948f4d605d) (ScriptedImporter) -> (artifact id: 'e64bdcb2f85a9b7c6f67cde329ad4296') in 0.0950224 seconds
Number of updated asset objects reloaded before import = 0Number of asset objects unloaded after import = 1

========================================================================
Received Import Request.
  Time since last request: 0.000103 seconds.
  path: Assets/Models/Escorpio/texture_pbr_20250901_normal.png
  artifactKey: Guid(867b6af3723b8354596fd6ead0952ae7) Importer(2089858483,b0f066a214c2f5e87bad3c948f4d605d)
Start importing Assets/Models/Escorpio/texture_pbr_20250901_normal.png using Guid(867b6af3723b8354596fd6ead0952ae7) Importer(2089858483,b0f066a214c2f5e87bad3c948f4d605d) (ScriptedImporter) -> (artifact id: '15c732f1bfa1c83c6e0687a325eeaef4') in 0.1870938 seconds
Number of updated asset objects reloaded before import = 0Number of asset objects unloaded after import = 1

========================================================================
Received Import Request.
  Time since last request: 0.000170 seconds.
  path: Assets/Models/Escorpio/texture_pbr_20250901_roughness.png
  artifactKey: Guid(293045829fd717147a001f36aed8b578) Importer(2089858483,b0f066a214c2f5e87bad3c948f4d605d)
Start importing Assets/Models/Escorpio/texture_pbr_20250901_roughness.png using Guid(293045829fd717147a001f36aed8b578) Importer(2089858483,b0f066a214c2f5e87bad3c948f4d605d) (ScriptedImporter) -> (artifact id: '1fadd8a50aded38ce0c01bcdbf0400d6') in 0.1693258 seconds
Number of updated asset objects reloaded before import = 0Number of asset objects unloaded after import = 1

========================================================================
Received Import Request.
  Time since last request: 1511.925858 seconds.
  path: Assets/Models/Escorpio/escorpio.fbm/add8056f-2fa2-4a17-9bae-97eff0d23dfe_basecolor.JPEG
  artifactKey: Guid(2ab8f9767776d7d41953ec442b33180e) Importer(2089858483,b0f066a214c2f5e87bad3c948f4d605d)
Start importing Assets/Models/Escorpio/escorpio.fbm/add8056f-2fa2-4a17-9bae-97eff0d23dfe_basecolor.JPEG using Guid(2ab8f9767776d7d41953ec442b33180e) Importer(2089858483,b0f066a214c2f5e87bad3c948f4d605d) (ScriptedImporter) -> (artifact id: '05313a1945bdae4ef6952bbdb44a5357') in 0.2849635 seconds
Number of updated asset objects reloaded before import = 0Number of asset objects unloaded after import = 1

========================================================================
Received Import Request.
  Time since last request: 0.000811 seconds.
  path: Assets/Models/Escorpio/escorpio.fbm
  artifactKey: Guid(3a721908cf029474881820b32c54e566) Importer(2089858483,b0f066a214c2f5e87bad3c948f4d605d)
Start importing Assets/Models/Escorpio/escorpio.fbm using Guid(3a721908cf029474881820b32c54e566) Importer(2089858483,b0f066a214c2f5e87bad3c948f4d605d) (ScriptedImporter) -> (artifact id: '0fb1ea14c56945eeeeceacfe1f3b76f4') in 0.0298989 seconds
Number of updated asset objects reloaded before import = 0Number of asset objects unloaded after import = 1

========================================================================
Received Import Request.
  Time since last request: 357.865561 seconds.
  path: Assets/Models/Player/Sneak Walk.fbx
  artifactKey: Guid(655fd18201e9b734fbed8f0b0fdce8ef) Importer(2089858483,b0f066a214c2f5e87bad3c948f4d605d)
Start importing Assets/Models/Player/Sneak Walk.fbx using Guid(655fd18201e9b734fbed8f0b0fdce8ef) Importer(2089858483,b0f066a214c2f5e87bad3c948f4d605d) (ScriptedImporter) -> (artifact id: '21a59c5c907c86dcb8329d14e66ba3f7') in 5.4059682 seconds
Number of updated asset objects reloaded before import = 0Number of asset objects unloaded after import = 109

========================================================================
Received Import Request.
  Time since last request: 975.827381 seconds.
  path: Assets/Settings/Mobile_Renderer.asset
  artifactKey: Guid(65bc7dbf4170f435aa868c779acfb082) Importer(815301076,1909f56bfc062723c751e8b465ee728b)
Start importing Assets/Settings/Mobile_Renderer.asset using Guid(65bc7dbf4170f435aa868c779acfb082) Importer(815301076,1909f56bfc062723c751e8b465ee728b) (PreviewImporter) -> (artifact id: 'd246be45d650b496251a8b2536b3002f') in 0.4084897 seconds
Number of updated asset objects reloaded before import = 0Number of asset objects unloaded after import = 1

========================================================================
Received Import Request.
  Time since last request: 0.002274 seconds.
  path: Assets/Settings/PC_RPAsset.asset
  artifactKey: Guid(4b83569d67af61e458304325a23e5dfd) Importer(815301076,1909f56bfc062723c751e8b465ee728b)
Start importing Assets/Settings/PC_RPAsset.asset using Guid(4b83569d67af61e458304325a23e5dfd) Importer(815301076,1909f56bfc062723c751e8b465ee728b) (PreviewImporter) -> (artifact id: '1456ddb8e0d5ece8a62c24926bd7dff5') in 0.030345 seconds
Number of updated asset objects reloaded before import = 0Number of asset objects unloaded after import = 0

========================================================================
Received Import Request.
  Time since last request: 0.000136 seconds.
  path: Assets/Settings/UniversalRenderPipelineGlobalSettings.asset
  artifactKey: Guid(18dc0cd2c080841dea60987a38ce93fa) Importer(815301076,1909f56bfc062723c751e8b465ee728b)
Start importing Assets/Settings/UniversalRenderPipelineGlobalSettings.asset using Guid(18dc0cd2c080841dea60987a38ce93fa) Importer(815301076,1909f56bfc062723c751e8b465ee728b) (PreviewImporter) -> (artifact id: 'b31fc2b3818a6b2ef5fc416278fe6f16') in 0.0551759 seconds
Number of updated asset objects reloaded before import = 0Number of asset objects unloaded after import = 0

========================================================================
Received Import Request.
  Time since last request: 0.000254 seconds.
  path: Assets/Settings/PC_Renderer.asset
  artifactKey: Guid(f288ae1f4751b564a96ac7587541f7a2) Importer(815301076,1909f56bfc062723c751e8b465ee728b)
Start importing Assets/Settings/PC_Renderer.asset using Guid(f288ae1f4751b564a96ac7587541f7a2) Importer(815301076,1909f56bfc062723c751e8b465ee728b) (PreviewImporter) -> (artifact id: 'faab6cc3a0eb7141fe31e2e91fd81ee8') in 0.0783691 seconds
Number of updated asset objects reloaded before import = 0Number of asset objects unloaded after import = 0

========================================================================
Received Import Request.
  Time since last request: 688.482816 seconds.
  path: Assets/Models/Player/Sneak Walk@Dying.fbx
  artifactKey: Guid(f6cc45ec2c09e864d8334fe6d837a1c1) Importer(815301076,1909f56bfc062723c751e8b465ee728b)
Start importing Assets/Models/Player/Sneak Walk@Dying.fbx using Guid(f6cc45ec2c09e864d8334fe6d837a1c1) Importer(815301076,1909f56bfc062723c751e8b465ee728b) (PreviewImporter) -> (artifact id: '8855edec38d4110faf0beee74f16e77a') in 0.9076684 seconds
Number of updated asset objects reloaded before import = 0Number of asset objects unloaded after import = 109

========================================================================
Received Import Request.
  Time since last request: 0.001080 seconds.
  path: Assets/Models/Player/Sneak Walk@Swing To Land.fbx
  artifactKey: Guid(3542413841c96c6408f037f70cd3a825) Importer(815301076,1909f56bfc062723c751e8b465ee728b)
Start importing Assets/Models/Player/Sneak Walk@Swing To Land.fbx using Guid(3542413841c96c6408f037f70cd3a825) Importer(815301076,1909f56bfc062723c751e8b465ee728b) (PreviewImporter) -> (artifact id: 'e4cd6fc5aa42bc6c5ae305dc270eafa6') in 0.2157111 seconds
Number of updated asset objects reloaded before import = 0Number of asset objects unloaded after import = 109

========================================================================
Received Import Request.
  Time since last request: 0.000069 seconds.
  path: Assets/Models/Player/Sneak Walk@Start Swinging.fbx
  artifactKey: Guid(a3bacc7802c316f4184fff0c62cf14bf) Importer(815301076,1909f56bfc062723c751e8b465ee728b)
Start importing Assets/Models/Player/Sneak Walk@Start Swinging.fbx using Guid(a3bacc7802c316f4184fff0c62cf14bf) Importer(815301076,1909f56bfc062723c751e8b465ee728b) (PreviewImporter) -> (artifact id: '201e9b85fcce6bd189168ff96654171a') in 0.1899224 seconds
Number of updated asset objects reloaded before import = 0Number of asset objects unloaded after import = 109

========================================================================
Received Import Request.
  Time since last request: 0.000191 seconds.
  path: Assets/Models/Player/Sneak Walk@Ninja Idle.fbx
  artifactKey: Guid(56026a5e0579c4541a2b7a069270575d) Importer(815301076,1909f56bfc062723c751e8b465ee728b)
Start importing Assets/Models/Player/Sneak Walk@Ninja Idle.fbx using Guid(56026a5e0579c4541a2b7a069270575d) Importer(815301076,1909f56bfc062723c751e8b465ee728b) (PreviewImporter) -> (artifact id: 'cdca9068d0e7eeb423ce8ead7d34278c') in 0.2112593 seconds
Number of updated asset objects reloaded before import = 0Number of asset objects unloaded after import = 109

========================================================================
Received Import Request.
  Time since last request: 0.000056 seconds.
  path: Assets/Models/Player/Sneak Walk@Sneak Walk.fbx
  artifactKey: Guid(5d022694e00d31d42ab14783aad38d86) Importer(815301076,1909f56bfc062723c751e8b465ee728b)
Start importing Assets/Models/Player/Sneak Walk@Sneak Walk.fbx using Guid(5d022694e00d31d42ab14783aad38d86) Importer(815301076,1909f56bfc062723c751e8b465ee728b) (PreviewImporter) -> (artifact id: 'dfde1c8189a1090cb9b97ee8a0517cd9') in 0.1524815 seconds
Number of updated asset objects reloaded before import = 0Number of asset objects unloaded after import = 109

========================================================================
Received Import Request.
  Time since last request: 0.000363 seconds.
  path: Assets/Models/Player/Sneak Walk@Start Swinging.fbx
  artifactKey: Guid(a3bacc7802c316f4184fff0c62cf14bf) Importer(2089858483,b0f066a214c2f5e87bad3c948f4d605d)
Start importing Assets/Models/Player/Sneak Walk@Start Swinging.fbx using Guid(a3bacc7802c316f4184fff0c62cf14bf) Importer(2089858483,b0f066a214c2f5e87bad3c948f4d605d) (ScriptedImporter) -> (artifact id: 'cd9d0e2ce08f751a03d1bb89b33b6f34') in 0.208322 seconds
Number of updated asset objects reloaded before import = 0Number of asset objects unloaded after import = 109

========================================================================
Received Import Request.
  Time since last request: 0.000106 seconds.
  path: Assets/Models/Player/Sneak Walk@Sneak Walk.fbx
  artifactKey: Guid(5d022694e00d31d42ab14783aad38d86) Importer(2089858483,b0f066a214c2f5e87bad3c948f4d605d)
Start importing Assets/Models/Player/Sneak Walk@Sneak Walk.fbx using Guid(5d022694e00d31d42ab14783aad38d86) Importer(2089858483,b0f066a214c2f5e87bad3c948f4d605d) (ScriptedImporter) -> (artifact id: '5807cb26c0b631472d5fb2810829277b') in 0.1374448 seconds
Number of updated asset objects reloaded before import = 0Number of asset objects unloaded after import = 109

========================================================================
Received Import Request.
  Time since last request: 0.000162 seconds.
  path: Assets/Models/Player/Sneak Walk@Jumping.fbx
  artifactKey: Guid(b05a64bd24d316f448167c97ac0897e4) Importer(2089858483,b0f066a214c2f5e87bad3c948f4d605d)
Start importing Assets/Models/Player/Sneak Walk@Jumping.fbx using Guid(b05a64bd24d316f448167c97ac0897e4) Importer(2089858483,b0f066a214c2f5e87bad3c948f4d605d) (ScriptedImporter) -> (artifact id: 'd4afc4beb4a2afea37bd7670b81bb89b') in 0.1643035 seconds
Number of updated asset objects reloaded before import = 0Number of asset objects unloaded after import = 109

========================================================================
Received Import Request.
  Time since last request: 0.000137 seconds.
  path: Assets/Models/Player/Sneak Walk@Dying.fbx
  artifactKey: Guid(f6cc45ec2c09e864d8334fe6d837a1c1) Importer(2089858483,b0f066a214c2f5e87bad3c948f4d605d)
Start importing Assets/Models/Player/Sneak Walk@Dying.fbx using Guid(f6cc45ec2c09e864d8334fe6d837a1c1) Importer(2089858483,b0f066a214c2f5e87bad3c948f4d605d) (ScriptedImporter) -> (artifact id: 'c8bdf8a1f056e51413640127d639b76b') in 0.1350173 seconds
Number of updated asset objects reloaded before import = 0Number of asset objects unloaded after import = 109

========================================================================
Received Import Request.
  Time since last request: 0.000295 seconds.
  path: Assets/Models/Player/Sneak Walk@Punching.fbx
  artifactKey: Guid(fbf2ec3de73144342991c464ab3f8a65) Importer(2089858483,b0f066a214c2f5e87bad3c948f4d605d)
Start importing Assets/Models/Player/Sneak Walk@Punching.fbx using Guid(fbf2ec3de73144342991c464ab3f8a65) Importer(2089858483,b0f066a214c2f5e87bad3c948f4d605d) (ScriptedImporter) -> (artifact id: 'b34115be8eca19095f39601226e756b8') in 0.1109861 seconds
Number of updated asset objects reloaded before import = 0Number of asset objects unloaded after import = 109

========================================================================
Received Import Request.
  Time since last request: 0.000336 seconds.
  path: Assets/Models/Player/Sneak Walk@Ninja Idle.fbx
  artifactKey: Guid(56026a5e0579c4541a2b7a069270575d) Importer(2089858483,b0f066a214c2f5e87bad3c948f4d605d)
Start importing Assets/Models/Player/Sneak Walk@Ninja Idle.fbx using Guid(56026a5e0579c4541a2b7a069270575d) Importer(2089858483,b0f066a214c2f5e87bad3c948f4d605d) (ScriptedImporter) -> (artifact id: '984d90f81034ccc33e71bf194b087f6d') in 0.1219059 seconds
Number of updated asset objects reloaded before import = 0Number of asset objects unloaded after import = 109

========================================================================
Received Import Request.
  Time since last request: 0.000125 seconds.
  path: Assets/Models/Player/Sneak Walk@Punching.fbx
  artifactKey: Guid(fbf2ec3de73144342991c464ab3f8a65) Importer(815301076,1909f56bfc062723c751e8b465ee728b)
Start importing Assets/Models/Player/Sneak Walk@Punching.fbx using Guid(fbf2ec3de73144342991c464ab3f8a65) Importer(815301076,1909f56bfc062723c751e8b465ee728b) (PreviewImporter) -> (artifact id: '866e2027af0be271f21119273e9b9b53') in 0.2201635 seconds
Number of updated asset objects reloaded before import = 0Number of asset objects unloaded after import = 109

========================================================================
Received Import Request.
  Time since last request: 0.000177 seconds.
  path: Assets/Models/Player/Sneak Walk@Swing To Land.fbx
  artifactKey: Guid(3542413841c96c6408f037f70cd3a825) Importer(2089858483,b0f066a214c2f5e87bad3c948f4d605d)
Start importing Assets/Models/Player/Sneak Walk@Swing To Land.fbx using Guid(3542413841c96c6408f037f70cd3a825) Importer(2089858483,b0f066a214c2f5e87bad3c948f4d605d) (ScriptedImporter) -> (artifact id: '8f7240bb6a57a070b32d9d8f3f06189c') in 0.130732 seconds
Number of updated asset objects reloaded before import = 0Number of asset objects unloaded after import = 109

Editor requested this worker to shutdown with reason: Scaling down because of idle timeout
AssetImportWorker is now disconnected from the server
Process exiting
Exiting without the bug reporter. Application will terminate with return code 0