[Licensing::Module] Trying to connect to existing licensing client channel...
Built from '6000.3/staging' branch; Version is '6000.3.7f1 (696ec25a53d1) revision 6909634'; Using compiler version '194234433'; Build Type 'Release'
[Licensing::IpcConnector] Successfully connected to: "LicenseClient-emman" at "2026-03-03T19:33:57.38186Z"
OS: 'Windows 11  (10.0.26200) CoreSingleLanguage' Language: 'es' Physical Memory: 7817 MB
BatchMode: 1, IsHumanControllingUs: 0, StartBugReporterOnCrash: 0, Is64bit: 1
System  architecture: x64
Process architecture: x64
Date: 2026-03-03T19:33:57Z

COMMAND LINE ARGUMENTS:
C:\Program Files\Unity\Hub\Editor\6000.3.7f1\Editor\Unity.exe
-adb2
-batchMode
-noUpm
-name
AssetImportWorker0
-projectPath
C:/Users/emman/Desktop/Proyecto  spiderman/Spiderman-Game
-logFile
Logs/AssetImportWorker0.log
-srvPort
63432
-licensingIpc
LicenseClient-emman
-job-worker-count
5
-background-job-worker-count
8
-gc-helper-count
1
-name
AssetImport
Successfully changed project path to: C:/Users/emman/Desktop/Proyecto  spiderman/Spiderman-Game
C:/Users/emman/Desktop/Proyecto  spiderman/Spiderman-Game
[UnityMemory] Configuration Parameters - Can be set up in boot.config
    "memorysetup-temp-allocator-size-nav-mesh-worker=65536"
    "memorysetup-temp-allocator-size-audio-worker=65536"
    "memorysetup-temp-allocator-size-gfx=262144"
    "memorysetup-allocator-temp-initial-block-size-main=262144"
    "memorysetup-allocator-temp-initial-block-size-worker=262144"
    "memorysetup-temp-allocator-size-background-worker=32768"
    "memorysetup-temp-allocator-size-job-worker=262144"
    "memorysetup-temp-allocator-size-preload-manager=33554432"
    "memorysetup-temp-allocator-size-gi-baking-worker=262144"
    "memorysetup-temp-allocator-size-gi-baking-worker=262144"
    "memorysetup-temp-allocator-size-gi-baking-worker=262144"
    "memorysetup-temp-allocator-size-gi-baking-worker=262144"
    "memorysetup-temp-allocator-size-gi-baking-worker=262144"
    "memorysetup-bucket-allocator-granularity=16"
    "memorysetup-bucket-allocator-bucket-count=8"
    "memorysetup-bucket-allocator-block-size=33554432"
    "memorysetup-bucket-allocator-block-count=8"
    "memorysetup-main-allocator-block-size=16777216"
    "memorysetup-thread-allocator-block-size=16777216"
    "memorysetup-gfx-main-allocator-block-size=16777216"
    "memorysetup-gfx-thread-allocator-block-size=16777216"
    "memorysetup-cache-allocator-block-size=4194304"
    "memorysetup-typetree-allocator-block-size=2097152"
    "memorysetup-profiler-bucket-allocator-granularity=16"
    "memorysetup-profiler-bucket-allocator-bucket-count=8"
    "memorysetup-profiler-bucket-allocator-block-size=33554432"
    "memorysetup-profiler-bucket-allocator-block-count=8"
    "memorysetup-profiler-allocator-block-size=16777216"
    "memorysetup-profiler-editor-allocator-block-size=1048576"
    "memorysetup-temp-allocator-size-main=16777216"
    "memorysetup-job-temp-allocator-block-size=2097152"
    "memorysetup-job-temp-allocator-block-size-background=1048576"
    "memorysetup-job-temp-allocator-reduction-small-platforms=262144"
    "memorysetup-temp-allocator-size-cloud-worker=32768"
Player connection [15640]  Target information:

Player connection [15640]  * "[IP] 192.168.56.1 [Port] 0 [Flags] 2 [Guid] 2368819106 [EditorId] 2368819106 [Version] 1048832 [Id] WindowsEditor(7,Emmanuel) [Debug] 1 [PackageName] WindowsEditor [ProjectName] Editor" 

Player connection [15640]  * "[IP] 10.10.26.43 [Port] 0 [Flags] 2 [Guid] 2368819106 [EditorId] 2368819106 [Version] 1048832 [Id] WindowsEditor(7,Emmanuel) [Debug] 1 [PackageName] WindowsEditor [ProjectName] Editor" 

Player connection [15640] Host joined multi-casting on [225.0.0.222:54997]...
Player connection [15640] Host joined alternative multi-casting on [225.0.0.222:34997]...
JobSystem: Creating JobQueue using job-worker-count value 5
Input System module state changed to: Initialized.
[Physics::Module] Initialized fallback backend.
[Physics::Module] Id: 0xdecafbad
Library Redirect Path: Library/
[Physics::Module] Selected backend.
[Physics::Module] Name: PhysX
[Physics::Module] Id: 0xf2b8ea05
[Physics::Module] SDK Version: 4.1.2
[Physics::Module] Integration Version: 1.0.0
[Physics::Module] Threading Mode: Multi-Threaded
Refreshing native plugins compatible for Editor in 5.77 ms, found 3 plugins.
Preloading 0 native plugins for Editor in 0.00 ms.
Initialize engine version: 6000.3.7f1 (696ec25a53d1)
[Subsystems] Discovering subsystems at path C:/Program Files/Unity/Hub/Editor/6000.3.7f1/Editor/Data/Resources/UnitySubsystems
[Subsystems] Discovering subsystems at path C:/Users/emman/Desktop/Proyecto  spiderman/Spiderman-Game/Assets
GfxDevice: creating device client; kGfxThreadingModeNonThreaded
Direct3D:
    Version:  Direct3D 11.0 [level 11.1]
    Renderer: Intel(R) UHD Graphics (ID=0xa7a8)
    Vendor:   Intel
    VRAM:     3908 MB
    Driver:   32.0.101.6737
Initialize mono
Mono path[0] = 'C:/Program Files/Unity/Hub/Editor/6000.3.7f1/Editor/Data/Managed'
Mono path[1] = 'C:/Program Files/Unity/Hub/Editor/6000.3.7f1/Editor/Data/MonoBleedingEdge/lib/mono/unityjit-win32'
Mono config path = 'C:/Program Files/Unity/Hub/Editor/6000.3.7f1/Editor/Data/MonoBleedingEdge/etc'
Using monoOptions --debugger-agent=transport=dt_socket,embedding=1,server=y,suspend=n,address=127.0.0.1:56472
Begin MonoManager ReloadAssembly
[Licensing::Client] Handshaking with LicensingClient:
  Version:                 1.17.4+4293ba1
  Session Id:              cf3e0539a9e046f2b976d2236ec0d381
  Correlation Id:          ed76901c33222d6a3d2279f7a15b6b7f
  External correlation Id: 2893593277943254852
  Machine Id:              hfF322bHII5vPWw5Tn5pXe0Ys6w=
[Licensing::Module] Successfully connected to LicensingClient on channel: "LicenseClient-emman" (connect: 0.00s, validation: 0.02s, handshake: 1.50s)
[Licensing::IpcConnector] Successfully connected to: "LicenseClient-emman-notifications" at "2026-03-03T19:33:58.8998306Z"
[Licensing::Module] Licensing Background thread has ended after 1.52s
Registering precompiled unity dll's ...
Register platform support module: C:/Program Files/Unity/Hub/Editor/6000.3.7f1/Editor/Data/PlaybackEngines/WebGLSupport/UnityEditor.WebGL.Extensions.dll
Register platform support module: C:/Program Files/Unity/Hub/Editor/6000.3.7f1/Editor/Data/PlaybackEngines/WindowsStandaloneSupport/UnityEditor.WindowsStandalone.Extensions.dll
Registered in 0.012559 seconds.
- Loaded All Assemblies, in  0.953 seconds
Native extension for WindowsStandalone target not found
Native extension for WebGL target not found
ScheduleIndexationOnStartup MainProcess:False IndexOnStartup:True
Mono: successfully reloaded assembly
- Finished resetting the current domain, in  0.481 seconds
Domain Reload Profiling: 1432ms
	BeginReloadAssembly (366ms)
		ExecutionOrderSort (0ms)
		DisableScriptedObjects (0ms)
		BackupInstance (0ms)
		ReleaseScriptingObjects (0ms)
		CreateAndSetChildDomain (8ms)
	RebuildCommonClasses (71ms)
	RebuildNativeTypeToScriptingClass (22ms)
	initialDomainReloadingComplete (165ms)
	LoadAllAssembliesAndSetupDomain (327ms)
		LoadAssemblies (354ms)
		RebuildTransferFunctionScriptingTraits (0ms)
		AnalyzeDomain (317ms)
			TypeCache.Refresh (314ms)
				TypeCache.ScanAssembly (283ms)
			BuildScriptInfoCaches (1ms)
			ResolveRequiredComponents (1ms)
	FinalizeReload (482ms)
		ReleaseScriptCaches (0ms)
		RebuildScriptCaches (0ms)
		SetupLoadedEditorAssemblies (438ms)
			LogAssemblyErrors (0ms)
			InitializePlatformSupportModulesInManaged (73ms)
			SetLoadedEditorAssemblies (5ms)
			BeforeProcessingInitializeOnLoad (87ms)
			ProcessInitializeOnLoadAttributes (161ms)
			ProcessInitializeOnLoadMethodAttributes (112ms)
			AfterProcessingInitializeOnLoad (0ms)
			EditorAssembliesLoaded (1ms)
		ExecutionOrderSort2 (0ms)
		AwakeInstancesAfterBackupRestoration (0ms)
========================================================================
Worker process is ready to serve import requests
Import Worker Mode flag is 0x00
Begin MonoManager ReloadAssembly
[Licensing::Client] Successfully resolved entitlement details
[Licensing::Module] License group:
  Id: 4674145662004-UnityPersXXXX
  Product: Unity Personal
  Type: Assigned
  Expiration: Unlimited
- Loaded All Assemblies, in  3.186 seconds
Refreshing native plugins compatible for Editor in 2.51 ms, found 3 plugins.
Native extension for WindowsStandalone target not found
Native extension for WebGL target not found
Package Manager log level set to [2]
[Package Manager] Failed to launch server process. Reason: Unity was launched with the -noUpm command-line argument
[Package Manager] Unable to send message (not connected to server process).
[Package Manager] Cannot connect to Unity Package Manager local server
ScheduleIndexationOnStartup MainProcess:False IndexOnStartup:True
Mono: successfully reloaded assembly
- Finished resetting the current domain, in  1.329 seconds
Domain Reload Profiling: 4508ms
	BeginReloadAssembly (565ms)
		ExecutionOrderSort (0ms)
		DisableScriptedObjects (19ms)
		BackupInstance (0ms)
		ReleaseScriptingObjects (0ms)
		CreateAndSetChildDomain (138ms)
	RebuildCommonClasses (74ms)
	RebuildNativeTypeToScriptingClass (15ms)
	initialDomainReloadingComplete (78ms)
	LoadAllAssembliesAndSetupDomain (2445ms)
		LoadAssemblies (2112ms)
		RebuildTransferFunctionScriptingTraits (0ms)
		AnalyzeDomain (611ms)
			TypeCache.Refresh (348ms)
				TypeCache.ScanAssembly (304ms)
			BuildScriptInfoCaches (213ms)
			ResolveRequiredComponents (40ms)
	FinalizeReload (1330ms)
		ReleaseScriptCaches (0ms)
		RebuildScriptCaches (0ms)
		SetupLoadedEditorAssemblies (991ms)
			LogAssemblyErrors (0ms)
			InitializePlatformSupportModulesInManaged (3ms)
			SetLoadedEditorAssemblies (7ms)
			BeforeProcessingInitializeOnLoad (196ms)
			ProcessInitializeOnLoadAttributes (629ms)
			ProcessInitializeOnLoadMethodAttributes (149ms)
			AfterProcessingInitializeOnLoad (6ms)
			EditorAssembliesLoaded (0ms)
		ExecutionOrderSort2 (0ms)
		AwakeInstancesAfterBackupRestoration (11ms)
Launched and connected shader compiler UnityShaderCompiler.exe after 0.05 seconds
Refreshing native plugins compatible for Editor in 2.63 ms, found 3 plugins.
Preloading 0 native plugins for Editor in 0.00 ms.
Unloading 16 Unused Serialized files (Serialized files now loaded: 0)
Unloading 6218 unused Assets / (3.8 MB). Loaded Objects now: 7018.
Memory consumption went from 146.0 MB to 142.2 MB.
Total: 31.693000 ms (FindLiveObjects: 3.071400 ms CreateObjectMapping: 2.828900 ms MarkObjects: 21.447100 ms  DeleteObjects: 4.341100 ms)

========================================================================
Received Import Request.
  Time since last request: 15108.314226 seconds.
  path: Assets/Models/Player/spiderman_model1.fbm/spider-man3dmodel_basecolor.JPEG
  artifactKey: Guid(f0f44ad416ddb774fb98a78e502e9ba2) Importer(815301076,1909f56bfc062723c751e8b465ee728b)
Start importing Assets/Models/Player/spiderman_model1.fbm/spider-man3dmodel_basecolor.JPEG using Guid(f0f44ad416ddb774fb98a78e502e9ba2) Importer(815301076,1909f56bfc062723c751e8b465ee728b) (PreviewImporter) -> (artifact id: '9b715ad6a1e9848080d3067b445df8db') in 0.1725101 seconds
Number of updated asset objects reloaded before import = 0Number of asset objects unloaded after import = 2

========================================================================
Received Import Request.
  Time since last request: 0.000041 seconds.
  path: Assets/Scenes/SampleScene.unity
  artifactKey: Guid(99c9720ab356a0642a771bea13969a05) Importer(2089858483,b0f066a214c2f5e87bad3c948f4d605d)
Start importing Assets/Scenes/SampleScene.unity using Guid(99c9720ab356a0642a771bea13969a05) Importer(2089858483,b0f066a214c2f5e87bad3c948f4d605d) (ScriptedImporter) -> (artifact id: '0a2327112cda584c0f85f187408627e4') in 0.1474116 seconds
Number of updated asset objects reloaded before import = 0Number of asset objects unloaded after import = 1

========================================================================
Received Import Request.
  Time since last request: 41.960841 seconds.
  path: Assets/Models/Player/spiderman_model1.fbx
  artifactKey: Guid(2b1bdaa3239bd414aad41bb56ee0fbd9) Importer(815301076,1909f56bfc062723c751e8b465ee728b)
Start importing Assets/Models/Player/spiderman_model1.fbx using Guid(2b1bdaa3239bd414aad41bb56ee0fbd9) Importer(815301076,1909f56bfc062723c751e8b465ee728b) (PreviewImporter) -> (artifact id: '798d318fcdc9f2bc0871a342a0483dde') in 1.1572993 seconds
Number of updated asset objects reloaded before import = 0Number of asset objects unloaded after import = 11

========================================================================
Received Import Request.
  Time since last request: 0.000389 seconds.
  path: Assets/Models/Player/spiderman_model1.fbx
  artifactKey: Guid(2b1bdaa3239bd414aad41bb56ee0fbd9) Importer(2089858483,b0f066a214c2f5e87bad3c948f4d605d)
Start importing Assets/Models/Player/spiderman_model1.fbx using Guid(2b1bdaa3239bd414aad41bb56ee0fbd9) Importer(2089858483,b0f066a214c2f5e87bad3c948f4d605d) (ScriptedImporter) -> (artifact id: '2e11376bfb98a72845ab2d92e5d410ee') in 0.4035728 seconds
Number of updated asset objects reloaded before import = 0Number of asset objects unloaded after import = 11

========================================================================
Received Import Request.
  Time since last request: 35.748054 seconds.
  path: Assets/Models/Player/spiderman_model1.fbx
  artifactKey: Guid(2b1bdaa3239bd414aad41bb56ee0fbd9) Importer(815301076,1909f56bfc062723c751e8b465ee728b)
Start importing Assets/Models/Player/spiderman_model1.fbx using Guid(2b1bdaa3239bd414aad41bb56ee0fbd9) Importer(815301076,1909f56bfc062723c751e8b465ee728b) (PreviewImporter) -> (artifact id: 'ce6cf56a5e3a65d3e3c88f1ef4dd61af') in 0.0723537 seconds
Number of updated asset objects reloaded before import = 0Number of asset objects unloaded after import = 11

========================================================================
Received Import Request.
  Time since last request: 0.071232 seconds.
  path: Assets/Models/Player/spiderman_model1.fbx
  artifactKey: Guid(2b1bdaa3239bd414aad41bb56ee0fbd9) Importer(815301076,1909f56bfc062723c751e8b465ee728b)
Start importing Assets/Models/Player/spiderman_model1.fbx using Guid(2b1bdaa3239bd414aad41bb56ee0fbd9) Importer(815301076,1909f56bfc062723c751e8b465ee728b) (PreviewImporter) -> (artifact id: '89d19ff94b9cee7dbb56b0f8977ca881') in 0.0846032 seconds
Number of updated asset objects reloaded before import = 0Number of asset objects unloaded after import = 11

========================================================================
Received Import Request.
  Time since last request: 0.829203 seconds.
  path: Assets/Models/Player/tripo_mat_936c4b76.mat
  artifactKey: Guid(31d08b74e81966c4393436884ac82206) Importer(2089858483,b0f066a214c2f5e87bad3c948f4d605d)
Start importing Assets/Models/Player/tripo_mat_936c4b76.mat using Guid(31d08b74e81966c4393436884ac82206) Importer(2089858483,b0f066a214c2f5e87bad3c948f4d605d) (ScriptedImporter) -> (artifact id: '79f74392daa0834f6479ce2ba508808f') in 0.058107 seconds
Number of updated asset objects reloaded before import = 0Number of asset objects unloaded after import = 2

========================================================================
Received Import Request.
  Time since last request: 0.000093 seconds.
  path: Assets/Models/Player/spiderman_model1.fbx
  artifactKey: Guid(2b1bdaa3239bd414aad41bb56ee0fbd9) Importer(2089858483,b0f066a214c2f5e87bad3c948f4d605d)
Start importing Assets/Models/Player/spiderman_model1.fbx using Guid(2b1bdaa3239bd414aad41bb56ee0fbd9) Importer(2089858483,b0f066a214c2f5e87bad3c948f4d605d) (ScriptedImporter) -> (artifact id: '5e17a836b4244e4b753c32e8a3435fdb') in 0.0730404 seconds
Number of updated asset objects reloaded before import = 0Number of asset objects unloaded after import = 10

========================================================================
Received Import Request.
  Time since last request: 116.213221 seconds.
  path: Assets/Models/Player/Sneak Walk@Ninja Idle.fbx
  artifactKey: Guid(56026a5e0579c4541a2b7a069270575d) Importer(815301076,1909f56bfc062723c751e8b465ee728b)
Start importing Assets/Models/Player/Sneak Walk@Ninja Idle.fbx using Guid(56026a5e0579c4541a2b7a069270575d) Importer(815301076,1909f56bfc062723c751e8b465ee728b) (PreviewImporter) -> (artifact id: 'e88f2bcc1ad1ab38e6e2722cfb03a166') in 0.3716782 seconds
Number of updated asset objects reloaded before import = 0Number of asset objects unloaded after import = 111

========================================================================
Received Import Request.
  Time since last request: 0.293947 seconds.
  path: Assets/Models/Player/Sneak Walk@Ninja Idle.fbx
  artifactKey: Guid(56026a5e0579c4541a2b7a069270575d) Importer(2089858483,b0f066a214c2f5e87bad3c948f4d605d)
Start importing Assets/Models/Player/Sneak Walk@Ninja Idle.fbx using Guid(56026a5e0579c4541a2b7a069270575d) Importer(2089858483,b0f066a214c2f5e87bad3c948f4d605d) (ScriptedImporter) -> (artifact id: '1c803a1c8128f61048bcf83f61c1577a') in 0.0854825 seconds
Number of updated asset objects reloaded before import = 0Number of asset objects unloaded after import = 111

========================================================================
Received Import Request.
  Time since last request: 4.914600 seconds.
  path: Assets/Models/Player/spiderman_model1.fbx
  artifactKey: Guid(2b1bdaa3239bd414aad41bb56ee0fbd9) Importer(815301076,1909f56bfc062723c751e8b465ee728b)
Start importing Assets/Models/Player/spiderman_model1.fbx using Guid(2b1bdaa3239bd414aad41bb56ee0fbd9) Importer(815301076,1909f56bfc062723c751e8b465ee728b) (PreviewImporter) -> (artifact id: '3637cd5166e3e731b3d78111135c2392') in 0.0992519 seconds
Number of updated asset objects reloaded before import = 0Number of asset objects unloaded after import = 9

========================================================================
Received Import Request.
  Time since last request: 12.663271 seconds.
  path: Assets/Scenes/SampleScene.unity
  artifactKey: Guid(99c9720ab356a0642a771bea13969a05) Importer(815301076,1909f56bfc062723c751e8b465ee728b)
Start importing Assets/Scenes/SampleScene.unity using Guid(99c9720ab356a0642a771bea13969a05) Importer(815301076,1909f56bfc062723c751e8b465ee728b) (PreviewImporter) -> (artifact id: '7476a205bde66c94adc0ffd8328febde') in 0.002236 seconds
Number of updated asset objects reloaded before import = 0Number of asset objects unloaded after import = 0

========================================================================
Received Import Request.
  Time since last request: 5.410292 seconds.
  path: Assets/Scenes/SampleScene.unity
  artifactKey: Guid(99c9720ab356a0642a771bea13969a05) Importer(815301076,1909f56bfc062723c751e8b465ee728b)
Start importing Assets/Scenes/SampleScene.unity using Guid(99c9720ab356a0642a771bea13969a05) Importer(815301076,1909f56bfc062723c751e8b465ee728b) (PreviewImporter) -> (artifact id: 'a4b32c6da5a8f27f05e6c4dab8ed0e1c') in 0.0010031 seconds
Number of updated asset objects reloaded before import = 0Number of asset objects unloaded after import = 0

========================================================================
Received Import Request.
  Time since last request: 0.085637 seconds.
  path: Assets/Scenes/SampleScene.unity
  artifactKey: Guid(99c9720ab356a0642a771bea13969a05) Importer(2089858483,b0f066a214c2f5e87bad3c948f4d605d)
Start importing Assets/Scenes/SampleScene.unity using Guid(99c9720ab356a0642a771bea13969a05) Importer(2089858483,b0f066a214c2f5e87bad3c948f4d605d) (ScriptedImporter) -> (artifact id: 'f3dc1f1f3a46a8ad81a1224d211a552f') in 0.0647637 seconds
Number of updated asset objects reloaded before import = 0Number of asset objects unloaded after import = 1

========================================================================
Received Import Request.
  Time since last request: 13.890620 seconds.
  path: Assets/Scenes/Scena_Player/player_showcase.unity
  artifactKey: Guid(026fb39f098fea640b3afceb561e89e4) Importer(815301076,1909f56bfc062723c751e8b465ee728b)
Start importing Assets/Scenes/Scena_Player/player_showcase.unity using Guid(026fb39f098fea640b3afceb561e89e4) Importer(815301076,1909f56bfc062723c751e8b465ee728b) (PreviewImporter) -> (artifact id: '4ac689e778ee50474a4233d0aeb86972') in 0.0036789 seconds
Number of updated asset objects reloaded before import = 0Number of asset objects unloaded after import = 0

========================================================================
Received Import Request.
  Time since last request: 7.130814 seconds.
  path: Assets/Scenes/Scena_Player/player_showcase.unity
  artifactKey: Guid(026fb39f098fea640b3afceb561e89e4) Importer(2089858483,b0f066a214c2f5e87bad3c948f4d605d)
Start importing Assets/Scenes/Scena_Player/player_showcase.unity using Guid(026fb39f098fea640b3afceb561e89e4) Importer(2089858483,b0f066a214c2f5e87bad3c948f4d605d) (ScriptedImporter) -> (artifact id: '9ff39ace9946fceb4e573ba2de23cd21') in 0.0271273 seconds
Number of updated asset objects reloaded before import = 0Number of asset objects unloaded after import = 1

========================================================================
Received Import Request.
  Time since last request: 281.070412 seconds.
  path: Assets/Models/Player/Sneak Walk@Ninja Idle.fbx
  artifactKey: Guid(56026a5e0579c4541a2b7a069270575d) Importer(815301076,1909f56bfc062723c751e8b465ee728b)
Start importing Assets/Models/Player/Sneak Walk@Ninja Idle.fbx using Guid(56026a5e0579c4541a2b7a069270575d) Importer(815301076,1909f56bfc062723c751e8b465ee728b) (PreviewImporter) -> (artifact id: '503e7d95b81502f483f7cb727f479d7c') in 0.4959034 seconds
Number of updated asset objects reloaded before import = 0Number of asset objects unloaded after import = 111

========================================================================
Received Import Request.
  Time since last request: 0.097127 seconds.
  path: Assets/Models/Player/Sneak Walk@Ninja Idle.fbx
  artifactKey: Guid(56026a5e0579c4541a2b7a069270575d) Importer(2089858483,b0f066a214c2f5e87bad3c948f4d605d)
Start importing Assets/Models/Player/Sneak Walk@Ninja Idle.fbx using Guid(56026a5e0579c4541a2b7a069270575d) Importer(2089858483,b0f066a214c2f5e87bad3c948f4d605d) (ScriptedImporter) -> (artifact id: 'fdee56b96a4e7682b26bea9b53001ef7') in 0.1494504 seconds
Number of updated asset objects reloaded before import = 0Number of asset objects unloaded after import = 111

========================================================================
Received Import Request.
  Time since last request: 23.063018 seconds.
  path: Assets/Models/Player/T-Pose.fbx
  artifactKey: Guid(81e4199f481b0a54d84dabcd4d8bfc83) Importer(815301076,1909f56bfc062723c751e8b465ee728b)
Start importing Assets/Models/Player/T-Pose.fbx using Guid(81e4199f481b0a54d84dabcd4d8bfc83) Importer(815301076,1909f56bfc062723c751e8b465ee728b) (PreviewImporter) -> (artifact id: '566c38d37e85cb6925ef5f6c3dda4fc4') in 0.3053329 seconds
Number of updated asset objects reloaded before import = 0Number of asset objects unloaded after import = 109

========================================================================
Received Import Request.
  Time since last request: 0.416535 seconds.
  path: Assets/Models/Player/T-Pose.fbx
  artifactKey: Guid(81e4199f481b0a54d84dabcd4d8bfc83) Importer(2089858483,b0f066a214c2f5e87bad3c948f4d605d)
Start importing Assets/Models/Player/T-Pose.fbx using Guid(81e4199f481b0a54d84dabcd4d8bfc83) Importer(2089858483,b0f066a214c2f5e87bad3c948f4d605d) (ScriptedImporter) -> (artifact id: 'fd866cc56d8ed7a458989db290e9a4dd') in 0.1000009 seconds
Number of updated asset objects reloaded before import = 0Number of asset objects unloaded after import = 109

========================================================================
Received Import Request.
  Time since last request: 36.480317 seconds.
  path: Assets/Models/Player/T-Pose.fbx
  artifactKey: Guid(81e4199f481b0a54d84dabcd4d8bfc83) Importer(815301076,1909f56bfc062723c751e8b465ee728b)
Start importing Assets/Models/Player/T-Pose.fbx using Guid(81e4199f481b0a54d84dabcd4d8bfc83) Importer(815301076,1909f56bfc062723c751e8b465ee728b) (PreviewImporter) -> (artifact id: 'dec36f0163378b82996310546fa85d37') in 0.428444 seconds
Number of updated asset objects reloaded before import = 0Number of asset objects unloaded after import = 111

========================================================================
Received Import Request.
  Time since last request: 0.000157 seconds.
  path: Assets/Models/Player/spider-man3dmodel_basecolor.JPEG
  artifactKey: Guid(ef19792c1897acb42956a3ff20707357) Importer(815301076,1909f56bfc062723c751e8b465ee728b)
Start importing Assets/Models/Player/spider-man3dmodel_basecolor.JPEG using Guid(ef19792c1897acb42956a3ff20707357) Importer(815301076,1909f56bfc062723c751e8b465ee728b) (PreviewImporter) -> (artifact id: 'd3bdbaf1c11280ba36446301d175aec6') in 0.1159232 seconds
Number of updated asset objects reloaded before import = 0Number of asset objects unloaded after import = 2

========================================================================
Received Import Request.
  Time since last request: 0.000123 seconds.
  path: Assets/Models/Player/Sneak Walk@Swing To Land.fbx
  artifactKey: Guid(3542413841c96c6408f037f70cd3a825) Importer(815301076,1909f56bfc062723c751e8b465ee728b)
Start importing Assets/Models/Player/Sneak Walk@Swing To Land.fbx using Guid(3542413841c96c6408f037f70cd3a825) Importer(815301076,1909f56bfc062723c751e8b465ee728b) (PreviewImporter) -> (artifact id: 'fc5ca6c5ca5522d7777bd098e85882f2') in 0.2297167 seconds
Number of updated asset objects reloaded before import = 0Number of asset objects unloaded after import = 109

========================================================================
Received Import Request.
  Time since last request: 0.000155 seconds.
  path: Assets/Models/Player/Sneak Walk@Jumping.fbx
  artifactKey: Guid(b05a64bd24d316f448167c97ac0897e4) Importer(815301076,1909f56bfc062723c751e8b465ee728b)
Start importing Assets/Models/Player/Sneak Walk@Jumping.fbx using Guid(b05a64bd24d316f448167c97ac0897e4) Importer(815301076,1909f56bfc062723c751e8b465ee728b) (PreviewImporter) -> (artifact id: '33e8f06c87570e1f8696337757b96545') in 0.1342021 seconds
Number of updated asset objects reloaded before import = 0Number of asset objects unloaded after import = 109

========================================================================
Received Import Request.
  Time since last request: 0.000102 seconds.
  path: Assets/Models/Player/Sneak Walk@Start Swinging.fbx
  artifactKey: Guid(a3bacc7802c316f4184fff0c62cf14bf) Importer(815301076,1909f56bfc062723c751e8b465ee728b)
Start importing Assets/Models/Player/Sneak Walk@Start Swinging.fbx using Guid(a3bacc7802c316f4184fff0c62cf14bf) Importer(815301076,1909f56bfc062723c751e8b465ee728b) (PreviewImporter) -> (artifact id: '5d82e80cb4b25bfec2cca57852434eee') in 0.1452893 seconds
Number of updated asset objects reloaded before import = 0Number of asset objects unloaded after import = 109

========================================================================
Received Import Request.
  Time since last request: 0.000075 seconds.
  path: Assets/Models/Player/Sneak Walk@Dying.fbx
  artifactKey: Guid(f6cc45ec2c09e864d8334fe6d837a1c1) Importer(815301076,1909f56bfc062723c751e8b465ee728b)
Start importing Assets/Models/Player/Sneak Walk@Dying.fbx using Guid(f6cc45ec2c09e864d8334fe6d837a1c1) Importer(815301076,1909f56bfc062723c751e8b465ee728b) (PreviewImporter) -> (artifact id: 'c179a96bf8108b302d15d00415400d94') in 0.1633996 seconds
Number of updated asset objects reloaded before import = 0Number of asset objects unloaded after import = 109

========================================================================
Received Import Request.
  Time since last request: 0.000085 seconds.
  path: Assets/Models/Player/Sneak Walk@Ninja Idle.fbx
  artifactKey: Guid(56026a5e0579c4541a2b7a069270575d) Importer(815301076,1909f56bfc062723c751e8b465ee728b)
Start importing Assets/Models/Player/Sneak Walk@Ninja Idle.fbx using Guid(56026a5e0579c4541a2b7a069270575d) Importer(815301076,1909f56bfc062723c751e8b465ee728b) (PreviewImporter) -> (artifact id: '6f8c05cdb750b3a2c09039bec8e1fe61') in 0.1705815 seconds
Number of updated asset objects reloaded before import = 0Number of asset objects unloaded after import = 111

========================================================================
Received Import Request.
  Time since last request: 0.000090 seconds.
  path: Assets/Models/Player/Sneak Walk@Sneak Walk.fbx
  artifactKey: Guid(5d022694e00d31d42ab14783aad38d86) Importer(815301076,1909f56bfc062723c751e8b465ee728b)
Start importing Assets/Models/Player/Sneak Walk@Sneak Walk.fbx using Guid(5d022694e00d31d42ab14783aad38d86) Importer(815301076,1909f56bfc062723c751e8b465ee728b) (PreviewImporter) -> (artifact id: 'ddb8ab025af785f738ff5ac95108d3c6') in 0.1519323 seconds
Number of updated asset objects reloaded before import = 0Number of asset objects unloaded after import = 109

========================================================================
Received Import Request.
  Time since last request: 0.000117 seconds.
  path: Assets/Models/Player/T-Pose.fbx
  artifactKey: Guid(81e4199f481b0a54d84dabcd4d8bfc83) Importer(2089858483,b0f066a214c2f5e87bad3c948f4d605d)
Start importing Assets/Models/Player/T-Pose.fbx using Guid(81e4199f481b0a54d84dabcd4d8bfc83) Importer(2089858483,b0f066a214c2f5e87bad3c948f4d605d) (ScriptedImporter) -> (artifact id: '5cf3673a9a6810758c6d655f9853cb60') in 0.3155682 seconds
Number of updated asset objects reloaded before import = 0Number of asset objects unloaded after import = 111

========================================================================
Received Import Request.
  Time since last request: 0.000094 seconds.
  path: Assets/Models/Player/Sneak Walk@Punching.fbx
  artifactKey: Guid(fbf2ec3de73144342991c464ab3f8a65) Importer(815301076,1909f56bfc062723c751e8b465ee728b)
Start importing Assets/Models/Player/Sneak Walk@Punching.fbx using Guid(fbf2ec3de73144342991c464ab3f8a65) Importer(815301076,1909f56bfc062723c751e8b465ee728b) (PreviewImporter) -> (artifact id: '304ee1a2539c95a5efed6d1eb5e2a937') in 0.2411601 seconds
Number of updated asset objects reloaded before import = 0Number of asset objects unloaded after import = 109

========================================================================
Received Import Request.
  Time since last request: 0.000088 seconds.
  path: Assets/Models/Player/spider-man3dmodel_basecolor.JPEG
  artifactKey: Guid(ef19792c1897acb42956a3ff20707357) Importer(2089858483,b0f066a214c2f5e87bad3c948f4d605d)
Start importing Assets/Models/Player/spider-man3dmodel_basecolor.JPEG using Guid(ef19792c1897acb42956a3ff20707357) Importer(2089858483,b0f066a214c2f5e87bad3c948f4d605d) (ScriptedImporter) -> (artifact id: 'd8a45049581a187a998c853a99cf5393') in 0.4815064 seconds
Number of updated asset objects reloaded before import = 0Number of asset objects unloaded after import = 1

Editor requested this worker to shutdown with reason: Scaling down because of idle timeout
AssetImportWorker is now disconnected from the server
Process exiting
Exiting without the bug reporter. Application will terminate with return code 0