
=== Mon Mar  2 06:56:38 2026

Packages were changed.
Update Mode: mergeDefaultDependencies

The following packages were added:
  com.unity.modules.adaptiveperformance@1.0.0
  com.unity.modules.ai@1.0.0
  com.unity.modules.androidjni@1.0.0
  com.unity.modules.animation@1.0.0
  com.unity.modules.assetbundle@1.0.0
  com.unity.modules.audio@1.0.0
  com.unity.modules.cloth@1.0.0
  com.unity.modules.director@1.0.0
  com.unity.modules.imageconversion@1.0.0
  com.unity.modules.imgui@1.0.0
  com.unity.modules.jsonserialize@1.0.0
  com.unity.modules.particlesystem@1.0.0
  com.unity.modules.physics@1.0.0
  com.unity.modules.physics2d@1.0.0
  com.unity.modules.screencapture@1.0.0
  com.unity.modules.terrain@1.0.0
  com.unity.modules.terrainphysics@1.0.0
  com.unity.modules.tilemap@1.0.0
  com.unity.modules.ui@1.0.0
  com.unity.modules.uielements@1.0.0
  com.unity.modules.umbra@1.0.0
  com.unity.modules.unityanalytics@1.0.0
  com.unity.modules.unitywebrequest@1.0.0
  com.unity.modules.unitywebrequestassetbundle@1.0.0
  com.unity.modules.unitywebrequestaudio@1.0.0
  com.unity.modules.unitywebrequesttexture@1.0.0
  com.unity.modules.unitywebrequestwww@1.0.0
  com.unity.modules.vectorgraphics@1.0.0
  com.unity.modules.vehicles@1.0.0
  com.unity.modules.video@1.0.0
  com.unity.modules.vr@1.0.0
  com.unity.modules.wind@1.0.0
  com.unity.modules.xr@1.0.0
  com.unity.modules.accessibility@1.0.0
  com.unity.multiplayer.center@1.0.1
The following packages were updated:
  com.unity.ai.navigation from version 2.0.0 to 2.0.9
  com.unity.collab-proxy from version 2.2.0 to 2.11.3
  com.unity.ide.rider from version 3.0.27 to 3.0.39
  com.unity.ide.visualstudio from version 2.0.22 to 2.0.26
  com.unity.inputsystem from version 1.12.0 to 1.18.0
  com.unity.render-pipelines.universal from version 17.0.1 to 17.3.0
  com.unity.test-framework from version 1.4.2 to 1.6.0
  com.unity.timeline from version 1.8.6 to 1.8.10
  com.unity.visualscripting from version 1.9.1 to 1.9.9

=== Tue Mar  3 14:56:06 2026

Packages were changed.
Update Mode: updateDependencies

The following packages were updated:
  com.unity.ai.navigation from version 2.0.0 to 2.0.9
  com.unity.burst from version 1.8.13 to 1.8.27
  com.unity.cinemachine from version 2.10.0 to 2.10.5
  com.unity.collab-proxy from version 2.5.1 to 2.11.3
  com.unity.collections from version 2.4.0 to 2.6.2
  com.unity.ide.rider from version 3.0.28 to 3.0.39
  com.unity.ide.visualstudio from version 2.0.22 to 2.0.26
  com.unity.inputsystem from version 1.8.1 to 1.18.0
  com.unity.mathematics from version 1.3.1 to 1.3.3
  com.unity.nuget.mono-cecil from version 1.11.4 to 1.11.6
  com.unity.render-pipelines.core from version 17.0.3 to 17.3.0
  com.unity.render-pipelines.universal from version 17.0.3 to 17.3.0
  com.unity.searcher from version 4.9.2 to 4.9.4
  com.unity.shadergraph from version 17.0.3 to 17.3.0
  com.unity.test-framework from version 1.4.3 to 1.6.0
  com.unity.test-framework.performance from version 3.0.3 to 3.2.0
  com.unity.timeline from version 1.8.6 to 1.8.10
  com.unity.visualscripting from version 1.9.4 to 1.9.9
The following packages were removed:
  com.unity.rendering.light-transport@1.0.1

=== Tue Mar  3 14:56:06 2026

Packages were changed.
Update Mode: mergeDefaultDependencies

The following packages were added:
  com.unity.burst@1.8.27
  com.unity.cinemachine@2.10.5
  com.unity.collections@2.6.2
  com.unity.ext.nunit@2.0.5
  com.unity.mathematics@1.3.3
  com.unity.nuget.mono-cecil@1.11.6
  com.unity.package-validation-suite@0.22.0-preview
  com.unity.render-pipelines.core@17.3.0
  com.unity.render-pipelines.universal-config@17.0.3
  com.unity.searcher@4.9.4
  com.unity.shadergraph@17.3.0
  com.unity.test-framework.performance@3.2.0
  com.unity.modules.hierarchycore@1.0.0
  com.unity.modules.subsystems@1.0.0
