[Licensing::Module] Trying to connect to existing licensing client channel...
Built from '6000.3/staging' branch; Version is '6000.3.7f1 (696ec25a53d1) revision 6909634'; Using compiler version '194234433'; Build Type 'Release'
OS: 'Windows 11  (10.0.26200) CoreSingleLanguage' Language: 'es' Physical Memory: 7817 MB
BatchMode: 1, IsHumanControllingUs: 0, StartBugReporterOnCrash: 0, Is64bit: 1
System  architecture: x64
Process architecture: x64
Date: 2026-02-25T13:08:15Z
[Licensing::IpcConnector] Successfully connected to: "LicenseClient-emman" at "2026-02-25T13:08:15.4120082Z"

COMMAND LINE ARGUMENTS:
C:\Program Files\Unity\Hub\Editor\6000.3.7f1\Editor\Unity.exe
-adb2
-batchMode
-noUpm
-name
AssetImportWorker4
-projectPath
C:/Users/emman/Desktop/Proyecto  spiderman/My project
-logFile
Logs/AssetImportWorker4.log
-srvPort
52231
-job-worker-count
5
-background-job-worker-count
8
-gc-helper-count
1
-name
AssetImport
Successfully changed project path to: C:/Users/emman/Desktop/Proyecto  spiderman/My project
C:/Users/emman/Desktop/Proyecto  spiderman/My project
[UnityMemory] Configuration Parameters - Can be set up in boot.config
    "memorysetup-temp-allocator-size-nav-mesh-worker=65536"
    "memorysetup-temp-allocator-size-audio-worker=65536"
    "memorysetup-temp-allocator-size-gfx=262144"
    "memorysetup-allocator-temp-initial-block-size-main=262144"
    "memorysetup-allocator-temp-initial-block-size-worker=262144"
    "memorysetup-temp-allocator-size-background-worker=32768"
    "memorysetup-temp-allocator-size-job-worker=262144"
    "memorysetup-temp-allocator-size-preload-manager=33554432"
    "memorysetup-temp-allocator-size-gi-baking-worker=262144"
    "memorysetup-temp-allocator-size-gi-baking-worker=262144"
    "memorysetup-temp-allocator-size-gi-baking-worker=262144"
    "memorysetup-temp-allocator-size-gi-baking-worker=262144"
    "memorysetup-temp-allocator-size-gi-baking-worker=262144"
    "memorysetup-bucket-allocator-granularity=16"
    "memorysetup-bucket-allocator-bucket-count=8"
    "memorysetup-bucket-allocator-block-size=33554432"
    "memorysetup-bucket-allocator-block-count=8"
    "memorysetup-main-allocator-block-size=16777216"
    "memorysetup-thread-allocator-block-size=16777216"
    "memorysetup-gfx-main-allocator-block-size=16777216"
    "memorysetup-gfx-thread-allocator-block-size=16777216"
    "memorysetup-cache-allocator-block-size=4194304"
    "memorysetup-typetree-allocator-block-size=2097152"
    "memorysetup-profiler-bucket-allocator-granularity=16"
    "memorysetup-profiler-bucket-allocator-bucket-count=8"
    "memorysetup-profiler-bucket-allocator-block-size=33554432"
    "memorysetup-profiler-bucket-allocator-block-count=8"
    "memorysetup-profiler-allocator-block-size=16777216"
    "memorysetup-profiler-editor-allocator-block-size=1048576"
    "memorysetup-temp-allocator-size-main=16777216"
    "memorysetup-job-temp-allocator-block-size=2097152"
    "memorysetup-job-temp-allocator-block-size-background=1048576"
    "memorysetup-job-temp-allocator-reduction-small-platforms=262144"
    "memorysetup-temp-allocator-size-cloud-worker=32768"
Player connection [18188]  Target information:

Player connection [18188]  * "[IP] 192.168.56.1 [Port] 0 [Flags] 2 [Guid] 2583455933 [EditorId] 2583455933 [Version] 1048832 [Id] WindowsEditor(7,Emmanuel) [Debug] 1 [PackageName] WindowsEditor [ProjectName] Editor" 

Player connection [18188]  * "[IP] 10.10.0.201 [Port] 0 [Flags] 2 [Guid] 2583455933 [EditorId] 2583455933 [Version] 1048832 [Id] WindowsEditor(7,Emmanuel) [Debug] 1 [PackageName] WindowsEditor [ProjectName] Editor" 

Player connection [18188] Host joined multi-casting on [225.0.0.222:54997]...
Player connection [18188] Host joined alternative multi-casting on [225.0.0.222:34997]...
JobSystem: Creating JobQueue using job-worker-count value 5
Input System module state changed to: Initialized.
[Physics::Module] Initialized fallback backend.
[Physics::Module] Id: 0xdecafbad
Library Redirect Path: Library/
[Physics::Module] Selected backend.
[Physics::Module] Name: PhysX
[Physics::Module] Id: 0xf2b8ea05
[Physics::Module] SDK Version: 4.1.2
[Physics::Module] Integration Version: 1.0.0
[Physics::Module] Threading Mode: Multi-Threaded
Refreshing native plugins compatible for Editor in 260.63 ms, found 3 plugins.
Preloading 0 native plugins for Editor in 0.00 ms.
Initialize engine version: 6000.3.7f1 (696ec25a53d1)
[Subsystems] Discovering subsystems at path C:/Program Files/Unity/Hub/Editor/6000.3.7f1/Editor/Data/Resources/UnitySubsystems
[Subsystems] Discovering subsystems at path C:/Users/emman/Desktop/Proyecto  spiderman/My project/Assets
GfxDevice: creating device client; kGfxThreadingModeNonThreaded
Direct3D:
    Version:  Direct3D 11.0 [level 11.1]
    Renderer: Intel(R) UHD Graphics (ID=0xa7a8)
    Vendor:   Intel
    VRAM:     3908 MB
    Driver:   32.0.101.6737
[Licensing::Client] Handshaking with LicensingClient:
  Version:                 1.17.4+4293ba1
  Session Id:              7689b1845bb34f308f318bb73cf1552b
  Correlation Id:          2c6bb4f191dc85c7216d7d524fd0b50c
  External correlation Id: 5548958716122438662
  Machine Id:              hfF322bHII5vPWw5Tn5pXe0Ys6w=
[Licensing::Module] Successfully connected to LicensingClient on channel: "LicenseClient-emman" (connect: 0.00s, validation: 0.06s, handshake: 2.01s)
[Licensing::IpcConnector] Successfully connected to: "LicenseClient-emman-notifications" at "2026-02-25T13:08:17.4885866Z"
[Licensing::Module] Licensing Background thread has ended after 2.08s
Initialize mono
Mono path[0] = 'C:/Program Files/Unity/Hub/Editor/6000.3.7f1/Editor/Data/Managed'
Mono path[1] = 'C:/Program Files/Unity/Hub/Editor/6000.3.7f1/Editor/Data/MonoBleedingEdge/lib/mono/unityjit-win32'
Mono config path = 'C:/Program Files/Unity/Hub/Editor/6000.3.7f1/Editor/Data/MonoBleedingEdge/etc'
Using monoOptions --debugger-agent=transport=dt_socket,embedding=1,server=y,suspend=n,address=127.0.0.1:56312
Begin MonoManager ReloadAssembly
Registering precompiled unity dll's ...
Register platform support module: C:/Program Files/Unity/Hub/Editor/6000.3.7f1/Editor/Data/PlaybackEngines/WebGLSupport/UnityEditor.WebGL.Extensions.dll
Register platform support module: C:/Program Files/Unity/Hub/Editor/6000.3.7f1/Editor/Data/PlaybackEngines/WindowsStandaloneSupport/UnityEditor.WindowsStandalone.Extensions.dll
Registered in 0.017939 seconds.
- Loaded All Assemblies, in 35.472 seconds
Native extension for WindowsStandalone target not found
Native extension for WebGL target not found
ScheduleIndexationOnStartup MainProcess:False IndexOnStartup:True
Mono: successfully reloaded assembly
- Finished resetting the current domain, in  2.237 seconds
Domain Reload Profiling: 37704ms
	BeginReloadAssembly (29380ms)
		ExecutionOrderSort (0ms)
		DisableScriptedObjects (0ms)
		BackupInstance (0ms)
		ReleaseScriptingObjects (0ms)
		CreateAndSetChildDomain (5ms)
	RebuildCommonClasses (868ms)
	RebuildNativeTypeToScriptingClass (63ms)
	initialDomainReloadingComplete (268ms)
	LoadAllAssembliesAndSetupDomain (4885ms)
		LoadAssemblies (29376ms)
		RebuildTransferFunctionScriptingTraits (0ms)
		AnalyzeDomain (4867ms)
			TypeCache.Refresh (4856ms)
				TypeCache.ScanAssembly (3645ms)
			BuildScriptInfoCaches (1ms)
			ResolveRequiredComponents (2ms)
	FinalizeReload (2240ms)
		ReleaseScriptCaches (0ms)
		RebuildScriptCaches (0ms)
		SetupLoadedEditorAssemblies (1968ms)
			LogAssemblyErrors (0ms)
			InitializePlatformSupportModulesInManaged (184ms)
			SetLoadedEditorAssemblies (13ms)
			BeforeProcessingInitializeOnLoad (232ms)
			ProcessInitializeOnLoadAttributes (633ms)
			ProcessInitializeOnLoadMethodAttributes (904ms)
			AfterProcessingInitializeOnLoad (0ms)
			EditorAssembliesLoaded (2ms)
		ExecutionOrderSort2 (0ms)
		AwakeInstancesAfterBackupRestoration (0ms)
========================================================================
Worker process is ready to serve import requests
Import Worker Mode flag is 0x00
Begin MonoManager ReloadAssembly
[Licensing::Client] Successfully resolved entitlement details
[Licensing::Module] License group:
  Id: 4674145662004-UnityPersXXXX
  Product: Unity Personal
  Type: Assigned
  Expiration: Unlimited
- Loaded All Assemblies, in  3.480 seconds
Refreshing native plugins compatible for Editor in 7.48 ms, found 3 plugins.
Native extension for WindowsStandalone target not found
Native extension for WebGL target not found
Package Manager log level set to [2]
[Package Manager] Failed to launch server process. Reason: Unity was launched with the -noUpm command-line argument
[Package Manager] Unable to send message (not connected to server process).
[Package Manager] Cannot connect to Unity Package Manager local server
ScheduleIndexationOnStartup MainProcess:False IndexOnStartup:True
Mono: successfully reloaded assembly
- Finished resetting the current domain, in  3.350 seconds
Domain Reload Profiling: 6818ms
	BeginReloadAssembly (787ms)
		ExecutionOrderSort (0ms)
		DisableScriptedObjects (16ms)
		BackupInstance (0ms)
		ReleaseScriptingObjects (0ms)
		CreateAndSetChildDomain (112ms)
	RebuildCommonClasses (96ms)
	RebuildNativeTypeToScriptingClass (22ms)
	initialDomainReloadingComplete (98ms)
	LoadAllAssembliesAndSetupDomain (2464ms)
		LoadAssemblies (2008ms)
		RebuildTransferFunctionScriptingTraits (0ms)
		AnalyzeDomain (921ms)
			TypeCache.Refresh (647ms)
				TypeCache.ScanAssembly (577ms)
			BuildScriptInfoCaches (236ms)
			ResolveRequiredComponents (25ms)
	FinalizeReload (3352ms)
		ReleaseScriptCaches (0ms)
		RebuildScriptCaches (0ms)
		SetupLoadedEditorAssemblies (1553ms)
			LogAssemblyErrors (0ms)
			InitializePlatformSupportModulesInManaged (4ms)
			SetLoadedEditorAssemblies (12ms)
			BeforeProcessingInitializeOnLoad (329ms)
			ProcessInitializeOnLoadAttributes (1043ms)
			ProcessInitializeOnLoadMethodAttributes (161ms)
			AfterProcessingInitializeOnLoad (3ms)
			EditorAssembliesLoaded (0ms)
		ExecutionOrderSort2 (0ms)
		AwakeInstancesAfterBackupRestoration (7ms)
Launched and connected shader compiler UnityShaderCompiler.exe after 0.28 seconds
Refreshing native plugins compatible for Editor in 1.90 ms, found 3 plugins.
Preloading 0 native plugins for Editor in 0.00 ms.
Unloading 16 Unused Serialized files (Serialized files now loaded: 0)
Unloading 6229 unused Assets / (3.9 MB). Loaded Objects now: 7027.
Memory consumption went from 146.8 MB to 142.9 MB.
Total: 17.704600 ms (FindLiveObjects: 1.856600 ms CreateObjectMapping: 0.514600 ms MarkObjects: 10.906700 ms  DeleteObjects: 4.423000 ms)

========================================================================
Received Import Request.
  Time since last request: 514973.723736 seconds.
  path: Assets/npc_casual_set_00/Prefabs/npc_csl_00_character_01f_03.prefab
  artifactKey: Guid(cca7ca7fef4016648a7396ddd83e4967) Importer(2089858483,b0f066a214c2f5e87bad3c948f4d605d)
Start importing Assets/npc_casual_set_00/Prefabs/npc_csl_00_character_01f_03.prefab using Guid(cca7ca7fef4016648a7396ddd83e4967) Importer(2089858483,b0f066a214c2f5e87bad3c948f4d605d) (ScriptedImporter) -> (artifact id: '545dd97c4ea749eba366390b9f09bfcf') in 0.4506644 seconds
Number of updated asset objects reloaded before import = 0Number of asset objects unloaded after import = 680

========================================================================
Received Import Request.
  Time since last request: 0.000098 seconds.
  path: Assets/WhiteCity/Textures/Roof/p1.png
  artifactKey: Guid(6f1a86f841d29354ab6cdd061bc58722) Importer(2089858483,b0f066a214c2f5e87bad3c948f4d605d)
Start importing Assets/WhiteCity/Textures/Roof/p1.png using Guid(6f1a86f841d29354ab6cdd061bc58722) Importer(2089858483,b0f066a214c2f5e87bad3c948f4d605d) (ScriptedImporter) -> (artifact id: 'e67c2df54544fca438a2dc2d52e7e375') in 0.11871 seconds
Number of updated asset objects reloaded before import = 0Number of asset objects unloaded after import = 1

========================================================================
Received Import Request.
  Time since last request: 0.000739 seconds.
  path: Assets/npc_casual_set_00/Materials/mtl_npc_csl_tshirt_00f_01_02.mat
  artifactKey: Guid(18fc8af91fce2a647a6c6440579bf04a) Importer(2089858483,b0f066a214c2f5e87bad3c948f4d605d)
Start importing Assets/npc_casual_set_00/Materials/mtl_npc_csl_tshirt_00f_01_02.mat using Guid(18fc8af91fce2a647a6c6440579bf04a) Importer(2089858483,b0f066a214c2f5e87bad3c948f4d605d) (ScriptedImporter) -> (artifact id: '35d6603250e553c00de04c6411507747') in 0.1424422 seconds
Number of updated asset objects reloaded before import = 0Number of asset objects unloaded after import = 5

========================================================================
Received Import Request.
  Time since last request: 0.000078 seconds.
  path: Assets/npc_casual_set_00/Prefabs/npc_csl_00_character_02f_02.prefab
  artifactKey: Guid(80e578b2d7250b542b1c305c12391f3e) Importer(2089858483,b0f066a214c2f5e87bad3c948f4d605d)
Start importing Assets/npc_casual_set_00/Prefabs/npc_csl_00_character_02f_02.prefab using Guid(80e578b2d7250b542b1c305c12391f3e) Importer(2089858483,b0f066a214c2f5e87bad3c948f4d605d) (ScriptedImporter) -> (artifact id: '9d264b6f633f3ad9512d032ec80cc273') in 0.0581994 seconds
Number of updated asset objects reloaded before import = 0Number of asset objects unloaded after import = 457

========================================================================
Received Import Request.
  Time since last request: 0.000058 seconds.
  path: Assets/npc_casual_set_00/Mesh/Mesh_Parts/npc_hmn_01f_lowerbody1.fbx
  artifactKey: Guid(a96ba997ee9c0b44b970ab167e820f99) Importer(2089858483,b0f066a214c2f5e87bad3c948f4d605d)
Start importing Assets/npc_casual_set_00/Mesh/Mesh_Parts/npc_hmn_01f_lowerbody1.fbx using Guid(a96ba997ee9c0b44b970ab167e820f99) Importer(2089858483,b0f066a214c2f5e87bad3c948f4d605d) (ScriptedImporter) -> (artifact id: '29b0f48ff81f3209be4967e9495a2678') in 0.0989101 seconds
Number of updated asset objects reloaded before import = 0Number of asset objects unloaded after import = 145

========================================================================
Received Import Request.
  Time since last request: 0.000033 seconds.
  path: Assets/npc_casual_set_00/Mesh/Mesh_Parts/npc_hmn_01f_arms6.fbx
  artifactKey: Guid(c0894e5c9b83f6b4ea93481e2c460e7e) Importer(2089858483,b0f066a214c2f5e87bad3c948f4d605d)
Start importing Assets/npc_casual_set_00/Mesh/Mesh_Parts/npc_hmn_01f_arms6.fbx using Guid(c0894e5c9b83f6b4ea93481e2c460e7e) Importer(2089858483,b0f066a214c2f5e87bad3c948f4d605d) (ScriptedImporter) -> (artifact id: 'f3beeb34b5778b02fd35122df40fa1b3') in 0.0646989 seconds
Number of updated asset objects reloaded before import = 0Number of asset objects unloaded after import = 145

========================================================================
Received Import Request.
  Time since last request: 0.000076 seconds.
  path: Assets/npc_casual_set_00/Mesh/Mesh_Parts/npc_hmn_01f_lowerbody3.fbx
  artifactKey: Guid(963f89164fa63b643813ea91382caabe) Importer(2089858483,b0f066a214c2f5e87bad3c948f4d605d)
Start importing Assets/npc_casual_set_00/Mesh/Mesh_Parts/npc_hmn_01f_lowerbody3.fbx using Guid(963f89164fa63b643813ea91382caabe) Importer(2089858483,b0f066a214c2f5e87bad3c948f4d605d) (ScriptedImporter) -> (artifact id: 'fbc67a9723bd168917591ac3ee9ae509') in 0.0710033 seconds
Number of updated asset objects reloaded before import = 0Number of asset objects unloaded after import = 145

========================================================================
Received Import Request.
  Time since last request: 0.000128 seconds.
  path: Assets/WhiteCity/Models/Roof/Materials/Aircos0005_240.mat
  artifactKey: Guid(53a8f19c48e42174c9b664b59f320413) Importer(2089858483,b0f066a214c2f5e87bad3c948f4d605d)
Start importing Assets/WhiteCity/Models/Roof/Materials/Aircos0005_240.mat using Guid(53a8f19c48e42174c9b664b59f320413) Importer(2089858483,b0f066a214c2f5e87bad3c948f4d605d) (ScriptedImporter) -> (artifact id: '56a562e0853a9d36432e337d957c3dd6') in 0.0474748 seconds
Number of updated asset objects reloaded before import = 0Number of asset objects unloaded after import = 1

========================================================================
Received Import Request.
  Time since last request: 0.000037 seconds.
  path: Assets/npc_casual_set_00/Materials/mtl_npc_csl_shirtopenrolled_00f_01_02.mat
  artifactKey: Guid(a1bdd42f5785fc044a7f9f973598cd1f) Importer(2089858483,b0f066a214c2f5e87bad3c948f4d605d)
Start importing Assets/npc_casual_set_00/Materials/mtl_npc_csl_shirtopenrolled_00f_01_02.mat using Guid(a1bdd42f5785fc044a7f9f973598cd1f) Importer(2089858483,b0f066a214c2f5e87bad3c948f4d605d) (ScriptedImporter) -> (artifact id: '431e952c85123c370286ee53dde995dd') in 0.0634448 seconds
Number of updated asset objects reloaded before import = 0Number of asset objects unloaded after import = 5

========================================================================
Received Import Request.
  Time since last request: 0.000046 seconds.
  path: Assets/npc_casual_set_00/Prefabs
  artifactKey: Guid(e7c5422716619994bba4ddbf1339684d) Importer(2089858483,b0f066a214c2f5e87bad3c948f4d605d)
Start importing Assets/npc_casual_set_00/Prefabs using Guid(e7c5422716619994bba4ddbf1339684d) Importer(2089858483,b0f066a214c2f5e87bad3c948f4d605d) (ScriptedImporter) -> (artifact id: '1ce9086f6b70a4917a7e43c53f3b6d7a') in 0.0447019 seconds
Number of updated asset objects reloaded before import = 0Number of asset objects unloaded after import = 1

========================================================================
Received Import Request.
  Time since last request: 0.000066 seconds.
  path: Assets/npc_casual_set_00/Prefabs/Prefabs_Parts/npc_csl_tshirt_00m_parts.prefab
  artifactKey: Guid(e7bfe6debc094844eab3631d511fbbc9) Importer(2089858483,b0f066a214c2f5e87bad3c948f4d605d)
Start importing Assets/npc_casual_set_00/Prefabs/Prefabs_Parts/npc_csl_tshirt_00m_parts.prefab using Guid(e7bfe6debc094844eab3631d511fbbc9) Importer(2089858483,b0f066a214c2f5e87bad3c948f4d605d) (ScriptedImporter) -> (artifact id: '5fd1a603f5373403a4788687aae46458') in 0.0906506 seconds
Number of updated asset objects reloaded before import = 0Number of asset objects unloaded after import = 393

========================================================================
Received Import Request.
  Time since last request: 0.000031 seconds.
  path: Assets/npc_casual_set_00/Materials/mtl_npc_csl_pants_00f_01_03.mat
  artifactKey: Guid(50df0fd5575741b4a99c825dac1c4d40) Importer(2089858483,b0f066a214c2f5e87bad3c948f4d605d)
Start importing Assets/npc_casual_set_00/Materials/mtl_npc_csl_pants_00f_01_03.mat using Guid(50df0fd5575741b4a99c825dac1c4d40) Importer(2089858483,b0f066a214c2f5e87bad3c948f4d605d) (ScriptedImporter) -> (artifact id: '47e52b978c986645f0c66fc306c636c9') in 0.0689212 seconds
Number of updated asset objects reloaded before import = 0Number of asset objects unloaded after import = 5

========================================================================
Received Import Request.
  Time since last request: 0.000060 seconds.
  path: Assets/npc_casual_set_00/Mesh/Mesh_Parts/npc_csl_tshirt_00f_sleeves.fbx
  artifactKey: Guid(58f49653c99648646877cef9bb4efb9b) Importer(2089858483,b0f066a214c2f5e87bad3c948f4d605d)
Start importing Assets/npc_casual_set_00/Mesh/Mesh_Parts/npc_csl_tshirt_00f_sleeves.fbx using Guid(58f49653c99648646877cef9bb4efb9b) Importer(2089858483,b0f066a214c2f5e87bad3c948f4d605d) (ScriptedImporter) -> (artifact id: '75fc1324113ce24e84a485ce3b47af29') in 0.0799247 seconds
Number of updated asset objects reloaded before import = 0Number of asset objects unloaded after import = 145

========================================================================
Received Import Request.
  Time since last request: 0.000094 seconds.
  path: Assets/npc_casual_set_00/Materials/mtl_npc_hair_04.mat
  artifactKey: Guid(7e187bea2382b2f48a401987e34fe7eb) Importer(2089858483,b0f066a214c2f5e87bad3c948f4d605d)
Start importing Assets/npc_casual_set_00/Materials/mtl_npc_hair_04.mat using Guid(7e187bea2382b2f48a401987e34fe7eb) Importer(2089858483,b0f066a214c2f5e87bad3c948f4d605d) (ScriptedImporter) -> (artifact id: 'f792570449b7ea81682b316be5473079') in 0.0674131 seconds
Number of updated asset objects reloaded before import = 0Number of asset objects unloaded after import = 5

========================================================================
Received Import Request.
  Time since last request: 0.000035 seconds.
  path: Assets/npc_casual_set_00/Mesh/Mesh_Parts/npc_hmn_01f_fingers1.fbx
  artifactKey: Guid(2a2d0a510eb10b5479323d8457da6a09) Importer(2089858483,b0f066a214c2f5e87bad3c948f4d605d)
Start importing Assets/npc_casual_set_00/Mesh/Mesh_Parts/npc_hmn_01f_fingers1.fbx using Guid(2a2d0a510eb10b5479323d8457da6a09) Importer(2089858483,b0f066a214c2f5e87bad3c948f4d605d) (ScriptedImporter) -> (artifact id: '921581362c159446bea840c4b4d1167e') in 0.0658303 seconds
Number of updated asset objects reloaded before import = 0Number of asset objects unloaded after import = 141

========================================================================
Received Import Request.
  Time since last request: 0.000084 seconds.
  path: Assets/Low Poly Weapons VOL.1/Prefabs/M1911.prefab
  artifactKey: Guid(6f1a7354265853f44b0ed5e2e43676ad) Importer(2089858483,b0f066a214c2f5e87bad3c948f4d605d)
Start importing Assets/Low Poly Weapons VOL.1/Prefabs/M1911.prefab using Guid(6f1a7354265853f44b0ed5e2e43676ad) Importer(2089858483,b0f066a214c2f5e87bad3c948f4d605d) (ScriptedImporter) -> (artifact id: 'a0845adcb47d17582660a60d65713e9b') in 0.0501482 seconds
Number of updated asset objects reloaded before import = 0Number of asset objects unloaded after import = 31

========================================================================
Received Import Request.
  Time since last request: 0.000170 seconds.
  path: Assets/npc_casual_set_00/Textures/npc_hmn_face_01m_03_01_n.tif
  artifactKey: Guid(a6374b070b760d444b0024cc307d5e1c) Importer(2089858483,b0f066a214c2f5e87bad3c948f4d605d)
Start importing Assets/npc_casual_set_00/Textures/npc_hmn_face_01m_03_01_n.tif using Guid(a6374b070b760d444b0024cc307d5e1c) Importer(2089858483,b0f066a214c2f5e87bad3c948f4d605d) (ScriptedImporter) -> (artifact id: 'de9f1dfd83c10ae1e46e87537e884b79') in 0.0538755 seconds
Number of updated asset objects reloaded before import = 0Number of asset objects unloaded after import = 1

========================================================================
Received Import Request.
  Time since last request: 11.675484 seconds.
  path: Assets/npc_casual_set_00/Materials
  artifactKey: Guid(9854105c56f19e340b6566d4fdb3576e) Importer(815301076,1909f56bfc062723c751e8b465ee728b)
Start importing Assets/npc_casual_set_00/Materials using Guid(9854105c56f19e340b6566d4fdb3576e) Importer(815301076,1909f56bfc062723c751e8b465ee728b) (PreviewImporter) -> (artifact id: 'cb3d03c3b6207f064c9c406651fd4f07') in 0.0008361 seconds
Number of updated asset objects reloaded before import = 0Number of asset objects unloaded after import = 0

========================================================================
Received Import Request.
  Time since last request: 0.015488 seconds.
  path: Assets/npc_casual_set_00/Materials/mtl_npc_csl_pants_00f_01_01.mat
  artifactKey: Guid(799b16d1094eaed4bac02c11c52dc744) Importer(815301076,1909f56bfc062723c751e8b465ee728b)
Start importing Assets/npc_casual_set_00/Materials/mtl_npc_csl_pants_00f_01_01.mat using Guid(799b16d1094eaed4bac02c11c52dc744) Importer(815301076,1909f56bfc062723c751e8b465ee728b) (PreviewImporter) -> (artifact id: '31d60611a2fadbff27fce2cba5c0ea2d') in 1.0705448 seconds
Number of updated asset objects reloaded before import = 0Number of asset objects unloaded after import = 5

========================================================================
Received Import Request.
  Time since last request: 0.000197 seconds.
  path: Assets/npc_casual_set_00/Materials/mtl_npc_hair_01.mat
  artifactKey: Guid(58159088b4330c043b756ac278d08403) Importer(815301076,1909f56bfc062723c751e8b465ee728b)
Start importing Assets/npc_casual_set_00/Materials/mtl_npc_hair_01.mat using Guid(58159088b4330c043b756ac278d08403) Importer(815301076,1909f56bfc062723c751e8b465ee728b) (PreviewImporter) -> (artifact id: 'b36799668b07a2dfd755878d2c52f74d') in 0.0436602 seconds
Number of updated asset objects reloaded before import = 0Number of asset objects unloaded after import = 5

========================================================================
Received Import Request.
  Time since last request: 0.000088 seconds.
  path: Assets/npc_casual_set_00/Materials/mtl_npc_hmn_face_01f_01_01.mat
  artifactKey: Guid(311ae7a211bbedf4386254d0f4e5239d) Importer(815301076,1909f56bfc062723c751e8b465ee728b)
Start importing Assets/npc_casual_set_00/Materials/mtl_npc_hmn_face_01f_01_01.mat using Guid(311ae7a211bbedf4386254d0f4e5239d) Importer(815301076,1909f56bfc062723c751e8b465ee728b) (PreviewImporter) -> (artifact id: 'e944ec369f7c8de2c545c0a27e258f94') in 0.0784249 seconds
Number of updated asset objects reloaded before import = 0Number of asset objects unloaded after import = 5

========================================================================
Received Import Request.
  Time since last request: 0.000414 seconds.
  path: Assets/npc_casual_set_00/Materials/mtl_npc_hmn_face_01f_03_01.mat
  artifactKey: Guid(b15dec6484deaa644a499c72587660cf) Importer(815301076,1909f56bfc062723c751e8b465ee728b)
Start importing Assets/npc_casual_set_00/Materials/mtl_npc_hmn_face_01f_03_01.mat using Guid(b15dec6484deaa644a499c72587660cf) Importer(815301076,1909f56bfc062723c751e8b465ee728b) (PreviewImporter) -> (artifact id: '806745c7bb919e25a8930ecaaabff9d7') in 0.0596744 seconds
Number of updated asset objects reloaded before import = 0Number of asset objects unloaded after import = 5

========================================================================
Received Import Request.
  Time since last request: 0.000158 seconds.
  path: Assets/npc_casual_set_00/Materials/mtl_npc_csl_shoe_01_00_02.mat
  artifactKey: Guid(84e86a3c0e83c1747814a3a5ecf8fff6) Importer(815301076,1909f56bfc062723c751e8b465ee728b)
Start importing Assets/npc_casual_set_00/Materials/mtl_npc_csl_shoe_01_00_02.mat using Guid(84e86a3c0e83c1747814a3a5ecf8fff6) Importer(815301076,1909f56bfc062723c751e8b465ee728b) (PreviewImporter) -> (artifact id: '0c9067980f855101e42d55710e3fc027') in 0.0503155 seconds
Number of updated asset objects reloaded before import = 0Number of asset objects unloaded after import = 5

========================================================================
Received Import Request.
  Time since last request: 0.000119 seconds.
  path: Assets/npc_casual_set_00/Materials/mtl_npc_hmn_body_01m_01_01.mat
  artifactKey: Guid(449c892dcfb7f3a43a50b2a52522498e) Importer(815301076,1909f56bfc062723c751e8b465ee728b)
Start importing Assets/npc_casual_set_00/Materials/mtl_npc_hmn_body_01m_01_01.mat using Guid(449c892dcfb7f3a43a50b2a52522498e) Importer(815301076,1909f56bfc062723c751e8b465ee728b) (PreviewImporter) -> (artifact id: '4915cbf298b4094131fe6d4c5c230dd9') in 0.0956859 seconds
Number of updated asset objects reloaded before import = 0Number of asset objects unloaded after import = 5

========================================================================
Received Import Request.
  Time since last request: 0.000085 seconds.
  path: Assets/npc_casual_set_00/Materials/mtl_npc_csl_shoe_01_00_01.mat
  artifactKey: Guid(6c23d507eabe8db40899481277eb9884) Importer(815301076,1909f56bfc062723c751e8b465ee728b)
Start importing Assets/npc_casual_set_00/Materials/mtl_npc_csl_shoe_01_00_01.mat using Guid(6c23d507eabe8db40899481277eb9884) Importer(815301076,1909f56bfc062723c751e8b465ee728b) (PreviewImporter) -> (artifact id: '63a3acaf64c0a545a9e8ec8fe94ac420') in 0.0333367 seconds
Number of updated asset objects reloaded before import = 0Number of asset objects unloaded after import = 5

========================================================================
Received Import Request.
  Time since last request: 0.000622 seconds.
  path: Assets/npc_casual_set_00/Materials/mtl_npc_hair_10.mat
  artifactKey: Guid(7187b14939a19e9468d8f364e1dd985d) Importer(815301076,1909f56bfc062723c751e8b465ee728b)
Start importing Assets/npc_casual_set_00/Materials/mtl_npc_hair_10.mat using Guid(7187b14939a19e9468d8f364e1dd985d) Importer(815301076,1909f56bfc062723c751e8b465ee728b) (PreviewImporter) -> (artifact id: '2351a256e4227f4f34d9487e90ee2c53') in 0.0336148 seconds
Number of updated asset objects reloaded before import = 0Number of asset objects unloaded after import = 5

========================================================================
Received Import Request.
  Time since last request: 0.000176 seconds.
  path: Assets/npc_casual_set_00/Materials/mtl_npc_csl_tshirt_00f_01_03.mat
  artifactKey: Guid(2863d45f7bb13a643b7f1dc4f3cb5a95) Importer(815301076,1909f56bfc062723c751e8b465ee728b)
Start importing Assets/npc_casual_set_00/Materials/mtl_npc_csl_tshirt_00f_01_03.mat using Guid(2863d45f7bb13a643b7f1dc4f3cb5a95) Importer(815301076,1909f56bfc062723c751e8b465ee728b) (PreviewImporter) -> (artifact id: 'af2c3c47e5e4f799ee71cde5513edb3e') in 0.0315819 seconds
Number of updated asset objects reloaded before import = 0Number of asset objects unloaded after import = 5

========================================================================
Received Import Request.
  Time since last request: 0.000160 seconds.
  path: Assets/npc_casual_set_00/Materials/mtl_npc_csl_pants_00m_01_03.mat
  artifactKey: Guid(69aa694c52e10ee428863858622bd638) Importer(815301076,1909f56bfc062723c751e8b465ee728b)
Start importing Assets/npc_casual_set_00/Materials/mtl_npc_csl_pants_00m_01_03.mat using Guid(69aa694c52e10ee428863858622bd638) Importer(815301076,1909f56bfc062723c751e8b465ee728b) (PreviewImporter) -> (artifact id: '4a0992c3423e0bbf6b658233d19a4fe8') in 0.0375953 seconds
Number of updated asset objects reloaded before import = 0Number of asset objects unloaded after import = 5

========================================================================
Received Import Request.
  Time since last request: 0.000096 seconds.
  path: Assets/npc_casual_set_00/Materials/mtl_npc_csl_shoe_01_00_03.mat
  artifactKey: Guid(deb385b170d262a42a75441dcc4cf722) Importer(815301076,1909f56bfc062723c751e8b465ee728b)
Start importing Assets/npc_casual_set_00/Materials/mtl_npc_csl_shoe_01_00_03.mat using Guid(deb385b170d262a42a75441dcc4cf722) Importer(815301076,1909f56bfc062723c751e8b465ee728b) (PreviewImporter) -> (artifact id: '11a464002388266ddbe5c9f0d76ddb9f') in 0.0488658 seconds
Number of updated asset objects reloaded before import = 0Number of asset objects unloaded after import = 5

========================================================================
Received Import Request.
  Time since last request: 0.000099 seconds.
  path: Assets/npc_casual_set_00/Materials/mtl_npc_csl_shirtopenrolled_00m_01_02.mat
  artifactKey: Guid(e9cb1387be7fac94686232ae21d4cd2a) Importer(815301076,1909f56bfc062723c751e8b465ee728b)
Start importing Assets/npc_casual_set_00/Materials/mtl_npc_csl_shirtopenrolled_00m_01_02.mat using Guid(e9cb1387be7fac94686232ae21d4cd2a) Importer(815301076,1909f56bfc062723c751e8b465ee728b) (PreviewImporter) -> (artifact id: 'd29a4b1889f3c3457ccf1cdf064b846a') in 0.0503447 seconds
Number of updated asset objects reloaded before import = 0Number of asset objects unloaded after import = 5

========================================================================
Received Import Request.
  Time since last request: 0.000064 seconds.
  path: Assets/npc_casual_set_00/Materials/mtl_npc_hair_04.mat
  artifactKey: Guid(7e187bea2382b2f48a401987e34fe7eb) Importer(815301076,1909f56bfc062723c751e8b465ee728b)
Start importing Assets/npc_casual_set_00/Materials/mtl_npc_hair_04.mat using Guid(7e187bea2382b2f48a401987e34fe7eb) Importer(815301076,1909f56bfc062723c751e8b465ee728b) (PreviewImporter) -> (artifact id: '67852c4104f5ecd66e9eb3c33d699d71') in 0.03523 seconds
Number of updated asset objects reloaded before import = 0Number of asset objects unloaded after import = 5

========================================================================
Received Import Request.
  Time since last request: 0.000185 seconds.
  path: Assets/npc_casual_set_00/Materials/mtl_npc_csl_pants_00f_01_03.mat
  artifactKey: Guid(50df0fd5575741b4a99c825dac1c4d40) Importer(815301076,1909f56bfc062723c751e8b465ee728b)
Start importing Assets/npc_casual_set_00/Materials/mtl_npc_csl_pants_00f_01_03.mat using Guid(50df0fd5575741b4a99c825dac1c4d40) Importer(815301076,1909f56bfc062723c751e8b465ee728b) (PreviewImporter) -> (artifact id: '7cdbfdd08de54a5a24da4e1d2c131f6d') in 0.0407406 seconds
Number of updated asset objects reloaded before import = 0Number of asset objects unloaded after import = 5

========================================================================
Received Import Request.
  Time since last request: 0.000076 seconds.
  path: Assets/npc_casual_set_00/Materials/mtl_npc_csl_tshirt_00m_01_02bw.mat
  artifactKey: Guid(6a704e92f0369c14dab6a0b538c867a4) Importer(815301076,1909f56bfc062723c751e8b465ee728b)
Start importing Assets/npc_casual_set_00/Materials/mtl_npc_csl_tshirt_00m_01_02bw.mat using Guid(6a704e92f0369c14dab6a0b538c867a4) Importer(815301076,1909f56bfc062723c751e8b465ee728b) (PreviewImporter) -> (artifact id: '6cba20ac4f0edea97603b647b4496d56') in 0.0545628 seconds
Number of updated asset objects reloaded before import = 0Number of asset objects unloaded after import = 5

========================================================================
Received Import Request.
  Time since last request: 0.000113 seconds.
  path: Assets/npc_casual_set_00/Materials/mtl_npc_hair_02.mat
  artifactKey: Guid(612df7d55f5d0a548a224d39ac2c9bd7) Importer(815301076,1909f56bfc062723c751e8b465ee728b)
Start importing Assets/npc_casual_set_00/Materials/mtl_npc_hair_02.mat using Guid(612df7d55f5d0a548a224d39ac2c9bd7) Importer(815301076,1909f56bfc062723c751e8b465ee728b) (PreviewImporter) -> (artifact id: '3fa5c802416b98b8998c6b461fed0326') in 0.0412535 seconds
Number of updated asset objects reloaded before import = 0Number of asset objects unloaded after import = 5

========================================================================
Received Import Request.
  Time since last request: 0.875319 seconds.
  path: Assets/npc_casual_set_00/MaterialsUPR
  artifactKey: Guid(933fe3fa1419fd245a0af17b8a5dda08) Importer(815301076,1909f56bfc062723c751e8b465ee728b)
Start importing Assets/npc_casual_set_00/MaterialsUPR using Guid(933fe3fa1419fd245a0af17b8a5dda08) Importer(815301076,1909f56bfc062723c751e8b465ee728b) (PreviewImporter) -> (artifact id: 'aa872597c18e70e9c1d4daf77bff42b6') in 0.0014624 seconds
Number of updated asset objects reloaded before import = 0Number of asset objects unloaded after import = 0

========================================================================
Received Import Request.
  Time since last request: 0.024445 seconds.
  path: Assets/npc_casual_set_00/MaterialsUPR/mtl_npc_csl_pants_00f_01_01.mat
  artifactKey: Guid(da007af0bc062404d9c65475af80aea1) Importer(815301076,1909f56bfc062723c751e8b465ee728b)
Start importing Assets/npc_casual_set_00/MaterialsUPR/mtl_npc_csl_pants_00f_01_01.mat using Guid(da007af0bc062404d9c65475af80aea1) Importer(815301076,1909f56bfc062723c751e8b465ee728b) (PreviewImporter) -> (artifact id: '78f924cbc03c0b37097310c8ef906f11') in 12.7841282 seconds
Number of updated asset objects reloaded before import = 0Number of asset objects unloaded after import = 5

========================================================================
Received Import Request.
  Time since last request: 0.000083 seconds.
  path: Assets/npc_casual_set_00/MaterialsUPR/mtl_npc_csl_tshirt_00f_01_01bw.mat
  artifactKey: Guid(da34beb7a9d50b2498c89f706aeccbf7) Importer(815301076,1909f56bfc062723c751e8b465ee728b)
Start importing Assets/npc_casual_set_00/MaterialsUPR/mtl_npc_csl_tshirt_00f_01_01bw.mat using Guid(da34beb7a9d50b2498c89f706aeccbf7) Importer(815301076,1909f56bfc062723c751e8b465ee728b) (PreviewImporter) -> (artifact id: '943eaa7e2266bcd485751f1a92d0ff03') in 0.0460137 seconds
Number of updated asset objects reloaded before import = 0Number of asset objects unloaded after import = 5

========================================================================
Received Import Request.
  Time since last request: 0.000088 seconds.
  path: Assets/npc_casual_set_00/MaterialsUPR/mtl_npc_csl_shirtopenrolled_00m_01_02.mat
  artifactKey: Guid(ac3811c193ab57a4d9e3ec909bd3eeab) Importer(815301076,1909f56bfc062723c751e8b465ee728b)
Start importing Assets/npc_casual_set_00/MaterialsUPR/mtl_npc_csl_shirtopenrolled_00m_01_02.mat using Guid(ac3811c193ab57a4d9e3ec909bd3eeab) Importer(815301076,1909f56bfc062723c751e8b465ee728b) (PreviewImporter) -> (artifact id: '162ef0d2efa703b7687b91bcdd146420') in 0.1275527 seconds
Number of updated asset objects reloaded before import = 0Number of asset objects unloaded after import = 5

========================================================================
Received Import Request.
  Time since last request: 0.000115 seconds.
  path: Assets/npc_casual_set_00/MaterialsUPR/mtl_npc_hair_08.mat
  artifactKey: Guid(abb4a4e9dc79e404a9d47df17aa2ab8f) Importer(815301076,1909f56bfc062723c751e8b465ee728b)
Start importing Assets/npc_casual_set_00/MaterialsUPR/mtl_npc_hair_08.mat using Guid(abb4a4e9dc79e404a9d47df17aa2ab8f) Importer(815301076,1909f56bfc062723c751e8b465ee728b) (PreviewImporter) -> (artifact id: 'feabf336743cccd8a776d3b59597a16b') in 0.2315386 seconds
Number of updated asset objects reloaded before import = 0Number of asset objects unloaded after import = 5

========================================================================
Received Import Request.
  Time since last request: 0.000113 seconds.
  path: Assets/npc_casual_set_00/MaterialsUPR/mtl_npc_hair_09.mat
  artifactKey: Guid(f7e97ad57a62be2469e5791370a47e81) Importer(815301076,1909f56bfc062723c751e8b465ee728b)
Start importing Assets/npc_casual_set_00/MaterialsUPR/mtl_npc_hair_09.mat using Guid(f7e97ad57a62be2469e5791370a47e81) Importer(815301076,1909f56bfc062723c751e8b465ee728b) (PreviewImporter) -> (artifact id: '445fab91ceb67a6efea463932f0e187f') in 0.061448 seconds
Number of updated asset objects reloaded before import = 0Number of asset objects unloaded after import = 5

========================================================================
Received Import Request.
  Time since last request: 0.000087 seconds.
  path: Assets/npc_casual_set_00/MaterialsUPR/mtl_npc_hair_05.mat
  artifactKey: Guid(3804d9c93b1f40542a035ea73a1476d6) Importer(815301076,1909f56bfc062723c751e8b465ee728b)
Start importing Assets/npc_casual_set_00/MaterialsUPR/mtl_npc_hair_05.mat using Guid(3804d9c93b1f40542a035ea73a1476d6) Importer(815301076,1909f56bfc062723c751e8b465ee728b) (PreviewImporter) -> (artifact id: 'd785afedef28a407f7778ad7c39201b9') in 0.0588719 seconds
Number of updated asset objects reloaded before import = 0Number of asset objects unloaded after import = 5

========================================================================
Received Import Request.
  Time since last request: 0.000129 seconds.
  path: Assets/npc_casual_set_00/MaterialsUPR/mtl_npc_csl_shirtopenrolled_00m_01_02bw.mat
  artifactKey: Guid(d1624591f319e68499cfbff6a2b89dee) Importer(815301076,1909f56bfc062723c751e8b465ee728b)
Start importing Assets/npc_casual_set_00/MaterialsUPR/mtl_npc_csl_shirtopenrolled_00m_01_02bw.mat using Guid(d1624591f319e68499cfbff6a2b89dee) Importer(815301076,1909f56bfc062723c751e8b465ee728b) (PreviewImporter) -> (artifact id: 'ea41c39db16005d290533fb7a997dceb') in 0.0623622 seconds
Number of updated asset objects reloaded before import = 0Number of asset objects unloaded after import = 5

========================================================================
Received Import Request.
  Time since last request: 0.000049 seconds.
  path: Assets/npc_casual_set_00/MaterialsUPR/mtl_npc_csl_shirtopenrolled_00m_01_01bw.mat
  artifactKey: Guid(44d78faa3def4324681f26dd217721cf) Importer(815301076,1909f56bfc062723c751e8b465ee728b)
Start importing Assets/npc_casual_set_00/MaterialsUPR/mtl_npc_csl_shirtopenrolled_00m_01_01bw.mat using Guid(44d78faa3def4324681f26dd217721cf) Importer(815301076,1909f56bfc062723c751e8b465ee728b) (PreviewImporter) -> (artifact id: 'faef8a8a534d91c2df4b7eccd4bf8388') in 0.0613968 seconds
Number of updated asset objects reloaded before import = 0Number of asset objects unloaded after import = 5

========================================================================
Received Import Request.
  Time since last request: 0.000113 seconds.
  path: Assets/npc_casual_set_00/MaterialsUPR/mtl_npc_hmn_body_01m_01_01.mat
  artifactKey: Guid(d7351985ce7182d4cb5196e166a96bb8) Importer(815301076,1909f56bfc062723c751e8b465ee728b)
Start importing Assets/npc_casual_set_00/MaterialsUPR/mtl_npc_hmn_body_01m_01_01.mat using Guid(d7351985ce7182d4cb5196e166a96bb8) Importer(815301076,1909f56bfc062723c751e8b465ee728b) (PreviewImporter) -> (artifact id: '7e9d2bc3dcc319ea0876957b24f26af4') in 7.9600513 seconds
Number of updated asset objects reloaded before import = 0Number of asset objects unloaded after import = 5

========================================================================
Received Import Request.
  Time since last request: 0.000303 seconds.
  path: Assets/npc_casual_set_00/MaterialsUPR/mtl_npc_csl_pants_00m_01_03.mat
  artifactKey: Guid(c31f158b6747fe34b95f8076e4b3031d) Importer(815301076,1909f56bfc062723c751e8b465ee728b)
Start importing Assets/npc_casual_set_00/MaterialsUPR/mtl_npc_csl_pants_00m_01_03.mat using Guid(c31f158b6747fe34b95f8076e4b3031d) Importer(815301076,1909f56bfc062723c751e8b465ee728b) (PreviewImporter) -> (artifact id: '48b354f5d80bfaf1aee3fadce2fd5c66') in 0.15891 seconds
Number of updated asset objects reloaded before import = 0Number of asset objects unloaded after import = 5

========================================================================
Received Import Request.
  Time since last request: 0.000219 seconds.
  path: Assets/npc_casual_set_00/MaterialsUPR/mtl_npc_hair_04.mat
  artifactKey: Guid(7b3fc34b897b914408eaafe6eb458a82) Importer(815301076,1909f56bfc062723c751e8b465ee728b)
Start importing Assets/npc_casual_set_00/MaterialsUPR/mtl_npc_hair_04.mat using Guid(7b3fc34b897b914408eaafe6eb458a82) Importer(815301076,1909f56bfc062723c751e8b465ee728b) (PreviewImporter) -> (artifact id: '71dcc1e9940c8fe9448818db19920b1a') in 0.3047522 seconds
Number of updated asset objects reloaded before import = 0Number of asset objects unloaded after import = 5

========================================================================
Received Import Request.
  Time since last request: 0.000213 seconds.
  path: Assets/npc_casual_set_00/MaterialsUPR/mtl_npc_csl_shirtopenrolled_00f_01_01bw.mat
  artifactKey: Guid(c4d0d4f742513f44db74347403e088ba) Importer(815301076,1909f56bfc062723c751e8b465ee728b)
Start importing Assets/npc_casual_set_00/MaterialsUPR/mtl_npc_csl_shirtopenrolled_00f_01_01bw.mat using Guid(c4d0d4f742513f44db74347403e088ba) Importer(815301076,1909f56bfc062723c751e8b465ee728b) (PreviewImporter) -> (artifact id: 'a9f2aadd4b2d40cffd09f587048952e9') in 0.1191628 seconds
Number of updated asset objects reloaded before import = 0Number of asset objects unloaded after import = 5

========================================================================
Received Import Request.
  Time since last request: 0.000270 seconds.
  path: Assets/npc_casual_set_00/MaterialsUPR/mtl_npc_hmn_face_01f_03_01.mat
  artifactKey: Guid(dec572a7a709cbc4eb71b0e4ba0c8933) Importer(815301076,1909f56bfc062723c751e8b465ee728b)
Start importing Assets/npc_casual_set_00/MaterialsUPR/mtl_npc_hmn_face_01f_03_01.mat using Guid(dec572a7a709cbc4eb71b0e4ba0c8933) Importer(815301076,1909f56bfc062723c751e8b465ee728b) (PreviewImporter) -> (artifact id: '615f4d7ede2eca09c6fc738864727c69') in 0.1192506 seconds
Number of updated asset objects reloaded before import = 0Number of asset objects unloaded after import = 5

========================================================================
Received Import Request.
  Time since last request: 0.000103 seconds.
  path: Assets/npc_casual_set_00/MaterialsUPR/mtl_npc_hair_11.mat
  artifactKey: Guid(100ff61aedaccae46b745d57ee15b664) Importer(815301076,1909f56bfc062723c751e8b465ee728b)
Start importing Assets/npc_casual_set_00/MaterialsUPR/mtl_npc_hair_11.mat using Guid(100ff61aedaccae46b745d57ee15b664) Importer(815301076,1909f56bfc062723c751e8b465ee728b) (PreviewImporter) -> (artifact id: '72b293409ee7b6aed01a199cca89d495') in 0.1119292 seconds
Number of updated asset objects reloaded before import = 0Number of asset objects unloaded after import = 5

========================================================================
Received Import Request.
  Time since last request: 0.000507 seconds.
  path: Assets/npc_casual_set_00/MaterialsUPR/mtl_npc_hair_10.mat
  artifactKey: Guid(dbf476524bf052c42ae1808abac97232) Importer(815301076,1909f56bfc062723c751e8b465ee728b)
Start importing Assets/npc_casual_set_00/MaterialsUPR/mtl_npc_hair_10.mat using Guid(dbf476524bf052c42ae1808abac97232) Importer(815301076,1909f56bfc062723c751e8b465ee728b) (PreviewImporter) -> (artifact id: 'ecfb68314733e3da7113ba2bd6938af6') in 0.1049131 seconds
Number of updated asset objects reloaded before import = 0Number of asset objects unloaded after import = 5

========================================================================
Received Import Request.
  Time since last request: 0.000132 seconds.
  path: Assets/npc_casual_set_00/MaterialsUPR/mtl_npc_csl_tshirt_00m_01_01bw.mat
  artifactKey: Guid(da78600fdc6a4404bb12a71f514917bc) Importer(815301076,1909f56bfc062723c751e8b465ee728b)
Start importing Assets/npc_casual_set_00/MaterialsUPR/mtl_npc_csl_tshirt_00m_01_01bw.mat using Guid(da78600fdc6a4404bb12a71f514917bc) Importer(815301076,1909f56bfc062723c751e8b465ee728b) (PreviewImporter) -> (artifact id: '31b7ae08bab7885a18b4e7734bf51a77') in 0.0939415 seconds
Number of updated asset objects reloaded before import = 0Number of asset objects unloaded after import = 5

========================================================================
Received Import Request.
  Time since last request: 0.000128 seconds.
  path: Assets/npc_casual_set_00/MaterialsUPR/mtl_npc_csl_shoe_01_00_02.mat
  artifactKey: Guid(3d3e585e339efb3498e1d3f8c654367a) Importer(815301076,1909f56bfc062723c751e8b465ee728b)
Start importing Assets/npc_casual_set_00/MaterialsUPR/mtl_npc_csl_shoe_01_00_02.mat using Guid(3d3e585e339efb3498e1d3f8c654367a) Importer(815301076,1909f56bfc062723c751e8b465ee728b) (PreviewImporter) -> (artifact id: '62662caf69f8f9f95accb18dd3f8cbc8') in 0.0993729 seconds
Number of updated asset objects reloaded before import = 0Number of asset objects unloaded after import = 5

========================================================================
Received Import Request.
  Time since last request: 0.000128 seconds.
  path: Assets/npc_casual_set_00/MaterialsUPR/mtl_npc_csl_shoe_01_00_01.mat
  artifactKey: Guid(491163d8d3bd6d34eb019183ae6c638c) Importer(815301076,1909f56bfc062723c751e8b465ee728b)
Start importing Assets/npc_casual_set_00/MaterialsUPR/mtl_npc_csl_shoe_01_00_01.mat using Guid(491163d8d3bd6d34eb019183ae6c638c) Importer(815301076,1909f56bfc062723c751e8b465ee728b) (PreviewImporter) -> (artifact id: 'ca80cfdfeaa5c98f6821e90e94193969') in 0.0936079 seconds
Number of updated asset objects reloaded before import = 0Number of asset objects unloaded after import = 5

========================================================================
Received Import Request.
  Time since last request: 0.000085 seconds.
  path: Assets/npc_casual_set_00/MaterialsUPR/mtl_npc_csl_shoe_01_00_01bw.mat
  artifactKey: Guid(39259961146f2b740b3305b390fcfc2c) Importer(815301076,1909f56bfc062723c751e8b465ee728b)
Start importing Assets/npc_casual_set_00/MaterialsUPR/mtl_npc_csl_shoe_01_00_01bw.mat using Guid(39259961146f2b740b3305b390fcfc2c) Importer(815301076,1909f56bfc062723c751e8b465ee728b) (PreviewImporter) -> (artifact id: 'a19145a343915249d99a23925577139f') in 0.0993992 seconds
Number of updated asset objects reloaded before import = 0Number of asset objects unloaded after import = 5

Editor requested this worker to shutdown with reason: Scaling down because of idle timeout
AssetImportWorker is now disconnected from the server
Process exiting
Exiting without the bug reporter. Application will terminate with return code 0